<?xml version="1.0" encoding="UTF-8"?>
<robot generator="Robot 7.0 (Python 3.11.1 on win32)" generated="2026-04-10T11:22:26.926572" rpa="false" schemaversion="5">
<suite id="s1" name="Usuarios" source="C:\Users\EduardoNevesdeSouza\Desktop\serveRest-qa-reorganizado\challenge04-genai\tests\usuarios.robot">
<kw name="Iniciar Sessao API" owner="api" type="SETUP">
<kw name="Create Session" owner="RequestsLibrary">
<msg time="2026-04-10T11:22:27.624604" level="INFO">Creating Session using : alias=serverest, url=https://compassuol.serverest.dev, headers={},                     cookies={}, auth=None, timeout=None, proxies=None, verify=True,                     debug=0 </msg>
<arg>${SESSION}</arg>
<arg>${BASE_URL}</arg>
<arg>verify=True</arg>
<doc>Create Session: create a HTTP session to a server</doc>
<status status="PASS" start="2026-04-10T11:22:27.623371" elapsed="0.001233"/>
</kw>
<kw name="Set Suite Variable" owner="BuiltIn">
<msg time="2026-04-10T11:22:27.625113" level="INFO">@{USUARIOS_CRIADOS} = [ ]</msg>
<arg>@{USUARIOS_CRIADOS}</arg>
<arg>@{EMPTY}</arg>
<doc>Makes a variable available everywhere within the scope of the current suite.</doc>
<status status="PASS" start="2026-04-10T11:22:27.625113" elapsed="0.000000"/>
</kw>
<doc>Abre sessão HTTP com a API e inicializa lista de cleanup.</doc>
<status status="PASS" start="2026-04-10T11:22:27.621363" elapsed="0.003750"/>
</kw>
<test id="s1-t1" name="CT-U01 - Criar usuario administrador com dados validos" line="32">
<kw name="Criar Usuario Admin" owner="keywords">
<kw name="Criar Usuario" owner="keywords">
<kw name="Gerar Dados Fake De Usuario" owner="keywords">
<kw name="Name" owner="FakerLibrary">
<msg time="2026-04-10T11:22:27.626496" level="INFO">${nome} = Darrell Lee</msg>
<var>${nome}</var>
<doc>:example: 'John Doe'</doc>
<status status="PASS" start="2026-04-10T11:22:27.626496" elapsed="0.000000"/>
</kw>
<kw name="Email" owner="FakerLibrary">
<msg time="2026-04-10T11:22:27.626496" level="INFO">${email} = cvelasquez@example.net</msg>
<var>${email}</var>
<status status="PASS" start="2026-04-10T11:22:27.626496" elapsed="0.000000"/>
</kw>
<return>
<value>${nome}</value>
<value>${email}</value>
<status status="PASS" start="2026-04-10T11:22:27.626496" elapsed="0.000000"/>
</return>
<msg time="2026-04-10T11:22:27.629741" level="INFO">${nome} = Darrell Lee</msg>
<msg time="2026-04-10T11:22:27.629741" level="INFO">${email} = cvelasquez@example.net</msg>
<var>${nome}</var>
<var>${email}</var>
<doc>Gera nome e email únicos via FakerLibrary.
Retorna: nome, email</doc>
<status status="PASS" start="2026-04-10T11:22:27.626496" elapsed="0.003245"/>
</kw>
<kw name="Montar Body De Usuario" owner="keywords">
<kw name="Create Dictionary" owner="BuiltIn">
<msg time="2026-04-10T11:22:27.629741" level="INFO">${body} = {'nome': 'Darrell Lee', 'email': 'cvelasquez@example.net', 'password': 'Test@123', 'administrador': 'true'}</msg>
<var>${body}</var>
<arg>nome=${nome}</arg>
<arg>email=${email}</arg>
<arg>password=${password}</arg>
<arg>administrador=${administrador}</arg>
<doc>Creates and returns a dictionary based on the given ``items``.</doc>
<status status="PASS" start="2026-04-10T11:22:27.629741" elapsed="0.000000"/>
</kw>
<return>
<value>${body}</value>
<status status="PASS" start="2026-04-10T11:22:27.629741" elapsed="0.000000"/>
</return>
<msg time="2026-04-10T11:22:27.629741" level="INFO">${body} = {'nome': 'Darrell Lee', 'email': 'cvelasquez@example.net', 'password': 'Test@123', 'administrador': 'true'}</msg>
<var>${body}</var>
<arg>${nome}</arg>
<arg>${email}</arg>
<arg>administrador=${administrador}</arg>
<doc>Constrói payload JSON para POST/PUT /usuarios.
Argumentos: nome, email, password, administrador.</doc>
<status status="PASS" start="2026-04-10T11:22:27.629741" elapsed="0.000000"/>
</kw>
<kw name="POST On Session" owner="RequestsLibrary">
<msg time="2026-04-10T11:22:28.314696" level="INFO">POST Request : url=https://compassuol.serverest.dev/usuarios 
 path_url=/usuarios 
 headers={'User-Agent': 'python-requests/2.31.0', 'Accept-Encoding': 'gzip, deflate', 'Accept': '*/*', 'Connection': 'keep-alive', 'Content-Length': '107', 'Content-Type': 'application/json'} 
 body=b'{"nome": "Darrell Lee", "email": "cvelasquez@example.net", "password": "Test@123", "administrador": "true"}' 
 </msg>
<msg time="2026-04-10T11:22:28.317303" level="INFO">POST Response : url=https://compassuol.serverest.dev/usuarios 
 status=201, reason=Created 
 headers={'access-control-allow-origin': '*', 'x-dns-prefetch-control': 'off', 'x-frame-options': 'SAMEORIGIN', 'strict-transport-security': 'max-age=15552000; includeSubDomains', 'x-download-options': 'noopen', 'x-content-type-options': 'nosniff', 'x-xss-protection': '1; mode=block', 'content-type': 'application/json; charset=utf-8', 'x-cloud-trace-context': '6b485e34f16030134416b67997ccac55;o=1', 'date': 'Fri, 10 Apr 2026 14:22:24 GMT', 'server': 'Google Frontend', 'Content-Length': '82'} 
 body={
    "message": "Cadastro realizado com sucesso",
    "_id": "IQgnaFuQlE9bYblB"
} 
 </msg>
<msg time="2026-04-10T11:22:28.317303" level="INFO">${resp} = &lt;Response [201]&gt;</msg>
<var>${resp}</var>
<arg>${SESSION}</arg>
<arg>/usuarios</arg>
<arg>json=${body}</arg>
<arg>expected_status=any</arg>
<doc>Sends a POST request on a previously created HTTP Session.</doc>
<status status="PASS" start="2026-04-10T11:22:27.629741" elapsed="0.687562"/>
</kw>
<if>
<branch type="IF" condition="${resp.status_code} == 201">
<kw name="Append To List" owner="Collections">
<arg>${USUARIOS_CRIADOS}</arg>
<arg>${resp.json()}[_id]</arg>
<doc>Adds ``values`` to the end of ``list``.</doc>
<status status="PASS" start="2026-04-10T11:22:28.317303" elapsed="0.000000"/>
</kw>
<status status="PASS" start="2026-04-10T11:22:28.317303" elapsed="0.000000"/>
</branch>
<status status="PASS" start="2026-04-10T11:22:28.317303" elapsed="0.000000"/>
</if>
<return>
<value>${resp}</value>
<value>${email}</value>
<status status="PASS" start="2026-04-10T11:22:28.317303" elapsed="0.000000"/>
</return>
<msg time="2026-04-10T11:22:28.317303" level="INFO">${resp} = &lt;Response [201]&gt;</msg>
<msg time="2026-04-10T11:22:28.317303" level="INFO">${email} = cvelasquez@example.net</msg>
<var>${resp}</var>
<var>${email}</var>
<arg>administrador=${ADMIN_FLAG}</arg>
<doc>POST /usuarios com perfil configurável.
Registra _id em USUARIOS_CRIADOS para cleanup automático.
Retorna: response, email</doc>
<status status="PASS" start="2026-04-10T11:22:27.626496" elapsed="0.690807"/>
</kw>
<return>
<value>${resp}</value>
<value>${email}</value>
<status status="PASS" start="2026-04-10T11:22:28.317303" elapsed="0.000000"/>
</return>
<msg time="2026-04-10T11:22:28.317303" level="INFO">${resp} = &lt;Response [201]&gt;</msg>
<msg time="2026-04-10T11:22:28.317303" level="INFO">${email} = cvelasquez@example.net</msg>
<var>${resp}</var>
<var>${email}</var>
<doc>Atalho para criar usuário com perfil administrador (administrador=true).</doc>
<status status="PASS" start="2026-04-10T11:22:27.626496" elapsed="0.690807"/>
</kw>
<kw name="Validar Status Code" owner="keywords">
<kw name="Should Be Equal As Numbers" owner="BuiltIn">
<msg time="2026-04-10T11:22:28.324905" level="INFO">Argument types are:
&lt;class 'int'&gt;
&lt;class 'str'&gt;</msg>
<arg>${resp.status_code}</arg>
<arg>${status_esperado}</arg>
<doc>Fails if objects are unequal after converting them to real numbers.</doc>
<status status="PASS" start="2026-04-10T11:22:28.317303" elapsed="0.007602"/>
</kw>
<arg>${resp}</arg>
<arg>201</arg>
<doc>Confirma que o status HTTP bate com o esperado.</doc>
<status status="PASS" start="2026-04-10T11:22:28.317303" elapsed="0.007602"/>
</kw>
<kw name="Validar Campo Id Presente" owner="keywords">
<kw name="Dictionary Should Contain Key" owner="Collections">
<msg time="2026-04-10T11:22:28.324905" level="INFO">False</msg>
<arg>${resp.json()}</arg>
<arg>_id</arg>
<doc>Fails if ``key`` is not found from ``dictionary``.</doc>
<status status="PASS" start="2026-04-10T11:22:28.324905" elapsed="0.000000"/>
</kw>
<kw name="Should Not Be Empty" owner="BuiltIn">
<msg time="2026-04-10T11:22:28.324905" level="INFO">Length is 16.</msg>
<arg>${resp.json()}[_id]</arg>
<doc>Verifies that the given item is not empty.</doc>
<status status="PASS" start="2026-04-10T11:22:28.324905" elapsed="0.000000"/>
</kw>
<arg>${resp}</arg>
<doc>Confirma que "_id" existe no JSON e não é vazio.</doc>
<status status="PASS" start="2026-04-10T11:22:28.324905" elapsed="0.000000"/>
</kw>
<kw name="Validar Mensagem Exata" owner="keywords">
<kw name="Should Be Equal As Strings" owner="BuiltIn">
<arg>${resp.json()}[message]</arg>
<arg>${message_esperada}</arg>
<doc>Fails if objects are unequal after converting them to strings.</doc>
<status status="PASS" start="2026-04-10T11:22:28.324905" elapsed="0.007107"/>
</kw>
<arg>${resp}</arg>
<arg>${MSG_CADASTRO_OK}</arg>
<doc>Confirma que o campo "message" do JSON é exatamente o esperado.</doc>
<status status="PASS" start="2026-04-10T11:22:28.324905" elapsed="0.007107"/>
</kw>
<kw name="Set Variable" owner="BuiltIn">
<msg time="2026-04-10T11:22:28.335140" level="INFO">${id} = IQgnaFuQlE9bYblB</msg>
<var>${id}</var>
<arg>${resp.json()}[_id]</arg>
<doc>Returns the given values which can then be assigned to a variables.</doc>
<status status="PASS" start="2026-04-10T11:22:28.333505" elapsed="0.001635"/>
</kw>
<kw name="Validar Persistencia Do Usuario" owner="keywords">
<kw name="Buscar Usuario Por Id" owner="keywords">
<kw name="GET On Session" owner="RequestsLibrary">
<msg time="2026-04-10T11:22:28.543055" level="INFO">GET Request : url=https://compassuol.serverest.dev/usuarios/IQgnaFuQlE9bYblB 
 path_url=/usuarios/IQgnaFuQlE9bYblB 
 headers={'User-Agent': 'python-requests/2.31.0', 'Accept-Encoding': 'gzip, deflate', 'Accept': '*/*', 'Connection': 'keep-alive'} 
 body=None 
 </msg>
<msg time="2026-04-10T11:22:28.543055" level="INFO">GET Response : url=https://compassuol.serverest.dev/usuarios/IQgnaFuQlE9bYblB 
 status=200, reason=OK 
 headers={'access-control-allow-origin': '*', 'x-dns-prefetch-control': 'off', 'x-frame-options': 'SAMEORIGIN', 'strict-transport-security': 'max-age=15552000; includeSubDomains', 'x-download-options': 'noopen', 'x-content-type-options': 'nosniff', 'x-xss-protection': '1; mode=block', 'content-type': 'application/json; charset=utf-8', 'x-cloud-trace-context': '3b9154bc55c3e3754416b67997ccacf3', 'date': 'Fri, 10 Apr 2026 14:22:25 GMT', 'server': 'Google Frontend', 'Content-Length': '156'} 
 body={
    "nome": "Darrell Lee",
    "email": "cvelasquez@example.net",
    "password": "Test@123",
    "administrador": "true",
    "_id": "IQgnaFuQlE9bYblB"
} 
 </msg>
<msg time="2026-04-10T11:22:28.543055" level="INFO">${resp} = &lt;Response [200]&gt;</msg>
<var>${resp}</var>
<arg>${SESSION}</arg>
<arg>/usuarios/${id}</arg>
<arg>expected_status=any</arg>
<doc>Sends a GET request on a previously created HTTP Session.</doc>
<status status="PASS" start="2026-04-10T11:22:28.335763" elapsed="0.207292"/>
</kw>
<return>
<value>${resp}</value>
<status status="PASS" start="2026-04-10T11:22:28.543055" elapsed="0.000000"/>
</return>
<msg time="2026-04-10T11:22:28.543055" level="INFO">${get} = &lt;Response [200]&gt;</msg>
<var>${get}</var>
<arg>${id}</arg>
<doc>GET /usuarios/{id} — retorna response completo.</doc>
<status status="PASS" start="2026-04-10T11:22:28.335763" elapsed="0.207292"/>
</kw>
<kw name="Should Be Equal As Numbers" owner="BuiltIn">
<msg time="2026-04-10T11:22:28.545949" level="INFO">Argument types are:
&lt;class 'int'&gt;
&lt;class 'str'&gt;</msg>
<arg>${get.status_code}</arg>
<arg>200</arg>
<doc>Fails if objects are unequal after converting them to real numbers.</doc>
<status status="PASS" start="2026-04-10T11:22:28.545949" elapsed="0.000000"/>
</kw>
<kw name="Should Be Equal As Strings" owner="BuiltIn">
<arg>${get.json()}[email]</arg>
<arg>${email_esperado}</arg>
<doc>Fails if objects are unequal after converting them to strings.</doc>
<status status="PASS" start="2026-04-10T11:22:28.545949" elapsed="0.002012"/>
</kw>
<arg>${id}</arg>
<arg>${email}</arg>
<doc>Faz GET /usuarios/{id} e confirma que o email bate com o criado.
Útil para garantir que o recurso foi de fato persistido.</doc>
<status status="PASS" start="2026-04-10T11:22:28.335763" elapsed="0.212198"/>
</kw>
<kw name="Buscar Usuario Por Id" owner="keywords">
<kw name="GET On Session" owner="RequestsLibrary">
<msg time="2026-04-10T11:22:28.757988" level="INFO">GET Request : url=https://compassuol.serverest.dev/usuarios/IQgnaFuQlE9bYblB 
 path_url=/usuarios/IQgnaFuQlE9bYblB 
 headers={'User-Agent': 'python-requests/2.31.0', 'Accept-Encoding': 'gzip, deflate', 'Accept': '*/*', 'Connection': 'keep-alive'} 
 body=None 
 </msg>
<msg time="2026-04-10T11:22:28.757988" level="INFO">GET Response : url=https://compassuol.serverest.dev/usuarios/IQgnaFuQlE9bYblB 
 status=200, reason=OK 
 headers={'access-control-allow-origin': '*', 'x-dns-prefetch-control': 'off', 'x-frame-options': 'SAMEORIGIN', 'strict-transport-security': 'max-age=15552000; includeSubDomains', 'x-download-options': 'noopen', 'x-content-type-options': 'nosniff', 'x-xss-protection': '1; mode=block', 'content-type': 'application/json; charset=utf-8', 'x-cloud-trace-context': '589f933dcd25febf4416b67997cca9a1', 'date': 'Fri, 10 Apr 2026 14:22:25 GMT', 'server': 'Google Frontend', 'Content-Length': '156'} 
 body={
    "nome": "Darrell Lee",
    "email": "cvelasquez@example.net",
    "password": "Test@123",
    "administrador": "true",
    "_id": "IQgnaFuQlE9bYblB"
} 
 </msg>
<msg time="2026-04-10T11:22:28.757988" level="INFO">${resp} = &lt;Response [200]&gt;</msg>
<var>${resp}</var>
<arg>${SESSION}</arg>
<arg>/usuarios/${id}</arg>
<arg>expected_status=any</arg>
<doc>Sends a GET request on a previously created HTTP Session.</doc>
<status status="PASS" start="2026-04-10T11:22:28.548466" elapsed="0.209522"/>
</kw>
<return>
<value>${resp}</value>
<status status="PASS" start="2026-04-10T11:22:28.757988" elapsed="0.000000"/>
</return>
<msg time="2026-04-10T11:22:28.757988" level="INFO">${get} = &lt;Response [200]&gt;</msg>
<var>${get}</var>
<arg>${id}</arg>
<doc>GET /usuarios/{id} — retorna response completo.</doc>
<status status="PASS" start="2026-04-10T11:22:28.548466" elapsed="0.209522"/>
</kw>
<kw name="Should Be Equal As Strings" owner="BuiltIn">
<arg>${get.json()}[administrador]</arg>
<arg>true</arg>
<doc>Fails if objects are unequal after converting them to strings.</doc>
<status status="PASS" start="2026-04-10T11:22:28.762413" elapsed="0.000000"/>
</kw>
<doc>Verifica que POST /usuarios cria um administrador com sucesso.
Confirma status 201, presença de _id, message exata e persistência via GET.</doc>
<tag>CT-U01</tag>
<tag>positivo</tag>
<tag>usuario</tag>
<status status="PASS" start="2026-04-10T11:22:27.625113" elapsed="1.137300"/>
</test>
<test id="s1-t2" name="CT-U02 - Rejeitar criacao de usuario com email ja cadastrado" line="58">
<kw name="Criar Usuario Admin" owner="keywords">
<kw name="Criar Usuario" owner="keywords">
<kw name="Gerar Dados Fake De Usuario" owner="keywords">
<kw name="Name" owner="FakerLibrary">
<msg time="2026-04-10T11:22:28.762413" level="INFO">${nome} = Brian Reid</msg>
<var>${nome}</var>
<doc>:example: 'John Doe'</doc>
<status status="PASS" start="2026-04-10T11:22:28.762413" elapsed="0.000000"/>
</kw>
<kw name="Email" owner="FakerLibrary">
<msg time="2026-04-10T11:22:28.762413" level="INFO">${email} = omorris@example.net</msg>
<var>${email}</var>
<status status="PASS" start="2026-04-10T11:22:28.762413" elapsed="0.000000"/>
</kw>
<return>
<value>${nome}</value>
<value>${email}</value>
<status status="PASS" start="2026-04-10T11:22:28.762413" elapsed="0.000000"/>
</return>
<msg time="2026-04-10T11:22:28.762413" level="INFO">${nome} = Brian Reid</msg>
<msg time="2026-04-10T11:22:28.762413" level="INFO">${email} = omorris@example.net</msg>
<var>${nome}</var>
<var>${email}</var>
<doc>Gera nome e email únicos via FakerLibrary.
Retorna: nome, email</doc>
<status status="PASS" start="2026-04-10T11:22:28.762413" elapsed="0.000000"/>
</kw>
<kw name="Montar Body De Usuario" owner="keywords">
<kw name="Create Dictionary" owner="BuiltIn">
<msg time="2026-04-10T11:22:28.762413" level="INFO">${body} = {'nome': 'Brian Reid', 'email': 'omorris@example.net', 'password': 'Test@123', 'administrador': 'true'}</msg>
<var>${body}</var>
<arg>nome=${nome}</arg>
<arg>email=${email}</arg>
<arg>password=${password}</arg>
<arg>administrador=${administrador}</arg>
<doc>Creates and returns a dictionary based on the given ``items``.</doc>
<status status="PASS" start="2026-04-10T11:22:28.762413" elapsed="0.000000"/>
</kw>
<return>
<value>${body}</value>
<status status="PASS" start="2026-04-10T11:22:28.762413" elapsed="0.000000"/>
</return>
<msg time="2026-04-10T11:22:28.762413" level="INFO">${body} = {'nome': 'Brian Reid', 'email': 'omorris@example.net', 'password': 'Test@123', 'administrador': 'true'}</msg>
<var>${body}</var>
<arg>${nome}</arg>
<arg>${email}</arg>
<arg>administrador=${administrador}</arg>
<doc>Constrói payload JSON para POST/PUT /usuarios.
Argumentos: nome, email, password, administrador.</doc>
<status status="PASS" start="2026-04-10T11:22:28.762413" elapsed="0.000000"/>
</kw>
<kw name="POST On Session" owner="RequestsLibrary">
<msg time="2026-04-10T11:22:28.957419" level="INFO">POST Request : url=https://compassuol.serverest.dev/usuarios 
 path_url=/usuarios 
 headers={'User-Agent': 'python-requests/2.31.0', 'Accept-Encoding': 'gzip, deflate', 'Accept': '*/*', 'Connection': 'keep-alive', 'Content-Length': '103', 'Content-Type': 'application/json'} 
 body=b'{"nome": "Brian Reid", "email": "omorris@example.net", "password": "Test@123", "administrador": "true"}' 
 </msg>
<msg time="2026-04-10T11:22:28.957853" level="INFO">POST Response : url=https://compassuol.serverest.dev/usuarios 
 status=201, reason=Created 
 headers={'access-control-allow-origin': '*', 'x-dns-prefetch-control': 'off', 'x-frame-options': 'SAMEORIGIN', 'strict-transport-security': 'max-age=15552000; includeSubDomains', 'x-download-options': 'noopen', 'x-content-type-options': 'nosniff', 'x-xss-protection': '1; mode=block', 'content-type': 'application/json; charset=utf-8', 'x-cloud-trace-context': '11725d671c476fcc4416b67997cca1f0', 'date': 'Fri, 10 Apr 2026 14:22:25 GMT', 'server': 'Google Frontend', 'Content-Length': '82'} 
 body={
    "message": "Cadastro realizado com sucesso",
    "_id": "cqa8PfjMA9Q5JSSi"
} 
 </msg>
<msg time="2026-04-10T11:22:28.957853" level="INFO">${resp} = &lt;Response [201]&gt;</msg>
<var>${resp}</var>
<arg>${SESSION}</arg>
<arg>/usuarios</arg>
<arg>json=${body}</arg>
<arg>expected_status=any</arg>
<doc>Sends a POST request on a previously created HTTP Session.</doc>
<status status="PASS" start="2026-04-10T11:22:28.762413" elapsed="0.195440"/>
</kw>
<if>
<branch type="IF" condition="${resp.status_code} == 201">
<kw name="Append To List" owner="Collections">
<arg>${USUARIOS_CRIADOS}</arg>
<arg>${resp.json()}[_id]</arg>
<doc>Adds ``values`` to the end of ``list``.</doc>
<status status="PASS" start="2026-04-10T11:22:28.958698" elapsed="0.000000"/>
</kw>
<status status="PASS" start="2026-04-10T11:22:28.958215" elapsed="0.000483"/>
</branch>
<status status="PASS" start="2026-04-10T11:22:28.957853" elapsed="0.000845"/>
</if>
<return>
<value>${resp}</value>
<value>${email}</value>
<status status="PASS" start="2026-04-10T11:22:28.958698" elapsed="0.000000"/>
</return>
<msg time="2026-04-10T11:22:28.958698" level="INFO">${resp} = &lt;Response [201]&gt;</msg>
<msg time="2026-04-10T11:22:28.958698" level="INFO">${email} = omorris@example.net</msg>
<var>${resp}</var>
<var>${email}</var>
<arg>administrador=${ADMIN_FLAG}</arg>
<doc>POST /usuarios com perfil configurável.
Registra _id em USUARIOS_CRIADOS para cleanup automático.
Retorna: response, email</doc>
<status status="PASS" start="2026-04-10T11:22:28.762413" elapsed="0.196285"/>
</kw>
<return>
<value>${resp}</value>
<value>${email}</value>
<status status="PASS" start="2026-04-10T11:22:28.958698" elapsed="0.000000"/>
</return>
<msg time="2026-04-10T11:22:28.958698" level="INFO">${resp1} = &lt;Response [201]&gt;</msg>
<msg time="2026-04-10T11:22:28.958698" level="INFO">${email} = omorris@example.net</msg>
<var>${resp1}</var>
<var>${email}</var>
<doc>Atalho para criar usuário com perfil administrador (administrador=true).</doc>
<status status="PASS" start="2026-04-10T11:22:28.762413" elapsed="0.196285"/>
</kw>
<kw name="Validar Status Code" owner="keywords">
<kw name="Should Be Equal As Numbers" owner="BuiltIn">
<msg time="2026-04-10T11:22:28.958698" level="INFO">Argument types are:
&lt;class 'int'&gt;
&lt;class 'str'&gt;</msg>
<arg>${resp.status_code}</arg>
<arg>${status_esperado}</arg>
<doc>Fails if objects are unequal after converting them to real numbers.</doc>
<status status="PASS" start="2026-04-10T11:22:28.958698" elapsed="0.000000"/>
</kw>
<arg>${resp1}</arg>
<arg>201</arg>
<doc>Confirma que o status HTTP bate com o esperado.</doc>
<status status="PASS" start="2026-04-10T11:22:28.958698" elapsed="0.000000"/>
</kw>
<kw name="Name" owner="FakerLibrary">
<msg time="2026-04-10T11:22:28.958698" level="INFO">${nome2} = Deanna Lawrence</msg>
<var>${nome2}</var>
<doc>:example: 'John Doe'</doc>
<status status="PASS" start="2026-04-10T11:22:28.958698" elapsed="0.000000"/>
</kw>
<kw name="Montar Body De Usuario" owner="keywords">
<kw name="Create Dictionary" owner="BuiltIn">
<msg time="2026-04-10T11:22:28.958698" level="INFO">${body} = {'nome': 'Deanna Lawrence', 'email': 'omorris@example.net', 'password': 'Test@123', 'administrador': 'false'}</msg>
<var>${body}</var>
<arg>nome=${nome}</arg>
<arg>email=${email}</arg>
<arg>password=${password}</arg>
<arg>administrador=${administrador}</arg>
<doc>Creates and returns a dictionary based on the given ``items``.</doc>
<status status="PASS" start="2026-04-10T11:22:28.958698" elapsed="0.000000"/>
</kw>
<return>
<value>${body}</value>
<status status="PASS" start="2026-04-10T11:22:28.958698" elapsed="0.000000"/>
</return>
<msg time="2026-04-10T11:22:28.958698" level="INFO">${body2} = {'nome': 'Deanna Lawrence', 'email': 'omorris@example.net', 'password': 'Test@123', 'administrador': 'false'}</msg>
<var>${body2}</var>
<arg>${nome2}</arg>
<arg>${email}</arg>
<arg>administrador=${USER_FLAG}</arg>
<doc>Constrói payload JSON para POST/PUT /usuarios.
Argumentos: nome, email, password, administrador.</doc>
<status status="PASS" start="2026-04-10T11:22:28.958698" elapsed="0.000000"/>
</kw>
<kw name="Criar Usuario Com Body Customizado" owner="keywords">
<kw name="POST On Session" owner="RequestsLibrary">
<msg time="2026-04-10T11:22:29.169543" level="INFO">POST Request : url=https://compassuol.serverest.dev/usuarios 
 path_url=/usuarios 
 headers={'User-Agent': 'python-requests/2.31.0', 'Accept-Encoding': 'gzip, deflate', 'Accept': '*/*', 'Connection': 'keep-alive', 'Content-Length': '109', 'Content-Type': 'application/json'} 
 body=b'{"nome": "Deanna Lawrence", "email": "omorris@example.net", "password": "Test@123", "administrador": "false"}' 
 </msg>
<msg time="2026-04-10T11:22:29.169543" level="INFO">POST Response : url=https://compassuol.serverest.dev/usuarios 
 status=400, reason=Bad Request 
 headers={'access-control-allow-origin': '*', 'x-dns-prefetch-control': 'off', 'x-frame-options': 'SAMEORIGIN', 'strict-transport-security': 'max-age=15552000; includeSubDomains', 'x-download-options': 'noopen', 'x-content-type-options': 'nosniff', 'x-xss-protection': '1; mode=block', 'content-type': 'application/json; charset=utf-8', 'x-cloud-trace-context': '17933ac7c8a8f1fe4416b67997cca8ac', 'date': 'Fri, 10 Apr 2026 14:22:25 GMT', 'server': 'Google Frontend', 'Content-Length': '53'} 
 body={
    "message": "Este email já está sendo usado"
} 
 </msg>
<msg time="2026-04-10T11:22:29.169543" level="INFO">${resp} = &lt;Response [400]&gt;</msg>
<var>${resp}</var>
<arg>${SESSION}</arg>
<arg>/usuarios</arg>
<arg>json=${body}</arg>
<arg>expected_status=any</arg>
<doc>Sends a POST request on a previously created HTTP Session.</doc>
<status status="PASS" start="2026-04-10T11:22:28.963528" elapsed="0.206015"/>
</kw>
<if>
<branch type="IF" condition="${resp.status_code} == 201">
<kw name="Append To List" owner="Collections">
<arg>${USUARIOS_CRIADOS}</arg>
<arg>${resp.json()}[_id]</arg>
<doc>Adds ``values`` to the end of ``list``.</doc>
<status status="NOT RUN" start="2026-04-10T11:22:29.169543" elapsed="0.000000"/>
</kw>
<status status="NOT RUN" start="2026-04-10T11:22:29.169543" elapsed="0.000000"/>
</branch>
<status status="PASS" start="2026-04-10T11:22:29.169543" elapsed="0.000000"/>
</if>
<return>
<value>${resp}</value>
<status status="PASS" start="2026-04-10T11:22:29.169543" elapsed="0.000000"/>
</return>
<msg time="2026-04-10T11:22:29.169543" level="INFO">${resp2} = &lt;Response [400]&gt;</msg>
<var>${resp2}</var>
<arg>${body2}</arg>
<doc>POST /usuarios com payload arbitrário (para cenários negativos).
Registra _id em USUARIOS_CRIADOS se a resposta for 201.
Retorna: response</doc>
<status status="PASS" start="2026-04-10T11:22:28.958698" elapsed="0.210845"/>
</kw>
<kw name="Validar Status E Mensagem" owner="keywords">
<kw name="Validar Status Code" owner="keywords">
<kw name="Should Be Equal As Numbers" owner="BuiltIn">
<msg time="2026-04-10T11:22:29.175766" level="INFO">Argument types are:
&lt;class 'int'&gt;
&lt;class 'str'&gt;</msg>
<arg>${resp.status_code}</arg>
<arg>${status_esperado}</arg>
<doc>Fails if objects are unequal after converting them to real numbers.</doc>
<status status="PASS" start="2026-04-10T11:22:29.175766" elapsed="0.000000"/>
</kw>
<arg>${resp}</arg>
<arg>${status_esperado}</arg>
<doc>Confirma que o status HTTP bate com o esperado.</doc>
<status status="PASS" start="2026-04-10T11:22:29.174697" elapsed="0.001069"/>
</kw>
<kw name="Validar Mensagem Exata" owner="keywords">
<kw name="Should Be Equal As Strings" owner="BuiltIn">
<arg>${resp.json()}[message]</arg>
<arg>${message_esperada}</arg>
<doc>Fails if objects are unequal after converting them to strings.</doc>
<status status="PASS" start="2026-04-10T11:22:29.175766" elapsed="0.000000"/>
</kw>
<arg>${resp}</arg>
<arg>${message_esperada}</arg>
<doc>Confirma que o campo "message" do JSON é exatamente o esperado.</doc>
<status status="PASS" start="2026-04-10T11:22:29.175766" elapsed="0.000000"/>
</kw>
<arg>${resp2}</arg>
<arg>400</arg>
<arg>${MSG_EMAIL_DUPLICADO}</arg>
<doc>Combinação: valida status HTTP + campo message exato.</doc>
<status status="PASS" start="2026-04-10T11:22:29.169543" elapsed="0.006223"/>
</kw>
<kw name="Validar Unicidade Do Email" owner="keywords">
<kw name="Create Dictionary" owner="BuiltIn">
<msg time="2026-04-10T11:22:29.181766" level="INFO">${params} = {'email': 'omorris@example.net'}</msg>
<var>${params}</var>
<arg>email=${email}</arg>
<doc>Creates and returns a dictionary based on the given ``items``.</doc>
<status status="PASS" start="2026-04-10T11:22:29.181766" elapsed="0.000000"/>
</kw>
<kw name="Buscar Usuarios Com Filtro" owner="keywords">
<kw name="GET On Session" owner="RequestsLibrary">
<msg time="2026-04-10T11:22:29.373159" level="INFO">GET Request : url=https://compassuol.serverest.dev/usuarios?email=omorris%40example.net 
 path_url=/usuarios?email=omorris%40example.net 
 headers={'User-Agent': 'python-requests/2.31.0', 'Accept-Encoding': 'gzip, deflate', 'Accept': '*/*', 'Connection': 'keep-alive'} 
 body=None 
 </msg>
<msg time="2026-04-10T11:22:29.373159" level="INFO">GET Response : url=https://compassuol.serverest.dev/usuarios?email=omorris%40example.net 
 status=200, reason=OK 
 headers={'access-control-allow-origin': '*', 'x-dns-prefetch-control': 'off', 'x-frame-options': 'SAMEORIGIN', 'strict-transport-security': 'max-age=15552000; includeSubDomains', 'x-download-options': 'noopen', 'x-content-type-options': 'nosniff', 'x-xss-protection': '1; mode=block', 'content-type': 'application/json; charset=utf-8', 'x-cloud-trace-context': 'fcbe60926c371d834416b67997ccad92', 'date': 'Fri, 10 Apr 2026 14:22:25 GMT', 'server': 'Google Frontend', 'Content-Length': '257'} 
 body={
    "quantidade": 1,
    "usuarios": [
        {
            "nome": "Brian Reid",
            "email": "omorris@example.net",
            "password": "Test@123",
            "administrador": "true",
            "_id": "cqa8PfjMA9Q5JSSi"
        }
    ]
} 
 </msg>
<msg time="2026-04-10T11:22:29.373159" level="INFO">${resp} = &lt;Response [200]&gt;</msg>
<var>${resp}</var>
<arg>${SESSION}</arg>
<arg>/usuarios</arg>
<arg>params=${params}</arg>
<arg>expected_status=any</arg>
<doc>Sends a GET request on a previously created HTTP Session.</doc>
<status status="PASS" start="2026-04-10T11:22:29.183786" elapsed="0.189373"/>
</kw>
<return>
<value>${resp}</value>
<status status="PASS" start="2026-04-10T11:22:29.373159" elapsed="0.000000"/>
</return>
<msg time="2026-04-10T11:22:29.373159" level="INFO">${get} = &lt;Response [200]&gt;</msg>
<var>${get}</var>
<arg>${params}</arg>
<doc>GET /usuarios com parâmetros de query — retorna response completo.</doc>
<status status="PASS" start="2026-04-10T11:22:29.181766" elapsed="0.191393"/>
</kw>
<kw name="Should Be Equal As Numbers" owner="BuiltIn">
<msg time="2026-04-10T11:22:29.374646" level="INFO">Argument types are:
&lt;class 'int'&gt;
&lt;class 'str'&gt;</msg>
<arg>${get.status_code}</arg>
<arg>200</arg>
<doc>Fails if objects are unequal after converting them to real numbers.</doc>
<status status="PASS" start="2026-04-10T11:22:29.373159" elapsed="0.001487"/>
</kw>
<kw name="Should Be Equal As Numbers" owner="BuiltIn">
<msg time="2026-04-10T11:22:29.374646" level="INFO">Argument types are:
&lt;class 'int'&gt;
&lt;class 'str'&gt;</msg>
<arg>${get.json()}[quantidade]</arg>
<arg>1</arg>
<doc>Fails if objects are unequal after converting them to real numbers.</doc>
<status status="PASS" start="2026-04-10T11:22:29.374646" elapsed="0.001677"/>
</kw>
<arg>${email}</arg>
<doc>Filtra /usuarios por email e confirma que há exatamente 1 registro.
Útil para garantir que email duplicado não criou segundo registro.</doc>
<status status="PASS" start="2026-04-10T11:22:29.175766" elapsed="0.200557"/>
</kw>
<doc>Verifica que o segundo cadastro com o mesmo email é rejeitado com 400.
Confirma message de duplicidade e que o banco contém apenas 1 registro.</doc>
<tag>CT-U02</tag>
<tag>negativo</tag>
<tag>usuario</tag>
<status status="PASS" start="2026-04-10T11:22:28.762413" elapsed="0.613910"/>
</test>
<test id="s1-t3" name="CT-U03 - Rejeitar criacao de usuario sem campo email obrigatorio" line="81">
<kw name="Create Dictionary" owner="BuiltIn">
<msg time="2026-04-10T11:22:29.377885" level="INFO">${body} = {'nome': 'Usuario Sem Email', 'password': 'Test@123', 'administrador': 'true'}</msg>
<var>${body}</var>
<arg>nome=Usuario Sem Email</arg>
<arg>password=${PASSWORD}</arg>
<arg>administrador=${ADMIN_FLAG}</arg>
<doc>Creates and returns a dictionary based on the given ``items``.</doc>
<status status="PASS" start="2026-04-10T11:22:29.377885" elapsed="0.000000"/>
</kw>
<kw name="Criar Usuario Com Body Customizado" owner="keywords">
<kw name="POST On Session" owner="RequestsLibrary">
<msg time="2026-04-10T11:22:29.577945" level="INFO">POST Request : url=https://compassuol.serverest.dev/usuarios 
 path_url=/usuarios 
 headers={'User-Agent': 'python-requests/2.31.0', 'Accept-Encoding': 'gzip, deflate', 'Accept': '*/*', 'Connection': 'keep-alive', 'Content-Length': '78', 'Content-Type': 'application/json'} 
 body=b'{"nome": "Usuario Sem Email", "password": "Test@123", "administrador": "true"}' 
 </msg>
<msg time="2026-04-10T11:22:29.577945" level="INFO">POST Response : url=https://compassuol.serverest.dev/usuarios 
 status=400, reason=Bad Request 
 headers={'access-control-allow-origin': '*', 'x-dns-prefetch-control': 'off', 'x-frame-options': 'SAMEORIGIN', 'strict-transport-security': 'max-age=15552000; includeSubDomains', 'x-download-options': 'noopen', 'x-content-type-options': 'nosniff', 'x-xss-protection': '1; mode=block', 'content-type': 'application/json; charset=utf-8', 'x-cloud-trace-context': 'c7ca6e668a436a194416b67997cca91d', 'date': 'Fri, 10 Apr 2026 14:22:26 GMT', 'server': 'Google Frontend', 'Content-Length': '40'} 
 body={
    "email": "email é obrigatório"
} 
 </msg>
<msg time="2026-04-10T11:22:29.577945" level="INFO">${resp} = &lt;Response [400]&gt;</msg>
<var>${resp}</var>
<arg>${SESSION}</arg>
<arg>/usuarios</arg>
<arg>json=${body}</arg>
<arg>expected_status=any</arg>
<doc>Sends a POST request on a previously created HTTP Session.</doc>
<status status="PASS" start="2026-04-10T11:22:29.379405" elapsed="0.198540"/>
</kw>
<if>
<branch type="IF" condition="${resp.status_code} == 201">
<kw name="Append To List" owner="Collections">
<arg>${USUARIOS_CRIADOS}</arg>
<arg>${resp.json()}[_id]</arg>
<doc>Adds ``values`` to the end of ``list``.</doc>
<status status="NOT RUN" start="2026-04-10T11:22:29.577945" elapsed="0.000000"/>
</kw>
<status status="NOT RUN" start="2026-04-10T11:22:29.577945" elapsed="0.000000"/>
</branch>
<status status="PASS" start="2026-04-10T11:22:29.577945" elapsed="0.000000"/>
</if>
<return>
<value>${resp}</value>
<status status="PASS" start="2026-04-10T11:22:29.577945" elapsed="0.000000"/>
</return>
<msg time="2026-04-10T11:22:29.577945" level="INFO">${resp} = &lt;Response [400]&gt;</msg>
<var>${resp}</var>
<arg>${body}</arg>
<doc>POST /usuarios com payload arbitrário (para cenários negativos).
Registra _id em USUARIOS_CRIADOS se a resposta for 201.
Retorna: response</doc>
<status status="PASS" start="2026-04-10T11:22:29.377885" elapsed="0.200060"/>
</kw>
<kw name="Validar Status Code" owner="keywords">
<kw name="Should Be Equal As Numbers" owner="BuiltIn">
<msg time="2026-04-10T11:22:29.583928" level="INFO">Argument types are:
&lt;class 'int'&gt;
&lt;class 'str'&gt;</msg>
<arg>${resp.status_code}</arg>
<arg>${status_esperado}</arg>
<doc>Fails if objects are unequal after converting them to real numbers.</doc>
<status status="PASS" start="2026-04-10T11:22:29.577945" elapsed="0.005983"/>
</kw>
<arg>${resp}</arg>
<arg>400</arg>
<doc>Confirma que o status HTTP bate com o esperado.</doc>
<status status="PASS" start="2026-04-10T11:22:29.577945" elapsed="0.005983"/>
</kw>
<kw name="Validar Mensagem Contem" owner="keywords">
<kw name="Set Variable" owner="BuiltIn">
<msg time="2026-04-10T11:22:29.583928" level="INFO">${json} = {'email': 'email é obrigatório'}</msg>
<var>${json}</var>
<arg>${resp.json()}</arg>
<doc>Returns the given values which can then be assigned to a variables.</doc>
<status status="PASS" start="2026-04-10T11:22:29.583928" elapsed="0.000000"/>
</kw>
<kw name="Run Keyword And Return Status" owner="BuiltIn">
<kw name="Dictionary Should Contain Key" owner="Collections">
<msg time="2026-04-10T11:22:29.583928" level="INFO">False</msg>
<msg time="2026-04-10T11:22:29.583928" level="FAIL">Dictionary does not contain key 'message'.</msg>
<arg>${json}</arg>
<arg>message</arg>
<doc>Fails if ``key`` is not found from ``dictionary``.</doc>
<status status="FAIL" start="2026-04-10T11:22:29.583928" elapsed="0.000000">Dictionary does not contain key 'message'.</status>
</kw>
<msg time="2026-04-10T11:22:29.583928" level="INFO">${has_message} = False</msg>
<var>${has_message}</var>
<arg>Dictionary Should Contain Key</arg>
<arg>${json}</arg>
<arg>message</arg>
<doc>Runs the given keyword with given arguments and returns the status as a Boolean value.</doc>
<status status="PASS" start="2026-04-10T11:22:29.583928" elapsed="0.000000"/>
</kw>
<if>
<branch type="IF" condition="${has_message}">
<kw name="Should Contain" owner="BuiltIn">
<arg>${json}[message]</arg>
<arg>${trecho}</arg>
<doc>Fails if ``container`` does not contain ``item`` one or more times.</doc>
<status status="NOT RUN" start="2026-04-10T11:22:29.583928" elapsed="0.000000"/>
</kw>
<status status="NOT RUN" start="2026-04-10T11:22:29.583928" elapsed="0.000000"/>
</branch>
<branch type="ELSE">
<kw name="Convert To String" owner="BuiltIn">
<msg time="2026-04-10T11:22:29.583928" level="INFO">${resp_str} = {'email': 'email é obrigatório'}</msg>
<var>${resp_str}</var>
<arg>${json}</arg>
<doc>Converts the given item to a Unicode string.</doc>
<status status="PASS" start="2026-04-10T11:22:29.583928" elapsed="0.000000"/>
</kw>
<kw name="Should Contain" owner="BuiltIn">
<arg>${resp_str}</arg>
<arg>${trecho}</arg>
<doc>Fails if ``container`` does not contain ``item`` one or more times.</doc>
<status status="PASS" start="2026-04-10T11:22:29.583928" elapsed="0.000000"/>
</kw>
<status status="PASS" start="2026-04-10T11:22:29.583928" elapsed="0.000000"/>
</branch>
<status status="PASS" start="2026-04-10T11:22:29.583928" elapsed="0.000000"/>
</if>
<arg>${resp}</arg>
<arg>email</arg>
<doc>Confirma que o campo "message" do JSON contém o trecho esperado.
Se "message" não existir, tenta validar em outros campos da resposta.</doc>
<status status="PASS" start="2026-04-10T11:22:29.583928" elapsed="0.000000"/>
</kw>
<doc>Verifica que payload sem o campo obrigatório "email" retorna 400.
A message deve mencionar o campo ausente.</doc>
<tag>CT-U03</tag>
<tag>negativo</tag>
<tag>usuario</tag>
<status status="PASS" start="2026-04-10T11:22:29.377885" elapsed="0.206043"/>
</test>
<test id="s1-t4" name="CT-U09 - GET usuarios com filtro de email inexistente retorna lista vazia" line="100">
<kw name="Create Dictionary" owner="BuiltIn">
<msg time="2026-04-10T11:22:29.592348" level="INFO">${params} = {'email': 'naoexiste_faker_unico_xyz@invalid.com.br'}</msg>
<var>${params}</var>
<arg>email=naoexiste_faker_unico_xyz@invalid.com.br</arg>
<doc>Creates and returns a dictionary based on the given ``items``.</doc>
<status status="PASS" start="2026-04-10T11:22:29.592348" elapsed="0.000000"/>
</kw>
<kw name="Buscar Usuarios Com Filtro" owner="keywords">
<kw name="GET On Session" owner="RequestsLibrary">
<msg time="2026-04-10T11:22:29.775217" level="INFO">GET Request : url=https://compassuol.serverest.dev/usuarios?email=naoexiste_faker_unico_xyz%40invalid.com.br 
 path_url=/usuarios?email=naoexiste_faker_unico_xyz%40invalid.com.br 
 headers={'User-Agent': 'python-requests/2.31.0', 'Accept-Encoding': 'gzip, deflate', 'Accept': '*/*', 'Connection': 'keep-alive'} 
 body=None 
 </msg>
<msg time="2026-04-10T11:22:29.775217" level="INFO">GET Response : url=https://compassuol.serverest.dev/usuarios?email=naoexiste_faker_unico_xyz%40invalid.com.br 
 status=200, reason=OK 
 headers={'access-control-allow-origin': '*', 'x-dns-prefetch-control': 'off', 'x-frame-options': 'SAMEORIGIN', 'strict-transport-security': 'max-age=15552000; includeSubDomains', 'x-download-options': 'noopen', 'x-content-type-options': 'nosniff', 'x-xss-protection': '1; mode=block', 'content-type': 'application/json; charset=utf-8', 'x-cloud-trace-context': '25ac82b4f1a11bd44416b67997ccaa57', 'date': 'Fri, 10 Apr 2026 14:22:26 GMT', 'server': 'Google Frontend', 'Content-Length': '43'} 
 body={
    "quantidade": 0,
    "usuarios": []
} 
 </msg>
<msg time="2026-04-10T11:22:29.775217" level="INFO">${resp} = &lt;Response [200]&gt;</msg>
<var>${resp}</var>
<arg>${SESSION}</arg>
<arg>/usuarios</arg>
<arg>params=${params}</arg>
<arg>expected_status=any</arg>
<doc>Sends a GET request on a previously created HTTP Session.</doc>
<status status="PASS" start="2026-04-10T11:22:29.592348" elapsed="0.182869"/>
</kw>
<return>
<value>${resp}</value>
<status status="PASS" start="2026-04-10T11:22:29.775217" elapsed="0.000000"/>
</return>
<msg time="2026-04-10T11:22:29.775217" level="INFO">${resp} = &lt;Response [200]&gt;</msg>
<var>${resp}</var>
<arg>${params}</arg>
<doc>GET /usuarios com parâmetros de query — retorna response completo.</doc>
<status status="PASS" start="2026-04-10T11:22:29.592348" elapsed="0.182869"/>
</kw>
<kw name="Validar Status Code" owner="keywords">
<kw name="Should Be Equal As Numbers" owner="BuiltIn">
<msg time="2026-04-10T11:22:29.786721" level="INFO">Argument types are:
&lt;class 'int'&gt;
&lt;class 'str'&gt;</msg>
<arg>${resp.status_code}</arg>
<arg>${status_esperado}</arg>
<doc>Fails if objects are unequal after converting them to real numbers.</doc>
<status status="PASS" start="2026-04-10T11:22:29.786721" elapsed="0.000000"/>
</kw>
<arg>${resp}</arg>
<arg>200</arg>
<doc>Confirma que o status HTTP bate com o esperado.</doc>
<status status="PASS" start="2026-04-10T11:22:29.775217" elapsed="0.011504"/>
</kw>
<kw name="Validar Lista Vazia" owner="keywords">
<kw name="Should Be Equal As Numbers" owner="BuiltIn">
<msg time="2026-04-10T11:22:29.791835" level="INFO">Argument types are:
&lt;class 'int'&gt;
&lt;class 'str'&gt;</msg>
<arg>${resp.json()}[quantidade]</arg>
<arg>0</arg>
<doc>Fails if objects are unequal after converting them to real numbers.</doc>
<status status="PASS" start="2026-04-10T11:22:29.786721" elapsed="0.005114"/>
</kw>
<kw name="Set Variable" owner="BuiltIn">
<msg time="2026-04-10T11:22:29.791835" level="INFO">${lista} = []</msg>
<var>${lista}</var>
<arg>${resp.json()}[usuarios]</arg>
<doc>Returns the given values which can then be assigned to a variables.</doc>
<status status="PASS" start="2026-04-10T11:22:29.791835" elapsed="0.000000"/>
</kw>
<kw name="Length Should Be" owner="BuiltIn">
<msg time="2026-04-10T11:22:29.794612" level="INFO">Length is 0.</msg>
<arg>${lista}</arg>
<arg>0</arg>
<doc>Verifies that the length of the given item is correct.</doc>
<status status="PASS" start="2026-04-10T11:22:29.794612" elapsed="0.000000"/>
</kw>
<arg>${resp}</arg>
<doc>Confirma que o response possui quantidade=0 e array "usuarios" vazio.</doc>
<status status="PASS" start="2026-04-10T11:22:29.786721" elapsed="0.007891"/>
</kw>
<doc>Verifica que filtro por email sem correspondência retorna 200
com quantidade igual a zero e array de usuários vazio.</doc>
<tag>CT-U09</tag>
<tag>negativo</tag>
<tag>usuario</tag>
<status status="PASS" start="2026-04-10T11:22:29.591221" elapsed="0.203391"/>
</test>
<test id="s1-t5" name="CT-U10 - PUT com ID inexistente realiza UPSERT e cria recurso" line="120">
<kw name="Name" owner="FakerLibrary">
<msg time="2026-04-10T11:22:29.799456" level="INFO">${nome} = Carolyn Lewis</msg>
<var>${nome}</var>
<doc>:example: 'John Doe'</doc>
<status status="PASS" start="2026-04-10T11:22:29.794612" elapsed="0.004844"/>
</kw>
<kw name="Email" owner="FakerLibrary">
<msg time="2026-04-10T11:22:29.799456" level="INFO">${email} = ian81@example.com</msg>
<var>${email}</var>
<status status="PASS" start="2026-04-10T11:22:29.799456" elapsed="0.000000"/>
</kw>
<kw name="Montar Body De Usuario" owner="keywords">
<kw name="Create Dictionary" owner="BuiltIn">
<msg time="2026-04-10T11:22:29.799456" level="INFO">${body} = {'nome': 'Carolyn Lewis', 'email': 'ian81@example.com', 'password': 'Test@123', 'administrador': 'true'}</msg>
<var>${body}</var>
<arg>nome=${nome}</arg>
<arg>email=${email}</arg>
<arg>password=${password}</arg>
<arg>administrador=${administrador}</arg>
<doc>Creates and returns a dictionary based on the given ``items``.</doc>
<status status="PASS" start="2026-04-10T11:22:29.799456" elapsed="0.000000"/>
</kw>
<return>
<value>${body}</value>
<status status="PASS" start="2026-04-10T11:22:29.799456" elapsed="0.000000"/>
</return>
<msg time="2026-04-10T11:22:29.799456" level="INFO">${body} = {'nome': 'Carolyn Lewis', 'email': 'ian81@example.com', 'password': 'Test@123', 'administrador': 'true'}</msg>
<var>${body}</var>
<arg>${nome}</arg>
<arg>${email}</arg>
<doc>Constrói payload JSON para POST/PUT /usuarios.
Argumentos: nome, email, password, administrador.</doc>
<status status="PASS" start="2026-04-10T11:22:29.799456" elapsed="0.000000"/>
</kw>
<kw name="Set Variable" owner="BuiltIn">
<msg time="2026-04-10T11:22:29.799456" level="INFO">${id_fake} = upsert_id_nao_existente_99z</msg>
<var>${id_fake}</var>
<arg>upsert_id_nao_existente_99z</arg>
<doc>Returns the given values which can then be assigned to a variables.</doc>
<status status="PASS" start="2026-04-10T11:22:29.799456" elapsed="0.000000"/>
</kw>
<kw name="Atualizar Usuario Via PUT" owner="keywords">
<kw name="PUT On Session" owner="RequestsLibrary">
<msg time="2026-04-10T11:22:30.031760" level="INFO">PUT Request : url=https://compassuol.serverest.dev/usuarios/upsert_id_nao_existente_99z 
 path_url=/usuarios/upsert_id_nao_existente_99z 
 headers={'User-Agent': 'python-requests/2.31.0', 'Accept-Encoding': 'gzip, deflate', 'Accept': '*/*', 'Connection': 'keep-alive', 'Content-Length': '104', 'Content-Type': 'application/json'} 
 body=b'{"nome": "Carolyn Lewis", "email": "ian81@example.com", "password": "Test@123", "administrador": "true"}' 
 </msg>
<msg time="2026-04-10T11:22:30.031760" level="INFO">PUT Response : url=https://compassuol.serverest.dev/usuarios/upsert_id_nao_existente_99z 
 status=201, reason=Created 
 headers={'access-control-allow-origin': '*', 'x-dns-prefetch-control': 'off', 'x-frame-options': 'SAMEORIGIN', 'strict-transport-security': 'max-age=15552000; includeSubDomains', 'x-download-options': 'noopen', 'x-content-type-options': 'nosniff', 'x-xss-protection': '1; mode=block', 'content-type': 'application/json; charset=utf-8', 'x-cloud-trace-context': '4b97f18d96c4d5f14416b67997cca828', 'date': 'Fri, 10 Apr 2026 14:22:26 GMT', 'server': 'Google Frontend', 'Content-Length': '82'} 
 body={
    "message": "Cadastro realizado com sucesso",
    "_id": "e4ot9NTyPpx8t5LW"
} 
 </msg>
<msg time="2026-04-10T11:22:30.031760" level="INFO">${resp} = &lt;Response [201]&gt;</msg>
<var>${resp}</var>
<arg>${SESSION}</arg>
<arg>/usuarios/${id}</arg>
<arg>json=${body}</arg>
<arg>expected_status=any</arg>
<doc>Sends a PUT request on a previously created HTTP Session.</doc>
<status status="PASS" start="2026-04-10T11:22:29.799456" elapsed="0.232304"/>
</kw>
<if>
<branch type="IF" condition="${resp.status_code} == 201">
<kw name="Append To List" owner="Collections">
<arg>${USUARIOS_CRIADOS}</arg>
<arg>${resp.json()}[_id]</arg>
<doc>Adds ``values`` to the end of ``list``.</doc>
<status status="PASS" start="2026-04-10T11:22:30.038138" elapsed="0.002017"/>
</kw>
<status status="PASS" start="2026-04-10T11:22:30.031760" elapsed="0.008395"/>
</branch>
<status status="PASS" start="2026-04-10T11:22:30.031760" elapsed="0.008395"/>
</if>
<return>
<value>${resp}</value>
<status status="PASS" start="2026-04-10T11:22:30.040155" elapsed="0.000000"/>
</return>
<msg time="2026-04-10T11:22:30.040155" level="INFO">${resp} = &lt;Response [201]&gt;</msg>
<var>${resp}</var>
<arg>${id_fake}</arg>
<arg>${body}</arg>
<doc>PUT /usuarios/{id} com body informado — suporta UPSERT.
Registra _id retornado em USUARIOS_CRIADOS se resposta for 201.
Retorna: response</doc>
<status status="PASS" start="2026-04-10T11:22:29.799456" elapsed="0.240699"/>
</kw>
<kw name="Validar Status E Mensagem" owner="keywords">
<kw name="Validar Status Code" owner="keywords">
<kw name="Should Be Equal As Numbers" owner="BuiltIn">
<msg time="2026-04-10T11:22:30.042243" level="INFO">Argument types are:
&lt;class 'int'&gt;
&lt;class 'str'&gt;</msg>
<arg>${resp.status_code}</arg>
<arg>${status_esperado}</arg>
<doc>Fails if objects are unequal after converting them to real numbers.</doc>
<status status="PASS" start="2026-04-10T11:22:30.042243" elapsed="0.000000"/>
</kw>
<arg>${resp}</arg>
<arg>${status_esperado}</arg>
<doc>Confirma que o status HTTP bate com o esperado.</doc>
<status status="PASS" start="2026-04-10T11:22:30.041536" elapsed="0.000707"/>
</kw>
<kw name="Validar Mensagem Exata" owner="keywords">
<kw name="Should Be Equal As Strings" owner="BuiltIn">
<arg>${resp.json()}[message]</arg>
<arg>${message_esperada}</arg>
<doc>Fails if objects are unequal after converting them to strings.</doc>
<status status="PASS" start="2026-04-10T11:22:30.044257" elapsed="0.000000"/>
</kw>
<arg>${resp}</arg>
<arg>${message_esperada}</arg>
<doc>Confirma que o campo "message" do JSON é exatamente o esperado.</doc>
<status status="PASS" start="2026-04-10T11:22:30.042243" elapsed="0.002014"/>
</kw>
<arg>${resp}</arg>
<arg>201</arg>
<arg>${MSG_CADASTRO_OK}</arg>
<doc>Combinação: valida status HTTP + campo message exato.</doc>
<status status="PASS" start="2026-04-10T11:22:30.041536" elapsed="0.002721"/>
</kw>
<kw name="Validar Campo Id Presente" owner="keywords">
<kw name="Dictionary Should Contain Key" owner="Collections">
<msg time="2026-04-10T11:22:30.047989" level="INFO">False</msg>
<arg>${resp.json()}</arg>
<arg>_id</arg>
<doc>Fails if ``key`` is not found from ``dictionary``.</doc>
<status status="PASS" start="2026-04-10T11:22:30.047583" elapsed="0.000990"/>
</kw>
<kw name="Should Not Be Empty" owner="BuiltIn">
<msg time="2026-04-10T11:22:30.048573" level="INFO">Length is 16.</msg>
<arg>${resp.json()}[_id]</arg>
<doc>Verifies that the given item is not empty.</doc>
<status status="PASS" start="2026-04-10T11:22:30.048573" elapsed="0.000000"/>
</kw>
<arg>${resp}</arg>
<doc>Confirma que "_id" existe no JSON e não é vazio.</doc>
<status status="PASS" start="2026-04-10T11:22:30.046363" elapsed="0.002210"/>
</kw>
<kw name="Set Variable" owner="BuiltIn">
<msg time="2026-04-10T11:22:30.051247" level="INFO">${novo_id} = e4ot9NTyPpx8t5LW</msg>
<var>${novo_id}</var>
<arg>${resp.json()}[_id]</arg>
<doc>Returns the given values which can then be assigned to a variables.</doc>
<status status="PASS" start="2026-04-10T11:22:30.048573" elapsed="0.002674"/>
</kw>
<kw name="Validar Persistencia Do Usuario" owner="keywords">
<kw name="Buscar Usuario Por Id" owner="keywords">
<kw name="GET On Session" owner="RequestsLibrary">
<msg time="2026-04-10T11:22:30.567587" level="INFO">GET Request : url=https://compassuol.serverest.dev/usuarios/e4ot9NTyPpx8t5LW 
 path_url=/usuarios/e4ot9NTyPpx8t5LW 
 headers={'User-Agent': 'python-requests/2.31.0', 'Accept-Encoding': 'gzip, deflate', 'Accept': '*/*', 'Connection': 'keep-alive'} 
 body=None 
 </msg>
<msg time="2026-04-10T11:22:30.567587" level="INFO">GET Response : url=https://compassuol.serverest.dev/usuarios/e4ot9NTyPpx8t5LW 
 status=200, reason=OK 
 headers={'access-control-allow-origin': '*', 'x-dns-prefetch-control': 'off', 'x-frame-options': 'SAMEORIGIN', 'strict-transport-security': 'max-age=15552000; includeSubDomains', 'x-download-options': 'noopen', 'x-content-type-options': 'nosniff', 'x-xss-protection': '1; mode=block', 'content-type': 'application/json; charset=utf-8', 'x-cloud-trace-context': 'a109f44cae2ae9b34416b67997cca19a', 'date': 'Fri, 10 Apr 2026 14:22:26 GMT', 'server': 'Google Frontend', 'Content-Length': '153'} 
 body={
    "nome": "Carolyn Lewis",
    "email": "ian81@example.com",
    "password": "Test@123",
    "administrador": "true",
    "_id": "e4ot9NTyPpx8t5LW"
} 
 </msg>
<msg time="2026-04-10T11:22:30.567587" level="INFO">${resp} = &lt;Response [200]&gt;</msg>
<var>${resp}</var>
<arg>${SESSION}</arg>
<arg>/usuarios/${id}</arg>
<arg>expected_status=any</arg>
<doc>Sends a GET request on a previously created HTTP Session.</doc>
<status status="PASS" start="2026-04-10T11:22:30.051247" elapsed="0.516340"/>
</kw>
<return>
<value>${resp}</value>
<status status="PASS" start="2026-04-10T11:22:30.567587" elapsed="0.000000"/>
</return>
<msg time="2026-04-10T11:22:30.567587" level="INFO">${get} = &lt;Response [200]&gt;</msg>
<var>${get}</var>
<arg>${id}</arg>
<doc>GET /usuarios/{id} — retorna response completo.</doc>
<status status="PASS" start="2026-04-10T11:22:30.051247" elapsed="0.516340"/>
</kw>
<kw name="Should Be Equal As Numbers" owner="BuiltIn">
<msg time="2026-04-10T11:22:30.567587" level="INFO">Argument types are:
&lt;class 'int'&gt;
&lt;class 'str'&gt;</msg>
<arg>${get.status_code}</arg>
<arg>200</arg>
<doc>Fails if objects are unequal after converting them to real numbers.</doc>
<status status="PASS" start="2026-04-10T11:22:30.567587" elapsed="0.000000"/>
</kw>
<kw name="Should Be Equal As Strings" owner="BuiltIn">
<arg>${get.json()}[email]</arg>
<arg>${email_esperado}</arg>
<doc>Fails if objects are unequal after converting them to strings.</doc>
<status status="PASS" start="2026-04-10T11:22:30.567587" elapsed="0.002007"/>
</kw>
<arg>${novo_id}</arg>
<arg>${email}</arg>
<doc>Faz GET /usuarios/{id} e confirma que o email bate com o criado.
Útil para garantir que o recurso foi de fato persistido.</doc>
<status status="PASS" start="2026-04-10T11:22:30.051247" elapsed="0.518347"/>
</kw>
<doc>Verifica que PUT /usuarios/{id_inexistente} aplica o comportamento de
UPSERT documentado pela ServeRest: cria o recurso e retorna 201.</doc>
<tag>CT-U10</tag>
<tag>regra</tag>
<tag>upsert</tag>
<tag>usuario</tag>
<status status="PASS" start="2026-04-10T11:22:29.794612" elapsed="0.774982"/>
</test>
<test id="s1-t6" name="CT-U05 - Evidenciar XSS armazenado no campo nome - BUG-01" line="148">
<kw name="Email" owner="FakerLibrary">
<msg time="2026-04-10T11:22:30.569594" level="INFO">${email} = cassiearnold@example.net</msg>
<var>${email}</var>
<status status="PASS" start="2026-04-10T11:22:30.569594" elapsed="0.000000"/>
</kw>
<kw name="Montar Body De Usuario" owner="keywords">
<kw name="Create Dictionary" owner="BuiltIn">
<msg time="2026-04-10T11:22:30.572304" level="INFO">${body} = {'nome': '&lt;script&gt;alert(1)&lt;/script&gt;', 'email': 'cassiearnold@example.net', 'password': 'Test@123', 'administrador': 'true'}</msg>
<var>${body}</var>
<arg>nome=${nome}</arg>
<arg>email=${email}</arg>
<arg>password=${password}</arg>
<arg>administrador=${administrador}</arg>
<doc>Creates and returns a dictionary based on the given ``items``.</doc>
<status status="PASS" start="2026-04-10T11:22:30.572304" elapsed="0.000000"/>
</kw>
<return>
<value>${body}</value>
<status status="PASS" start="2026-04-10T11:22:30.572304" elapsed="0.000000"/>
</return>
<msg time="2026-04-10T11:22:30.572304" level="INFO">${body} = {'nome': '&lt;script&gt;alert(1)&lt;/script&gt;', 'email': 'cassiearnold@example.net', 'password': 'Test@123', 'administrador': 'true'}</msg>
<var>${body}</var>
<arg>${NOME_XSS}</arg>
<arg>${email}</arg>
<doc>Constrói payload JSON para POST/PUT /usuarios.
Argumentos: nome, email, password, administrador.</doc>
<status status="PASS" start="2026-04-10T11:22:30.572304" elapsed="0.000000"/>
</kw>
<kw name="Criar Usuario Com Body Customizado" owner="keywords">
<kw name="POST On Session" owner="RequestsLibrary">
<msg time="2026-04-10T11:22:31.080049" level="INFO">POST Request : url=https://compassuol.serverest.dev/usuarios 
 path_url=/usuarios 
 headers={'User-Agent': 'python-requests/2.31.0', 'Accept-Encoding': 'gzip, deflate', 'Accept': '*/*', 'Connection': 'keep-alive', 'Content-Length': '123', 'Content-Type': 'application/json'} 
 body=b'{"nome": "&lt;script&gt;alert(1)&lt;/script&gt;", "email": "cassiearnold@example.net", "password": "Test@123", "administrador": "true"}' 
 </msg>
<msg time="2026-04-10T11:22:31.080049" level="INFO">POST Response : url=https://compassuol.serverest.dev/usuarios 
 status=201, reason=Created 
 headers={'access-control-allow-origin': '*', 'x-dns-prefetch-control': 'off', 'x-frame-options': 'SAMEORIGIN', 'strict-transport-security': 'max-age=15552000; includeSubDomains', 'x-download-options': 'noopen', 'x-content-type-options': 'nosniff', 'x-xss-protection': '1; mode=block', 'content-type': 'application/json; charset=utf-8', 'x-cloud-trace-context': '81f407435012acca4416b67997cca43b', 'date': 'Fri, 10 Apr 2026 14:22:27 GMT', 'server': 'Google Frontend', 'Content-Length': '82'} 
 body={
    "message": "Cadastro realizado com sucesso",
    "_id": "V1Uq6ojHndW3nxPm"
} 
 </msg>
<msg time="2026-04-10T11:22:31.080049" level="INFO">${resp} = &lt;Response [201]&gt;</msg>
<var>${resp}</var>
<arg>${SESSION}</arg>
<arg>/usuarios</arg>
<arg>json=${body}</arg>
<arg>expected_status=any</arg>
<doc>Sends a POST request on a previously created HTTP Session.</doc>
<status status="PASS" start="2026-04-10T11:22:30.572304" elapsed="0.507745"/>
</kw>
<if>
<branch type="IF" condition="${resp.status_code} == 201">
<kw name="Append To List" owner="Collections">
<arg>${USUARIOS_CRIADOS}</arg>
<arg>${resp.json()}[_id]</arg>
<doc>Adds ``values`` to the end of ``list``.</doc>
<status status="PASS" start="2026-04-10T11:22:31.082061" elapsed="0.000000"/>
</kw>
<status status="PASS" start="2026-04-10T11:22:31.080049" elapsed="0.002012"/>
</branch>
<status status="PASS" start="2026-04-10T11:22:31.080049" elapsed="0.002012"/>
</if>
<return>
<value>${resp}</value>
<status status="PASS" start="2026-04-10T11:22:31.082061" elapsed="0.000000"/>
</return>
<msg time="2026-04-10T11:22:31.082061" level="INFO">${resp} = &lt;Response [201]&gt;</msg>
<var>${resp}</var>
<arg>${body}</arg>
<doc>POST /usuarios com payload arbitrário (para cenários negativos).
Registra _id em USUARIOS_CRIADOS se a resposta for 201.
Retorna: response</doc>
<status status="PASS" start="2026-04-10T11:22:30.572304" elapsed="0.509757"/>
</kw>
<if>
<branch type="IF" condition="${resp.status_code} == 201">
<kw name="Registrar Bug Evidenciado" owner="keywords">
<kw name="Log" owner="BuiltIn">
<msg time="2026-04-10T11:22:31.086009" level="WARN">BUG-01 CONFIRMADO: API retornou 201 — payload XSS no campo nome foi persistido no banco</msg>
<arg>${id_bug} CONFIRMADO: ${detalhe}</arg>
<arg>WARN</arg>
<doc>Logs the given message with the given level.</doc>
<status status="PASS" start="2026-04-10T11:22:31.086009" elapsed="0.002239"/>
</kw>
<arg>BUG-01</arg>
<arg>API retornou 201 — payload XSS no campo nome foi persistido no banco</arg>
<doc>Loga um aviso de BUG confirmado quando a API aceita dados inválidos.
Usado em testes de evidência (não bloqueante per se, mas o assert final falha).</doc>
<status status="PASS" start="2026-04-10T11:22:31.086009" elapsed="0.002239"/>
</kw>
<status status="PASS" start="2026-04-10T11:22:31.082061" elapsed="0.006187"/>
</branch>
<status status="PASS" start="2026-04-10T11:22:31.082061" elapsed="0.006187"/>
</if>
<kw name="Validar Status Code" owner="keywords">
<kw name="Should Be Equal As Numbers" owner="BuiltIn">
<msg time="2026-04-10T11:22:31.088248" level="INFO">Argument types are:
&lt;class 'int'&gt;
&lt;class 'str'&gt;</msg>
<msg time="2026-04-10T11:22:31.088248" level="FAIL">201.0 != 400.0</msg>
<arg>${resp.status_code}</arg>
<arg>${status_esperado}</arg>
<doc>Fails if objects are unequal after converting them to real numbers.</doc>
<status status="FAIL" start="2026-04-10T11:22:31.088248" elapsed="0.000000">201.0 != 400.0</status>
</kw>
<arg>${resp}</arg>
<arg>400</arg>
<doc>Confirma que o status HTTP bate com o esperado.</doc>
<status status="FAIL" start="2026-04-10T11:22:31.088248" elapsed="0.002111">201.0 != 400.0</status>
</kw>
<doc>BUG-01 (Alta severidade): a API aceita script no campo nome
e retorna 201 em vez do esperado 400.
Este teste FALHA intencionalmente para evidenciar a vulnerabilidade.
Referência OWASP: A03:2021 — Injection (Stored XSS).</doc>
<tag>bug</tag>
<tag>BUG-01</tag>
<tag>CT-U05</tag>
<tag>seguranca</tag>
<tag>usuario</tag>
<tag>xss</tag>
<status status="FAIL" start="2026-04-10T11:22:30.569594" elapsed="0.520765">201.0 != 400.0</status>
</test>
<test id="s1-t7" name="CT-U06 - Evidenciar nome com apenas caracteres especiais - BUG-02" line="175">
<kw name="Email" owner="FakerLibrary">
<msg time="2026-04-10T11:22:31.091967" level="INFO">${email} = kristina08@example.net</msg>
<var>${email}</var>
<status status="PASS" start="2026-04-10T11:22:31.091967" elapsed="0.000000"/>
</kw>
<kw name="Montar Body De Usuario" owner="keywords">
<kw name="Create Dictionary" owner="BuiltIn">
<msg time="2026-04-10T11:22:31.094440" level="INFO">${body} = {'nome': '@@@@@@', 'email': 'kristina08@example.net', 'password': 'Test@123', 'administrador': 'false'}</msg>
<var>${body}</var>
<arg>nome=${nome}</arg>
<arg>email=${email}</arg>
<arg>password=${password}</arg>
<arg>administrador=${administrador}</arg>
<doc>Creates and returns a dictionary based on the given ``items``.</doc>
<status status="PASS" start="2026-04-10T11:22:31.091967" elapsed="0.002473"/>
</kw>
<return>
<value>${body}</value>
<status status="PASS" start="2026-04-10T11:22:31.094440" elapsed="0.000000"/>
</return>
<msg time="2026-04-10T11:22:31.094440" level="INFO">${body} = {'nome': '@@@@@@', 'email': 'kristina08@example.net', 'password': 'Test@123', 'administrador': 'false'}</msg>
<var>${body}</var>
<arg>${NOME_ESPECIAIS}</arg>
<arg>${email}</arg>
<arg>administrador=${USER_FLAG}</arg>
<doc>Constrói payload JSON para POST/PUT /usuarios.
Argumentos: nome, email, password, administrador.</doc>
<status status="PASS" start="2026-04-10T11:22:31.091967" elapsed="0.002473"/>
</kw>
<kw name="Criar Usuario Com Body Customizado" owner="keywords">
<kw name="POST On Session" owner="RequestsLibrary">
<msg time="2026-04-10T11:22:31.307697" level="INFO">POST Request : url=https://compassuol.serverest.dev/usuarios 
 path_url=/usuarios 
 headers={'User-Agent': 'python-requests/2.31.0', 'Accept-Encoding': 'gzip, deflate', 'Accept': '*/*', 'Connection': 'keep-alive', 'Content-Length': '103', 'Content-Type': 'application/json'} 
 body=b'{"nome": "@@@@@@", "email": "kristina08@example.net", "password": "Test@123", "administrador": "false"}' 
 </msg>
<msg time="2026-04-10T11:22:31.307697" level="INFO">POST Response : url=https://compassuol.serverest.dev/usuarios 
 status=201, reason=Created 
 headers={'access-control-allow-origin': '*', 'x-dns-prefetch-control': 'off', 'x-frame-options': 'SAMEORIGIN', 'strict-transport-security': 'max-age=15552000; includeSubDomains', 'x-download-options': 'noopen', 'x-content-type-options': 'nosniff', 'x-xss-protection': '1; mode=block', 'content-type': 'application/json; charset=utf-8', 'x-cloud-trace-context': 'bd17403d49c1f87a4416b67997cca04d', 'date': 'Fri, 10 Apr 2026 14:22:27 GMT', 'server': 'Google Frontend', 'Content-Length': '82'} 
 body={
    "message": "Cadastro realizado com sucesso",
    "_id": "8Rgw81yZbcfVGffF"
} 
 </msg>
<msg time="2026-04-10T11:22:31.307697" level="INFO">${resp} = &lt;Response [201]&gt;</msg>
<var>${resp}</var>
<arg>${SESSION}</arg>
<arg>/usuarios</arg>
<arg>json=${body}</arg>
<arg>expected_status=any</arg>
<doc>Sends a POST request on a previously created HTTP Session.</doc>
<status status="PASS" start="2026-04-10T11:22:31.094440" elapsed="0.213257"/>
</kw>
<if>
<branch type="IF" condition="${resp.status_code} == 201">
<kw name="Append To List" owner="Collections">
<arg>${USUARIOS_CRIADOS}</arg>
<arg>${resp.json()}[_id]</arg>
<doc>Adds ``values`` to the end of ``list``.</doc>
<status status="PASS" start="2026-04-10T11:22:31.309846" elapsed="0.001132"/>
</kw>
<status status="PASS" start="2026-04-10T11:22:31.309846" elapsed="0.001132"/>
</branch>
<status status="PASS" start="2026-04-10T11:22:31.309846" elapsed="0.001132"/>
</if>
<return>
<value>${resp}</value>
<status status="PASS" start="2026-04-10T11:22:31.310978" elapsed="0.000000"/>
</return>
<msg time="2026-04-10T11:22:31.310978" level="INFO">${resp} = &lt;Response [201]&gt;</msg>
<var>${resp}</var>
<arg>${body}</arg>
<doc>POST /usuarios com payload arbitrário (para cenários negativos).
Registra _id em USUARIOS_CRIADOS se a resposta for 201.
Retorna: response</doc>
<status status="PASS" start="2026-04-10T11:22:31.094440" elapsed="0.216538"/>
</kw>
<if>
<branch type="IF" condition="${resp.status_code} == 201">
<kw name="Registrar Bug Evidenciado" owner="keywords">
<kw name="Log" owner="BuiltIn">
<msg time="2026-04-10T11:22:31.310978" level="WARN">BUG-02 CONFIRMADO: API retornou 201 — nome semanticamente inválido (@@@@@@) foi aceito</msg>
<arg>${id_bug} CONFIRMADO: ${detalhe}</arg>
<arg>WARN</arg>
<doc>Logs the given message with the given level.</doc>
<status status="PASS" start="2026-04-10T11:22:31.310978" elapsed="0.001724"/>
</kw>
<arg>BUG-02</arg>
<arg>API retornou 201 — nome semanticamente inválido (@@@@@@) foi aceito</arg>
<doc>Loga um aviso de BUG confirmado quando a API aceita dados inválidos.
Usado em testes de evidência (não bloqueante per se, mas o assert final falha).</doc>
<status status="PASS" start="2026-04-10T11:22:31.310978" elapsed="0.001724"/>
</kw>
<status status="PASS" start="2026-04-10T11:22:31.310978" elapsed="0.001724"/>
</branch>
<status status="PASS" start="2026-04-10T11:22:31.310978" elapsed="0.001724"/>
</if>
<kw name="Validar Status Code" owner="keywords">
<kw name="Should Be Equal As Numbers" owner="BuiltIn">
<msg time="2026-04-10T11:22:31.313439" level="INFO">Argument types are:
&lt;class 'int'&gt;
&lt;class 'str'&gt;</msg>
<msg time="2026-04-10T11:22:31.313439" level="FAIL">201.0 != 400.0</msg>
<arg>${resp.status_code}</arg>
<arg>${status_esperado}</arg>
<doc>Fails if objects are unequal after converting them to real numbers.</doc>
<status status="FAIL" start="2026-04-10T11:22:31.313439" elapsed="0.000000">201.0 != 400.0</status>
</kw>
<arg>${resp}</arg>
<arg>400</arg>
<doc>Confirma que o status HTTP bate com o esperado.</doc>
<status status="FAIL" start="2026-04-10T11:22:31.313439" elapsed="0.000000">201.0 != 400.0</status>
</kw>
<doc>BUG-02 (Média severidade): a API aceita nome composto apenas por
caracteres especiais (@@@@@@) e retorna 201 em vez de 400.
Este teste FALHA intencionalmente para evidenciar o bug.</doc>
<tag>bug</tag>
<tag>BUG-02</tag>
<tag>CT-U06</tag>
<tag>negativo</tag>
<tag>usuario</tag>
<status status="FAIL" start="2026-04-10T11:22:31.091155" elapsed="0.222284">201.0 != 400.0</status>
</test>
<test id="s1-t8" name="CT-U07 - Evidenciar campo nome com string vazia aceito pela API - BUG-01 parcial" line="200">
<kw name="Email" owner="FakerLibrary">
<msg time="2026-04-10T11:22:31.313439" level="INFO">${email} = erikriddle@example.com</msg>
<var>${email}</var>
<status status="PASS" start="2026-04-10T11:22:31.313439" elapsed="0.000000"/>
</kw>
<kw name="Montar Body De Usuario" owner="keywords">
<kw name="Create Dictionary" owner="BuiltIn">
<msg time="2026-04-10T11:22:31.316093" level="INFO">${body} = {'nome': '', 'email': 'erikriddle@example.com', 'password': 'Test@123', 'administrador': 'true'}</msg>
<var>${body}</var>
<arg>nome=${nome}</arg>
<arg>email=${email}</arg>
<arg>password=${password}</arg>
<arg>administrador=${administrador}</arg>
<doc>Creates and returns a dictionary based on the given ``items``.</doc>
<status status="PASS" start="2026-04-10T11:22:31.316093" elapsed="0.000000"/>
</kw>
<return>
<value>${body}</value>
<status status="PASS" start="2026-04-10T11:22:31.316093" elapsed="0.000000"/>
</return>
<msg time="2026-04-10T11:22:31.316093" level="INFO">${body} = {'nome': '', 'email': 'erikriddle@example.com', 'password': 'Test@123', 'administrador': 'true'}</msg>
<var>${body}</var>
<arg>${NOME_VAZIO}</arg>
<arg>${email}</arg>
<doc>Constrói payload JSON para POST/PUT /usuarios.
Argumentos: nome, email, password, administrador.</doc>
<status status="PASS" start="2026-04-10T11:22:31.316093" elapsed="0.000000"/>
</kw>
<kw name="Criar Usuario Com Body Customizado" owner="keywords">
<kw name="POST On Session" owner="RequestsLibrary">
<msg time="2026-04-10T11:22:31.592931" level="INFO">POST Request : url=https://compassuol.serverest.dev/usuarios 
 path_url=/usuarios 
 headers={'User-Agent': 'python-requests/2.31.0', 'Accept-Encoding': 'gzip, deflate', 'Accept': '*/*', 'Connection': 'keep-alive', 'Content-Length': '96', 'Content-Type': 'application/json'} 
 body=b'{"nome": "", "email": "erikriddle@example.com", "password": "Test@123", "administrador": "true"}' 
 </msg>
<msg time="2026-04-10T11:22:31.592931" level="INFO">POST Response : url=https://compassuol.serverest.dev/usuarios 
 status=400, reason=Bad Request 
 headers={'access-control-allow-origin': '*', 'x-dns-prefetch-control': 'off', 'x-frame-options': 'SAMEORIGIN', 'strict-transport-security': 'max-age=15552000; includeSubDomains', 'x-download-options': 'noopen', 'x-content-type-options': 'nosniff', 'x-xss-protection': '1; mode=block', 'content-type': 'application/json; charset=utf-8', 'x-cloud-trace-context': '1a5dca8e8fbe6bc74416b67997cca613', 'date': 'Fri, 10 Apr 2026 14:22:28 GMT', 'server': 'Google Frontend', 'Content-Length': '48'} 
 body={
    "nome": "nome não pode ficar em branco"
} 
 </msg>
<msg time="2026-04-10T11:22:31.593270" level="INFO">${resp} = &lt;Response [400]&gt;</msg>
<var>${resp}</var>
<arg>${SESSION}</arg>
<arg>/usuarios</arg>
<arg>json=${body}</arg>
<arg>expected_status=any</arg>
<doc>Sends a POST request on a previously created HTTP Session.</doc>
<status status="PASS" start="2026-04-10T11:22:31.316093" elapsed="0.277177"/>
</kw>
<if>
<branch type="IF" condition="${resp.status_code} == 201">
<kw name="Append To List" owner="Collections">
<arg>${USUARIOS_CRIADOS}</arg>
<arg>${resp.json()}[_id]</arg>
<doc>Adds ``values`` to the end of ``list``.</doc>
<status status="NOT RUN" start="2026-04-10T11:22:31.593270" elapsed="0.000000"/>
</kw>
<status status="NOT RUN" start="2026-04-10T11:22:31.593270" elapsed="0.000000"/>
</branch>
<status status="PASS" start="2026-04-10T11:22:31.593270" elapsed="0.000000"/>
</if>
<return>
<value>${resp}</value>
<status status="PASS" start="2026-04-10T11:22:31.593270" elapsed="0.000000"/>
</return>
<msg time="2026-04-10T11:22:31.593270" level="INFO">${resp} = &lt;Response [400]&gt;</msg>
<var>${resp}</var>
<arg>${body}</arg>
<doc>POST /usuarios com payload arbitrário (para cenários negativos).
Registra _id em USUARIOS_CRIADOS se a resposta for 201.
Retorna: response</doc>
<status status="PASS" start="2026-04-10T11:22:31.316093" elapsed="0.277177"/>
</kw>
<if>
<branch type="IF" condition="${resp.status_code} == 201">
<kw name="Registrar Bug Evidenciado" owner="keywords">
<arg>BUG-01 parcial</arg>
<arg>API retornou 201 — nome vazio foi persistido no banco</arg>
<doc>Loga um aviso de BUG confirmado quando a API aceita dados inválidos.
Usado em testes de evidência (não bloqueante per se, mas o assert final falha).</doc>
<status status="NOT RUN" start="2026-04-10T11:22:31.597329" elapsed="0.000000"/>
</kw>
<kw name="Set Variable" owner="BuiltIn">
<var>${id}</var>
<arg>${resp.json()}[_id]</arg>
<doc>Returns the given values which can then be assigned to a variables.</doc>
<status status="NOT RUN" start="2026-04-10T11:22:31.597329" elapsed="0.000000"/>
</kw>
<kw name="Buscar Usuario Por Id" owner="keywords">
<var>${get}</var>
<arg>${id}</arg>
<doc>GET /usuarios/{id} — retorna response completo.</doc>
<status status="NOT RUN" start="2026-04-10T11:22:31.597329" elapsed="0.000000"/>
</kw>
<kw name="Should Be Equal As Strings" owner="BuiltIn">
<arg>${get.json()}[nome]</arg>
<arg>${EMPTY}</arg>
<doc>Fails if objects are unequal after converting them to strings.</doc>
<status status="NOT RUN" start="2026-04-10T11:22:31.597329" elapsed="0.000000"/>
</kw>
<status status="NOT RUN" start="2026-04-10T11:22:31.593270" elapsed="0.004059"/>
</branch>
<status status="PASS" start="2026-04-10T11:22:31.593270" elapsed="0.004059"/>
</if>
<kw name="Validar Status Code" owner="keywords">
<kw name="Should Be Equal As Numbers" owner="BuiltIn">
<msg time="2026-04-10T11:22:31.600070" level="INFO">Argument types are:
&lt;class 'int'&gt;
&lt;class 'str'&gt;</msg>
<arg>${resp.status_code}</arg>
<arg>${status_esperado}</arg>
<doc>Fails if objects are unequal after converting them to real numbers.</doc>
<status status="PASS" start="2026-04-10T11:22:31.600070" elapsed="0.000000"/>
</kw>
<arg>${resp}</arg>
<arg>400</arg>
<doc>Confirma que o status HTTP bate com o esperado.</doc>
<status status="PASS" start="2026-04-10T11:22:31.600070" elapsed="0.000000"/>
</kw>
<doc>BUG-01 parcial: o campo nome com string vazia deveria retornar 400
mas a API aceita e persiste o registro com nome vazio.
Este teste FALHA intencionalmente como evidência do bug.</doc>
<tag>bug</tag>
<tag>BUG-01</tag>
<tag>CT-U07</tag>
<tag>negativo</tag>
<tag>usuario</tag>
<status status="PASS" start="2026-04-10T11:22:31.313439" elapsed="0.286631"/>
</test>
<kw name="Limpar Usuarios Criados" owner="api" type="TEARDOWN">
<for flavor="IN">
<iter>
<kw name="Run Keyword And Ignore Error" owner="BuiltIn">
<kw name="DELETE On Session" owner="RequestsLibrary">
<msg time="2026-04-10T11:22:31.854565" level="INFO">DELETE Request : url=https://compassuol.serverest.dev/usuarios/IQgnaFuQlE9bYblB 
 path_url=/usuarios/IQgnaFuQlE9bYblB 
 headers={'User-Agent': 'python-requests/2.31.0', 'Accept-Encoding': 'gzip, deflate', 'Accept': '*/*', 'Connection': 'keep-alive', 'Content-Length': '0'} 
 body=None 
 </msg>
<msg time="2026-04-10T11:22:31.854565" level="INFO">DELETE Response : url=https://compassuol.serverest.dev/usuarios/IQgnaFuQlE9bYblB 
 status=200, reason=OK 
 headers={'access-control-allow-origin': '*', 'x-dns-prefetch-control': 'off', 'x-frame-options': 'SAMEORIGIN', 'strict-transport-security': 'max-age=15552000; includeSubDomains', 'x-download-options': 'noopen', 'x-content-type-options': 'nosniff', 'x-xss-protection': '1; mode=block', 'content-type': 'application/json; charset=utf-8', 'x-cloud-trace-context': '2012b51259d7f22d4416b67997cca0a8', 'date': 'Fri, 10 Apr 2026 14:22:28 GMT', 'server': 'Google Frontend', 'Content-Length': '51'} 
 body={
    "message": "Registro excluído com sucesso"
} 
 </msg>
<arg>${SESSION}</arg>
<arg>/usuarios/${id}</arg>
<arg>expected_status=any</arg>
<doc>Sends a DELETE request on a previously created HTTP Session.</doc>
<status status="PASS" start="2026-04-10T11:22:31.609785" elapsed="0.244780"/>
</kw>
<arg>DELETE On Session</arg>
<arg>${SESSION}</arg>
<arg>/usuarios/${id}</arg>
<arg>expected_status=any</arg>
<doc>Runs the given keyword with the given arguments and ignores possible error.</doc>
<status status="PASS" start="2026-04-10T11:22:31.609194" elapsed="0.245371"/>
</kw>
<var name="${id}">IQgnaFuQlE9bYblB</var>
<status status="PASS" start="2026-04-10T11:22:31.609194" elapsed="0.245371"/>
</iter>
<iter>
<kw name="Run Keyword And Ignore Error" owner="BuiltIn">
<kw name="DELETE On Session" owner="RequestsLibrary">
<msg time="2026-04-10T11:22:32.075127" level="INFO">DELETE Request : url=https://compassuol.serverest.dev/usuarios/cqa8PfjMA9Q5JSSi 
 path_url=/usuarios/cqa8PfjMA9Q5JSSi 
 headers={'User-Agent': 'python-requests/2.31.0', 'Accept-Encoding': 'gzip, deflate', 'Accept': '*/*', 'Connection': 'keep-alive', 'Content-Length': '0'} 
 body=None 
 </msg>
<msg time="2026-04-10T11:22:32.075127" level="INFO">DELETE Response : url=https://compassuol.serverest.dev/usuarios/cqa8PfjMA9Q5JSSi 
 status=200, reason=OK 
 headers={'access-control-allow-origin': '*', 'x-dns-prefetch-control': 'off', 'x-frame-options': 'SAMEORIGIN', 'strict-transport-security': 'max-age=15552000; includeSubDomains', 'x-download-options': 'noopen', 'x-content-type-options': 'nosniff', 'x-xss-protection': '1; mode=block', 'content-type': 'application/json; charset=utf-8', 'x-cloud-trace-context': '7cd7e46515d419ea4416b67997cca8b4', 'date': 'Fri, 10 Apr 2026 14:22:28 GMT', 'server': 'Google Frontend', 'Content-Length': '51'} 
 body={
    "message": "Registro excluído com sucesso"
} 
 </msg>
<arg>${SESSION}</arg>
<arg>/usuarios/${id}</arg>
<arg>expected_status=any</arg>
<doc>Sends a DELETE request on a previously created HTTP Session.</doc>
<status status="PASS" start="2026-04-10T11:22:31.859604" elapsed="0.215523"/>
</kw>
<arg>DELETE On Session</arg>
<arg>${SESSION}</arg>
<arg>/usuarios/${id}</arg>
<arg>expected_status=any</arg>
<doc>Runs the given keyword with the given arguments and ignores possible error.</doc>
<status status="PASS" start="2026-04-10T11:22:31.857067" elapsed="0.218060"/>
</kw>
<var name="${id}">cqa8PfjMA9Q5JSSi</var>
<status status="PASS" start="2026-04-10T11:22:31.857067" elapsed="0.218060"/>
</iter>
<iter>
<kw name="Run Keyword And Ignore Error" owner="BuiltIn">
<kw name="DELETE On Session" owner="RequestsLibrary">
<msg time="2026-04-10T11:22:32.615554" level="INFO">DELETE Request : url=https://compassuol.serverest.dev/usuarios/e4ot9NTyPpx8t5LW 
 path_url=/usuarios/e4ot9NTyPpx8t5LW 
 headers={'User-Agent': 'python-requests/2.31.0', 'Accept-Encoding': 'gzip, deflate', 'Accept': '*/*', 'Connection': 'keep-alive', 'Content-Length': '0'} 
 body=None 
 </msg>
<msg time="2026-04-10T11:22:32.615554" level="INFO">DELETE Response : url=https://compassuol.serverest.dev/usuarios/e4ot9NTyPpx8t5LW 
 status=200, reason=OK 
 headers={'access-control-allow-origin': '*', 'x-dns-prefetch-control': 'off', 'x-frame-options': 'SAMEORIGIN', 'strict-transport-security': 'max-age=15552000; includeSubDomains', 'x-download-options': 'noopen', 'x-content-type-options': 'nosniff', 'x-xss-protection': '1; mode=block', 'content-type': 'application/json; charset=utf-8', 'x-cloud-trace-context': 'e8eb9aa6c0c8b0974416b67997cca8cb', 'date': 'Fri, 10 Apr 2026 14:22:28 GMT', 'server': 'Google Frontend', 'Content-Length': '51'} 
 body={
    "message": "Registro excluído com sucesso"
} 
 </msg>
<arg>${SESSION}</arg>
<arg>/usuarios/${id}</arg>
<arg>expected_status=any</arg>
<doc>Sends a DELETE request on a previously created HTTP Session.</doc>
<status status="PASS" start="2026-04-10T11:22:32.086509" elapsed="0.529045"/>
</kw>
<arg>DELETE On Session</arg>
<arg>${SESSION}</arg>
<arg>/usuarios/${id}</arg>
<arg>expected_status=any</arg>
<doc>Runs the given keyword with the given arguments and ignores possible error.</doc>
<status status="PASS" start="2026-04-10T11:22:32.086509" elapsed="0.529045"/>
</kw>
<var name="${id}">e4ot9NTyPpx8t5LW</var>
<status status="PASS" start="2026-04-10T11:22:32.075127" elapsed="0.540427"/>
</iter>
<iter>
<kw name="Run Keyword And Ignore Error" owner="BuiltIn">
<kw name="DELETE On Session" owner="RequestsLibrary">
<msg time="2026-04-10T11:22:32.825019" level="INFO">DELETE Request : url=https://compassuol.serverest.dev/usuarios/V1Uq6ojHndW3nxPm 
 path_url=/usuarios/V1Uq6ojHndW3nxPm 
 headers={'User-Agent': 'python-requests/2.31.0', 'Accept-Encoding': 'gzip, deflate', 'Accept': '*/*', 'Connection': 'keep-alive', 'Content-Length': '0'} 
 body=None 
 </msg>
<msg time="2026-04-10T11:22:32.825019" level="INFO">DELETE Response : url=https://compassuol.serverest.dev/usuarios/V1Uq6ojHndW3nxPm 
 status=200, reason=OK 
 headers={'access-control-allow-origin': '*', 'x-dns-prefetch-control': 'off', 'x-frame-options': 'SAMEORIGIN', 'strict-transport-security': 'max-age=15552000; includeSubDomains', 'x-download-options': 'noopen', 'x-content-type-options': 'nosniff', 'x-xss-protection': '1; mode=block', 'content-type': 'application/json; charset=utf-8', 'x-cloud-trace-context': 'ab37793995b189334416b67997cca281', 'date': 'Fri, 10 Apr 2026 14:22:29 GMT', 'server': 'Google Frontend', 'Content-Length': '51'} 
 body={
    "message": "Registro excluído com sucesso"
} 
 </msg>
<arg>${SESSION}</arg>
<arg>/usuarios/${id}</arg>
<arg>expected_status=any</arg>
<doc>Sends a DELETE request on a previously created HTTP Session.</doc>
<status status="PASS" start="2026-04-10T11:22:32.615554" elapsed="0.209465"/>
</kw>
<arg>DELETE On Session</arg>
<arg>${SESSION}</arg>
<arg>/usuarios/${id}</arg>
<arg>expected_status=any</arg>
<doc>Runs the given keyword with the given arguments and ignores possible error.</doc>
<status status="PASS" start="2026-04-10T11:22:32.615554" elapsed="0.209465"/>
</kw>
<var name="${id}">V1Uq6ojHndW3nxPm</var>
<status status="PASS" start="2026-04-10T11:22:32.615554" elapsed="0.209465"/>
</iter>
<iter>
<kw name="Run Keyword And Ignore Error" owner="BuiltIn">
<kw name="DELETE On Session" owner="RequestsLibrary">
<msg time="2026-04-10T11:22:33.276962" level="INFO">DELETE Request : url=https://compassuol.serverest.dev/usuarios/8Rgw81yZbcfVGffF 
 path_url=/usuarios/8Rgw81yZbcfVGffF 
 headers={'User-Agent': 'python-requests/2.31.0', 'Accept-Encoding': 'gzip, deflate', 'Accept': '*/*', 'Connection': 'keep-alive', 'Content-Length': '0'} 
 body=None 
 </msg>
<msg time="2026-04-10T11:22:33.276962" level="INFO">DELETE Response : url=https://compassuol.serverest.dev/usuarios/8Rgw81yZbcfVGffF 
 status=200, reason=OK 
 headers={'access-control-allow-origin': '*', 'x-dns-prefetch-control': 'off', 'x-frame-options': 'SAMEORIGIN', 'strict-transport-security': 'max-age=15552000; includeSubDomains', 'x-download-options': 'noopen', 'x-content-type-options': 'nosniff', 'x-xss-protection': '1; mode=block', 'content-type': 'application/json; charset=utf-8', 'x-cloud-trace-context': 'f0b26976b7c2e11e4416b67997ccaf9f', 'date': 'Fri, 10 Apr 2026 14:22:29 GMT', 'server': 'Google Frontend', 'Content-Length': '51'} 
 body={
    "message": "Registro excluído com sucesso"
} 
 </msg>
<arg>${SESSION}</arg>
<arg>/usuarios/${id}</arg>
<arg>expected_status=any</arg>
<doc>Sends a DELETE request on a previously created HTTP Session.</doc>
<status status="PASS" start="2026-04-10T11:22:32.825019" elapsed="0.451943"/>
</kw>
<arg>DELETE On Session</arg>
<arg>${SESSION}</arg>
<arg>/usuarios/${id}</arg>
<arg>expected_status=any</arg>
<doc>Runs the given keyword with the given arguments and ignores possible error.</doc>
<status status="PASS" start="2026-04-10T11:22:32.825019" elapsed="0.451943"/>
</kw>
<var name="${id}">8Rgw81yZbcfVGffF</var>
<status status="PASS" start="2026-04-10T11:22:32.825019" elapsed="0.451943"/>
</iter>
<var>${id}</var>
<value>@{USUARIOS_CRIADOS}</value>
<status status="PASS" start="2026-04-10T11:22:31.608180" elapsed="1.668782"/>
</for>
<doc>Remove todos os usuários registrados durante a suite.
Idempotente: ignora 404 sem falhar.</doc>
<status status="PASS" start="2026-04-10T11:22:31.608180" elapsed="1.668782"/>
</kw>
<doc>Suite de testes — Domínio /usuarios

Cobertura: CT-U01 · CT-U02 · CT-U03 · CT-U05 · CT-U06 · CT-U07 · CT-U09 · CT-U10

Autor  : Eduardo Neves de Souza · Squad 01 · Compass UOL
Versão : 2.0 (reorganizado com 1 CT por teste e rastreabilidade completa)

─── REFERÊNCIA DE CASOS ────────────────────────────────────────
CT-U01  POST /usuarios — admin válido                    [positivo]
CT-U02  POST /usuarios — email duplicado                 [negativo]
CT-U03  POST /usuarios — campo email ausente             [negativo]
CT-U05  POST /usuarios — XSS no campo nome              [bug/segurança]
CT-U06  POST /usuarios — nome com só especiais           [bug/negativo]
CT-U07  POST /usuarios — nome vazio                     [bug/negativo]
CT-U09  GET  /usuarios — filtro sem correspondência      [negativo]
CT-U10  PUT  /usuarios/:id — UPSERT com ID inexistente  [regra de negócio]
────────────────────────────────────────────────────────────────</doc>
<status status="FAIL" start="2026-04-10T11:22:26.929484" elapsed="6.347478"/>
</suite>
<statistics>
<total>
<stat pass="6" fail="2" skip="0">All Tests</stat>
</total>
<tag>
<stat pass="1" fail="2" skip="0">bug</stat>
<stat pass="1" fail="1" skip="0">BUG-01</stat>
<stat pass="0" fail="1" skip="0">BUG-02</stat>
<stat pass="1" fail="0" skip="0">CT-U01</stat>
<stat pass="1" fail="0" skip="0">CT-U02</stat>
<stat pass="1" fail="0" skip="0">CT-U03</stat>
<stat pass="0" fail="1" skip="0">CT-U05</stat>
<stat pass="0" fail="1" skip="0">CT-U06</stat>
<stat pass="1" fail="0" skip="0">CT-U07</stat>
<stat pass="1" fail="0" skip="0">CT-U09</stat>
<stat pass="1" fail="0" skip="0">CT-U10</stat>
<stat pass="4" fail="1" skip="0">negativo</stat>
<stat pass="1" fail="0" skip="0">positivo</stat>
<stat pass="1" fail="0" skip="0">regra</stat>
<stat pass="0" fail="1" skip="0">seguranca</stat>
<stat pass="1" fail="0" skip="0">upsert</stat>
<stat pass="6" fail="2" skip="0">usuario</stat>
<stat pass="0" fail="1" skip="0">xss</stat>
</tag>
<suite>
<stat pass="6" fail="2" skip="0" id="s1" name="Usuarios">Usuarios</stat>
</suite>
</statistics>
<errors>
<msg time="2026-04-10T11:22:31.086009" level="WARN">BUG-01 CONFIRMADO: API retornou 201 — payload XSS no campo nome foi persistido no banco</msg>
<msg time="2026-04-10T11:22:31.310978" level="WARN">BUG-02 CONFIRMADO: API retornou 201 — nome semanticamente inválido (@@@@@@) foi aceito</msg>
</errors>
</robot>
