<?xml version="1.0" encoding="UTF-8"?>
<robot generator="Robot 7.0 (Python 3.11.1 on win32)" generated="2026-04-10T11:47:12.219433" rpa="false" schemaversion="5">
<suite id="s1" name="Tests" source="C:\Users\EduardoNevesdeSouza\Desktop\serveRest-qa-reorganizado\challenge04-genai\tests">
<suite id="s1-s1" name="Usuarios" source="C:\Users\EduardoNevesdeSouza\Desktop\serveRest-qa-reorganizado\challenge04-genai\tests\usuarios.robot">
<kw name="Iniciar Sessao API" owner="api" type="SETUP">
<kw name="Create Session" owner="RequestsLibrary">
<msg time="2026-04-10T11:47:12.754425" level="INFO">Creating Session using : alias=serverest, url=https://compassuol.serverest.dev, headers={},                     cookies={}, auth=None, timeout=None, proxies=None, verify=True,                     debug=0 </msg>
<arg>${SESSION}</arg>
<arg>${BASE_URL}</arg>
<arg>verify=True</arg>
<doc>Create Session: create a HTTP session to a server</doc>
<status status="PASS" start="2026-04-10T11:47:12.754425" elapsed="0.000000"/>
</kw>
<kw name="Set Suite Variable" owner="BuiltIn">
<msg time="2026-04-10T11:47:12.754425" level="INFO">@{USUARIOS_CRIADOS} = [ ]</msg>
<arg>@{USUARIOS_CRIADOS}</arg>
<arg>@{EMPTY}</arg>
<doc>Makes a variable available everywhere within the scope of the current suite.</doc>
<status status="PASS" start="2026-04-10T11:47:12.754425" elapsed="0.000000"/>
</kw>
<doc>Abre sessão HTTP com a API e inicializa lista de cleanup.</doc>
<status status="PASS" start="2026-04-10T11:47:12.754425" elapsed="0.000000"/>
</kw>
<test id="s1-s1-t1" name="CT-U01 - Criar usuario administrador com dados validos" line="32">
<kw name="Criar Usuario Admin" owner="keywords">
<kw name="Criar Usuario" owner="keywords">
<kw name="Gerar Dados Fake De Usuario" owner="keywords">
<kw name="Name" owner="FakerLibrary">
<msg time="2026-04-10T11:47:12.754425" level="INFO">${nome} = Thomas Palmer</msg>
<var>${nome}</var>
<doc>:example: 'John Doe'</doc>
<status status="PASS" start="2026-04-10T11:47:12.754425" elapsed="0.000000"/>
</kw>
<kw name="Email" owner="FakerLibrary">
<msg time="2026-04-10T11:47:12.754425" level="INFO">${email} = jenningsernest@example.com</msg>
<var>${email}</var>
<status status="PASS" start="2026-04-10T11:47:12.754425" elapsed="0.000000"/>
</kw>
<return>
<value>${nome}</value>
<value>${email}</value>
<status status="PASS" start="2026-04-10T11:47:12.754425" elapsed="0.000000"/>
</return>
<msg time="2026-04-10T11:47:12.754425" level="INFO">${nome} = Thomas Palmer</msg>
<msg time="2026-04-10T11:47:12.754425" level="INFO">${email} = jenningsernest@example.com</msg>
<var>${nome}</var>
<var>${email}</var>
<doc>Gera nome e email únicos via FakerLibrary.
Retorna: nome, email</doc>
<status status="PASS" start="2026-04-10T11:47:12.754425" elapsed="0.000000"/>
</kw>
<kw name="Montar Body De Usuario" owner="keywords">
<kw name="Create Dictionary" owner="BuiltIn">
<msg time="2026-04-10T11:47:12.754425" level="INFO">${body} = {'nome': 'Thomas Palmer', 'email': 'jenningsernest@example.com', 'password': 'Test@123', 'administrador': 'true'}</msg>
<var>${body}</var>
<arg>nome=${nome}</arg>
<arg>email=${email}</arg>
<arg>password=${password}</arg>
<arg>administrador=${administrador}</arg>
<doc>Creates and returns a dictionary based on the given ``items``.</doc>
<status status="PASS" start="2026-04-10T11:47:12.754425" elapsed="0.000000"/>
</kw>
<return>
<value>${body}</value>
<status status="PASS" start="2026-04-10T11:47:12.754425" elapsed="0.000000"/>
</return>
<msg time="2026-04-10T11:47:12.754425" level="INFO">${body} = {'nome': 'Thomas Palmer', 'email': 'jenningsernest@example.com', 'password': 'Test@123', 'administrador': 'true'}</msg>
<var>${body}</var>
<arg>${nome}</arg>
<arg>${email}</arg>
<arg>administrador=${administrador}</arg>
<doc>Constrói payload JSON para POST/PUT /usuarios.
Argumentos: nome, email, password, administrador.</doc>
<status status="PASS" start="2026-04-10T11:47:12.754425" elapsed="0.000000"/>
</kw>
<kw name="POST On Session" owner="RequestsLibrary">
<msg time="2026-04-10T11:47:13.731469" level="INFO">POST Request : url=https://compassuol.serverest.dev/usuarios 
 path_url=/usuarios 
 headers={'User-Agent': 'python-requests/2.31.0', 'Accept-Encoding': 'gzip, deflate', 'Accept': '*/*', 'Connection': 'keep-alive', 'Content-Length': '113', 'Content-Type': 'application/json'} 
 body=b'{"nome": "Thomas Palmer", "email": "jenningsernest@example.com", "password": "Test@123", "administrador": "true"}' 
 </msg>
<msg time="2026-04-10T11:47:13.731469" level="INFO">POST Response : url=https://compassuol.serverest.dev/usuarios 
 status=201, reason=Created 
 headers={'access-control-allow-origin': '*', 'x-dns-prefetch-control': 'off', 'x-frame-options': 'SAMEORIGIN', 'strict-transport-security': 'max-age=15552000; includeSubDomains', 'x-download-options': 'noopen', 'x-content-type-options': 'nosniff', 'x-xss-protection': '1; mode=block', 'content-type': 'application/json; charset=utf-8', 'x-cloud-trace-context': '68df8948c40e29fa24e30a8d60b25a0c;o=1', 'date': 'Fri, 10 Apr 2026 14:47:10 GMT', 'server': 'Google Frontend', 'Content-Length': '82'} 
 body={
    "message": "Cadastro realizado com sucesso",
    "_id": "qVpij4CShXKr3k8J"
} 
 </msg>
<msg time="2026-04-10T11:47:13.731469" level="INFO">${resp} = &lt;Response [201]&gt;</msg>
<var>${resp}</var>
<arg>${SESSION}</arg>
<arg>/usuarios</arg>
<arg>json=${body}</arg>
<arg>expected_status=any</arg>
<doc>Sends a POST request on a previously created HTTP Session.</doc>
<status status="PASS" start="2026-04-10T11:47:12.754425" elapsed="0.977044"/>
</kw>
<if>
<branch type="IF" condition="${resp.status_code} == 201">
<kw name="Append To List" owner="Collections">
<arg>${USUARIOS_CRIADOS}</arg>
<arg>${resp.json()}[_id]</arg>
<doc>Adds ``values`` to the end of ``list``.</doc>
<status status="PASS" start="2026-04-10T11:47:13.731469" elapsed="0.005212"/>
</kw>
<status status="PASS" start="2026-04-10T11:47:13.731469" elapsed="0.005212"/>
</branch>
<status status="PASS" start="2026-04-10T11:47:13.731469" elapsed="0.005212"/>
</if>
<return>
<value>${resp}</value>
<value>${email}</value>
<status status="PASS" start="2026-04-10T11:47:13.736681" elapsed="0.000000"/>
</return>
<msg time="2026-04-10T11:47:13.736681" level="INFO">${resp} = &lt;Response [201]&gt;</msg>
<msg time="2026-04-10T11:47:13.736681" level="INFO">${email} = jenningsernest@example.com</msg>
<var>${resp}</var>
<var>${email}</var>
<arg>administrador=${ADMIN_FLAG}</arg>
<doc>POST /usuarios com perfil configurável.
Registra _id em USUARIOS_CRIADOS para cleanup automático.
Retorna: response, email</doc>
<status status="PASS" start="2026-04-10T11:47:12.754425" elapsed="0.982256"/>
</kw>
<return>
<value>${resp}</value>
<value>${email}</value>
<status status="PASS" start="2026-04-10T11:47:13.736681" elapsed="0.000000"/>
</return>
<msg time="2026-04-10T11:47:13.736681" level="INFO">${resp} = &lt;Response [201]&gt;</msg>
<msg time="2026-04-10T11:47:13.736681" level="INFO">${email} = jenningsernest@example.com</msg>
<var>${resp}</var>
<var>${email}</var>
<doc>Atalho para criar usuário com perfil administrador (administrador=true).</doc>
<status status="PASS" start="2026-04-10T11:47:12.754425" elapsed="0.982256"/>
</kw>
<kw name="Validar Status Code" owner="keywords">
<kw name="Should Be Equal As Numbers" owner="BuiltIn">
<msg time="2026-04-10T11:47:13.740273" level="INFO">Argument types are:
&lt;class 'int'&gt;
&lt;class 'str'&gt;</msg>
<arg>${resp.status_code}</arg>
<arg>${status_esperado}</arg>
<doc>Fails if objects are unequal after converting them to real numbers.</doc>
<status status="PASS" start="2026-04-10T11:47:13.740273" elapsed="0.000000"/>
</kw>
<arg>${resp}</arg>
<arg>201</arg>
<doc>Confirma que o status HTTP bate com o esperado.</doc>
<status status="PASS" start="2026-04-10T11:47:13.740273" elapsed="0.000000"/>
</kw>
<kw name="Validar Campo Id Presente" owner="keywords">
<kw name="Dictionary Should Contain Key" owner="Collections">
<msg time="2026-04-10T11:47:13.748359" level="INFO">False</msg>
<arg>${resp.json()}</arg>
<arg>_id</arg>
<doc>Fails if ``key`` is not found from ``dictionary``.</doc>
<status status="PASS" start="2026-04-10T11:47:13.747134" elapsed="0.001225"/>
</kw>
<kw name="Should Not Be Empty" owner="BuiltIn">
<msg time="2026-04-10T11:47:13.748359" level="INFO">Length is 16.</msg>
<arg>${resp.json()}[_id]</arg>
<doc>Verifies that the given item is not empty.</doc>
<status status="PASS" start="2026-04-10T11:47:13.748359" elapsed="0.000000"/>
</kw>
<arg>${resp}</arg>
<doc>Confirma que "_id" existe no JSON e não é vazio.</doc>
<status status="PASS" start="2026-04-10T11:47:13.746115" elapsed="0.002244"/>
</kw>
<kw name="Validar Mensagem Exata" owner="keywords">
<kw name="Should Be Equal As Strings" owner="BuiltIn">
<arg>${resp.json()}[message]</arg>
<arg>${message_esperada}</arg>
<doc>Fails if objects are unequal after converting them to strings.</doc>
<status status="PASS" start="2026-04-10T11:47:13.752004" elapsed="0.003087"/>
</kw>
<arg>${resp}</arg>
<arg>${MSG_CADASTRO_OK}</arg>
<doc>Confirma que o campo "message" do JSON é exatamente o esperado.</doc>
<status status="PASS" start="2026-04-10T11:47:13.748359" elapsed="0.006732"/>
</kw>
<kw name="Set Variable" owner="BuiltIn">
<msg time="2026-04-10T11:47:13.758926" level="INFO">${id} = qVpij4CShXKr3k8J</msg>
<var>${id}</var>
<arg>${resp.json()}[_id]</arg>
<doc>Returns the given values which can then be assigned to a variables.</doc>
<status status="PASS" start="2026-04-10T11:47:13.755091" elapsed="0.003835"/>
</kw>
<kw name="Validar Persistencia Do Usuario" owner="keywords">
<kw name="Buscar Usuario Por Id" owner="keywords">
<kw name="GET On Session" owner="RequestsLibrary">
<msg time="2026-04-10T11:47:13.960663" level="INFO">GET Request : url=https://compassuol.serverest.dev/usuarios/qVpij4CShXKr3k8J 
 path_url=/usuarios/qVpij4CShXKr3k8J 
 headers={'User-Agent': 'python-requests/2.31.0', 'Accept-Encoding': 'gzip, deflate', 'Accept': '*/*', 'Connection': 'keep-alive'} 
 body=None 
 </msg>
<msg time="2026-04-10T11:47:13.960663" level="INFO">GET Response : url=https://compassuol.serverest.dev/usuarios/qVpij4CShXKr3k8J 
 status=200, reason=OK 
 headers={'access-control-allow-origin': '*', 'x-dns-prefetch-control': 'off', 'x-frame-options': 'SAMEORIGIN', 'strict-transport-security': 'max-age=15552000; includeSubDomains', 'x-download-options': 'noopen', 'x-content-type-options': 'nosniff', 'x-xss-protection': '1; mode=block', 'content-type': 'application/json; charset=utf-8', 'x-cloud-trace-context': 'd8b369c11ef74f9324e30a8d60b2558d', 'date': 'Fri, 10 Apr 2026 14:47:10 GMT', 'server': 'Google Frontend', 'Content-Length': '162'} 
 body={
    "nome": "Thomas Palmer",
    "email": "jenningsernest@example.com",
    "password": "Test@123",
    "administrador": "true",
    "_id": "qVpij4CShXKr3k8J"
} 
 </msg>
<msg time="2026-04-10T11:47:13.960663" level="INFO">${resp} = &lt;Response [200]&gt;</msg>
<var>${resp}</var>
<arg>${SESSION}</arg>
<arg>/usuarios/${id}</arg>
<arg>expected_status=any</arg>
<doc>Sends a GET request on a previously created HTTP Session.</doc>
<status status="PASS" start="2026-04-10T11:47:13.759689" elapsed="0.200974"/>
</kw>
<return>
<value>${resp}</value>
<status status="PASS" start="2026-04-10T11:47:13.960663" elapsed="0.000000"/>
</return>
<msg time="2026-04-10T11:47:13.960663" level="INFO">${get} = &lt;Response [200]&gt;</msg>
<var>${get}</var>
<arg>${id}</arg>
<doc>GET /usuarios/{id} — retorna response completo.</doc>
<status status="PASS" start="2026-04-10T11:47:13.759689" elapsed="0.200974"/>
</kw>
<kw name="Should Be Equal As Numbers" owner="BuiltIn">
<msg time="2026-04-10T11:47:13.960663" level="INFO">Argument types are:
&lt;class 'int'&gt;
&lt;class 'str'&gt;</msg>
<arg>${get.status_code}</arg>
<arg>200</arg>
<doc>Fails if objects are unequal after converting them to real numbers.</doc>
<status status="PASS" start="2026-04-10T11:47:13.960663" elapsed="0.000000"/>
</kw>
<kw name="Should Be Equal As Strings" owner="BuiltIn">
<arg>${get.json()}[email]</arg>
<arg>${email_esperado}</arg>
<doc>Fails if objects are unequal after converting them to strings.</doc>
<status status="PASS" start="2026-04-10T11:47:13.960663" elapsed="0.000000"/>
</kw>
<arg>${id}</arg>
<arg>${email}</arg>
<doc>Faz GET /usuarios/{id} e confirma que o email bate com o criado.
Útil para garantir que o recurso foi de fato persistido.</doc>
<status status="PASS" start="2026-04-10T11:47:13.759689" elapsed="0.200974"/>
</kw>
<kw name="Buscar Usuario Por Id" owner="keywords">
<kw name="GET On Session" owner="RequestsLibrary">
<msg time="2026-04-10T11:47:14.165269" level="INFO">GET Request : url=https://compassuol.serverest.dev/usuarios/qVpij4CShXKr3k8J 
 path_url=/usuarios/qVpij4CShXKr3k8J 
 headers={'User-Agent': 'python-requests/2.31.0', 'Accept-Encoding': 'gzip, deflate', 'Accept': '*/*', 'Connection': 'keep-alive'} 
 body=None 
 </msg>
<msg time="2026-04-10T11:47:14.165269" level="INFO">GET Response : url=https://compassuol.serverest.dev/usuarios/qVpij4CShXKr3k8J 
 status=200, reason=OK 
 headers={'access-control-allow-origin': '*', 'x-dns-prefetch-control': 'off', 'x-frame-options': 'SAMEORIGIN', 'strict-transport-security': 'max-age=15552000; includeSubDomains', 'x-download-options': 'noopen', 'x-content-type-options': 'nosniff', 'x-xss-protection': '1; mode=block', 'content-type': 'application/json; charset=utf-8', 'x-cloud-trace-context': 'c2047c5894478a2124e30a8d60b25051', 'date': 'Fri, 10 Apr 2026 14:47:10 GMT', 'server': 'Google Frontend', 'Content-Length': '162'} 
 body={
    "nome": "Thomas Palmer",
    "email": "jenningsernest@example.com",
    "password": "Test@123",
    "administrador": "true",
    "_id": "qVpij4CShXKr3k8J"
} 
 </msg>
<msg time="2026-04-10T11:47:14.165269" level="INFO">${resp} = &lt;Response [200]&gt;</msg>
<var>${resp}</var>
<arg>${SESSION}</arg>
<arg>/usuarios/${id}</arg>
<arg>expected_status=any</arg>
<doc>Sends a GET request on a previously created HTTP Session.</doc>
<status status="PASS" start="2026-04-10T11:47:13.960663" elapsed="0.204606"/>
</kw>
<return>
<value>${resp}</value>
<status status="PASS" start="2026-04-10T11:47:14.165269" elapsed="0.000000"/>
</return>
<msg time="2026-04-10T11:47:14.165269" level="INFO">${get} = &lt;Response [200]&gt;</msg>
<var>${get}</var>
<arg>${id}</arg>
<doc>GET /usuarios/{id} — retorna response completo.</doc>
<status status="PASS" start="2026-04-10T11:47:13.960663" elapsed="0.204606"/>
</kw>
<kw name="Should Be Equal As Strings" owner="BuiltIn">
<arg>${get.json()}[administrador]</arg>
<arg>true</arg>
<doc>Fails if objects are unequal after converting them to strings.</doc>
<status status="PASS" start="2026-04-10T11:47:14.180982" elapsed="0.000000"/>
</kw>
<doc>Verifica que POST /usuarios cria um administrador com sucesso.
Confirma status 201, presença de _id, message exata e persistência via GET.</doc>
<tag>CT-U01</tag>
<tag>positivo</tag>
<tag>usuario</tag>
<status status="PASS" start="2026-04-10T11:47:12.754425" elapsed="1.426557"/>
</test>
<test id="s1-s1-t2" name="CT-U02 - Rejeitar criacao de usuario com email ja cadastrado" line="58">
<kw name="Criar Usuario Admin" owner="keywords">
<kw name="Criar Usuario" owner="keywords">
<kw name="Gerar Dados Fake De Usuario" owner="keywords">
<kw name="Name" owner="FakerLibrary">
<msg time="2026-04-10T11:47:14.192515" level="INFO">${nome} = Rebecca Grant</msg>
<var>${nome}</var>
<doc>:example: 'John Doe'</doc>
<status status="PASS" start="2026-04-10T11:47:14.190268" elapsed="0.002247"/>
</kw>
<kw name="Email" owner="FakerLibrary">
<msg time="2026-04-10T11:47:14.192515" level="INFO">${email} = katrinagarza@example.org</msg>
<var>${email}</var>
<status status="PASS" start="2026-04-10T11:47:14.192515" elapsed="0.000000"/>
</kw>
<return>
<value>${nome}</value>
<value>${email}</value>
<status status="PASS" start="2026-04-10T11:47:14.192515" elapsed="0.000000"/>
</return>
<msg time="2026-04-10T11:47:14.192515" level="INFO">${nome} = Rebecca Grant</msg>
<msg time="2026-04-10T11:47:14.192515" level="INFO">${email} = katrinagarza@example.org</msg>
<var>${nome}</var>
<var>${email}</var>
<doc>Gera nome e email únicos via FakerLibrary.
Retorna: nome, email</doc>
<status status="PASS" start="2026-04-10T11:47:14.190268" elapsed="0.002247"/>
</kw>
<kw name="Montar Body De Usuario" owner="keywords">
<kw name="Create Dictionary" owner="BuiltIn">
<msg time="2026-04-10T11:47:14.194523" level="INFO">${body} = {'nome': 'Rebecca Grant', 'email': 'katrinagarza@example.org', 'password': 'Test@123', 'administrador': 'true'}</msg>
<var>${body}</var>
<arg>nome=${nome}</arg>
<arg>email=${email}</arg>
<arg>password=${password}</arg>
<arg>administrador=${administrador}</arg>
<doc>Creates and returns a dictionary based on the given ``items``.</doc>
<status status="PASS" start="2026-04-10T11:47:14.194523" elapsed="0.001112"/>
</kw>
<return>
<value>${body}</value>
<status status="PASS" start="2026-04-10T11:47:14.195635" elapsed="0.000000"/>
</return>
<msg time="2026-04-10T11:47:14.195635" level="INFO">${body} = {'nome': 'Rebecca Grant', 'email': 'katrinagarza@example.org', 'password': 'Test@123', 'administrador': 'true'}</msg>
<var>${body}</var>
<arg>${nome}</arg>
<arg>${email}</arg>
<arg>administrador=${administrador}</arg>
<doc>Constrói payload JSON para POST/PUT /usuarios.
Argumentos: nome, email, password, administrador.</doc>
<status status="PASS" start="2026-04-10T11:47:14.194523" elapsed="0.001112"/>
</kw>
<kw name="POST On Session" owner="RequestsLibrary">
<msg time="2026-04-10T11:47:14.398062" level="INFO">POST Request : url=https://compassuol.serverest.dev/usuarios 
 path_url=/usuarios 
 headers={'User-Agent': 'python-requests/2.31.0', 'Accept-Encoding': 'gzip, deflate', 'Accept': '*/*', 'Connection': 'keep-alive', 'Content-Length': '111', 'Content-Type': 'application/json'} 
 body=b'{"nome": "Rebecca Grant", "email": "katrinagarza@example.org", "password": "Test@123", "administrador": "true"}' 
 </msg>
<msg time="2026-04-10T11:47:14.398062" level="INFO">POST Response : url=https://compassuol.serverest.dev/usuarios 
 status=201, reason=Created 
 headers={'access-control-allow-origin': '*', 'x-dns-prefetch-control': 'off', 'x-frame-options': 'SAMEORIGIN', 'strict-transport-security': 'max-age=15552000; includeSubDomains', 'x-download-options': 'noopen', 'x-content-type-options': 'nosniff', 'x-xss-protection': '1; mode=block', 'content-type': 'application/json; charset=utf-8', 'x-cloud-trace-context': '5c2c14752ed7defa24e30a8d60b2548e', 'date': 'Fri, 10 Apr 2026 14:47:10 GMT', 'server': 'Google Frontend', 'Content-Length': '82'} 
 body={
    "message": "Cadastro realizado com sucesso",
    "_id": "IJyRxWRd4AIJlfo3"
} 
 </msg>
<msg time="2026-04-10T11:47:14.398062" level="INFO">${resp} = &lt;Response [201]&gt;</msg>
<var>${resp}</var>
<arg>${SESSION}</arg>
<arg>/usuarios</arg>
<arg>json=${body}</arg>
<arg>expected_status=any</arg>
<doc>Sends a POST request on a previously created HTTP Session.</doc>
<status status="PASS" start="2026-04-10T11:47:14.196862" elapsed="0.201200"/>
</kw>
<if>
<branch type="IF" condition="${resp.status_code} == 201">
<kw name="Append To List" owner="Collections">
<arg>${USUARIOS_CRIADOS}</arg>
<arg>${resp.json()}[_id]</arg>
<doc>Adds ``values`` to the end of ``list``.</doc>
<status status="PASS" start="2026-04-10T11:47:14.404468" elapsed="0.002020"/>
</kw>
<status status="PASS" start="2026-04-10T11:47:14.404468" elapsed="0.002020"/>
</branch>
<status status="PASS" start="2026-04-10T11:47:14.404468" elapsed="0.002020"/>
</if>
<return>
<value>${resp}</value>
<value>${email}</value>
<status status="PASS" start="2026-04-10T11:47:14.406488" elapsed="0.000000"/>
</return>
<msg time="2026-04-10T11:47:14.406488" level="INFO">${resp} = &lt;Response [201]&gt;</msg>
<msg time="2026-04-10T11:47:14.406488" level="INFO">${email} = katrinagarza@example.org</msg>
<var>${resp}</var>
<var>${email}</var>
<arg>administrador=${ADMIN_FLAG}</arg>
<doc>POST /usuarios com perfil configurável.
Registra _id em USUARIOS_CRIADOS para cleanup automático.
Retorna: response, email</doc>
<status status="PASS" start="2026-04-10T11:47:14.188784" elapsed="0.217704"/>
</kw>
<return>
<value>${resp}</value>
<value>${email}</value>
<status status="PASS" start="2026-04-10T11:47:14.406488" elapsed="0.000000"/>
</return>
<msg time="2026-04-10T11:47:14.408512" level="INFO">${resp1} = &lt;Response [201]&gt;</msg>
<msg time="2026-04-10T11:47:14.408512" level="INFO">${email} = katrinagarza@example.org</msg>
<var>${resp1}</var>
<var>${email}</var>
<doc>Atalho para criar usuário com perfil administrador (administrador=true).</doc>
<status status="PASS" start="2026-04-10T11:47:14.186834" elapsed="0.221678"/>
</kw>
<kw name="Validar Status Code" owner="keywords">
<kw name="Should Be Equal As Numbers" owner="BuiltIn">
<msg time="2026-04-10T11:47:14.408512" level="INFO">Argument types are:
&lt;class 'int'&gt;
&lt;class 'str'&gt;</msg>
<arg>${resp.status_code}</arg>
<arg>${status_esperado}</arg>
<doc>Fails if objects are unequal after converting them to real numbers.</doc>
<status status="PASS" start="2026-04-10T11:47:14.408512" elapsed="0.000000"/>
</kw>
<arg>${resp1}</arg>
<arg>201</arg>
<doc>Confirma que o status HTTP bate com o esperado.</doc>
<status status="PASS" start="2026-04-10T11:47:14.408512" elapsed="0.000000"/>
</kw>
<kw name="Name" owner="FakerLibrary">
<msg time="2026-04-10T11:47:14.408512" level="INFO">${nome2} = John Escobar</msg>
<var>${nome2}</var>
<doc>:example: 'John Doe'</doc>
<status status="PASS" start="2026-04-10T11:47:14.408512" elapsed="0.000000"/>
</kw>
<kw name="Montar Body De Usuario" owner="keywords">
<kw name="Create Dictionary" owner="BuiltIn">
<msg time="2026-04-10T11:47:14.413992" level="INFO">${body} = {'nome': 'John Escobar', 'email': 'katrinagarza@example.org', 'password': 'Test@123', 'administrador': 'false'}</msg>
<var>${body}</var>
<arg>nome=${nome}</arg>
<arg>email=${email}</arg>
<arg>password=${password}</arg>
<arg>administrador=${administrador}</arg>
<doc>Creates and returns a dictionary based on the given ``items``.</doc>
<status status="PASS" start="2026-04-10T11:47:14.413992" elapsed="0.000000"/>
</kw>
<return>
<value>${body}</value>
<status status="PASS" start="2026-04-10T11:47:14.413992" elapsed="0.000000"/>
</return>
<msg time="2026-04-10T11:47:14.413992" level="INFO">${body2} = {'nome': 'John Escobar', 'email': 'katrinagarza@example.org', 'password': 'Test@123', 'administrador': 'false'}</msg>
<var>${body2}</var>
<arg>${nome2}</arg>
<arg>${email}</arg>
<arg>administrador=${USER_FLAG}</arg>
<doc>Constrói payload JSON para POST/PUT /usuarios.
Argumentos: nome, email, password, administrador.</doc>
<status status="PASS" start="2026-04-10T11:47:14.413992" elapsed="0.000000"/>
</kw>
<kw name="Criar Usuario Com Body Customizado" owner="keywords">
<kw name="POST On Session" owner="RequestsLibrary">
<msg time="2026-04-10T11:47:14.615201" level="INFO">POST Request : url=https://compassuol.serverest.dev/usuarios 
 path_url=/usuarios 
 headers={'User-Agent': 'python-requests/2.31.0', 'Accept-Encoding': 'gzip, deflate', 'Accept': '*/*', 'Connection': 'keep-alive', 'Content-Length': '111', 'Content-Type': 'application/json'} 
 body=b'{"nome": "John Escobar", "email": "katrinagarza@example.org", "password": "Test@123", "administrador": "false"}' 
 </msg>
<msg time="2026-04-10T11:47:14.615201" level="INFO">POST Response : url=https://compassuol.serverest.dev/usuarios 
 status=400, reason=Bad Request 
 headers={'access-control-allow-origin': '*', 'x-dns-prefetch-control': 'off', 'x-frame-options': 'SAMEORIGIN', 'strict-transport-security': 'max-age=15552000; includeSubDomains', 'x-download-options': 'noopen', 'x-content-type-options': 'nosniff', 'x-xss-protection': '1; mode=block', 'content-type': 'application/json; charset=utf-8', 'x-cloud-trace-context': '992871b5318c2e9a24e30a8d60b25c2e', 'date': 'Fri, 10 Apr 2026 14:47:11 GMT', 'server': 'Google Frontend', 'Content-Length': '53'} 
 body={
    "message": "Este email já está sendo usado"
} 
 </msg>
<msg time="2026-04-10T11:47:14.615201" level="INFO">${resp} = &lt;Response [400]&gt;</msg>
<var>${resp}</var>
<arg>${SESSION}</arg>
<arg>/usuarios</arg>
<arg>json=${body}</arg>
<arg>expected_status=any</arg>
<doc>Sends a POST request on a previously created HTTP Session.</doc>
<status status="PASS" start="2026-04-10T11:47:14.413992" elapsed="0.211803"/>
</kw>
<if>
<branch type="IF" condition="${resp.status_code} == 201">
<kw name="Append To List" owner="Collections">
<arg>${USUARIOS_CRIADOS}</arg>
<arg>${resp.json()}[_id]</arg>
<doc>Adds ``values`` to the end of ``list``.</doc>
<status status="NOT RUN" start="2026-04-10T11:47:14.625795" elapsed="0.000000"/>
</kw>
<status status="NOT RUN" start="2026-04-10T11:47:14.625795" elapsed="0.000000"/>
</branch>
<status status="PASS" start="2026-04-10T11:47:14.625795" elapsed="0.000000"/>
</if>
<return>
<value>${resp}</value>
<status status="PASS" start="2026-04-10T11:47:14.627812" elapsed="0.000000"/>
</return>
<msg time="2026-04-10T11:47:14.627812" level="INFO">${resp2} = &lt;Response [400]&gt;</msg>
<var>${resp2}</var>
<arg>${body2}</arg>
<doc>POST /usuarios com payload arbitrário (para cenários negativos).
Registra _id em USUARIOS_CRIADOS se a resposta for 201.
Retorna: response</doc>
<status status="PASS" start="2026-04-10T11:47:14.413992" elapsed="0.213820"/>
</kw>
<kw name="Validar Status E Mensagem" owner="keywords">
<kw name="Validar Status Code" owner="keywords">
<kw name="Should Be Equal As Numbers" owner="BuiltIn">
<msg time="2026-04-10T11:47:14.628826" level="INFO">Argument types are:
&lt;class 'int'&gt;
&lt;class 'str'&gt;</msg>
<arg>${resp.status_code}</arg>
<arg>${status_esperado}</arg>
<doc>Fails if objects are unequal after converting them to real numbers.</doc>
<status status="PASS" start="2026-04-10T11:47:14.628826" elapsed="0.000000"/>
</kw>
<arg>${resp}</arg>
<arg>${status_esperado}</arg>
<doc>Confirma que o status HTTP bate com o esperado.</doc>
<status status="PASS" start="2026-04-10T11:47:14.628826" elapsed="0.000000"/>
</kw>
<kw name="Validar Mensagem Exata" owner="keywords">
<kw name="Should Be Equal As Strings" owner="BuiltIn">
<arg>${resp.json()}[message]</arg>
<arg>${message_esperada}</arg>
<doc>Fails if objects are unequal after converting them to strings.</doc>
<status status="PASS" start="2026-04-10T11:47:14.628826" elapsed="0.000000"/>
</kw>
<arg>${resp}</arg>
<arg>${message_esperada}</arg>
<doc>Confirma que o campo "message" do JSON é exatamente o esperado.</doc>
<status status="PASS" start="2026-04-10T11:47:14.628826" elapsed="0.000000"/>
</kw>
<arg>${resp2}</arg>
<arg>400</arg>
<arg>${MSG_EMAIL_DUPLICADO}</arg>
<doc>Combinação: valida status HTTP + campo message exato.</doc>
<status status="PASS" start="2026-04-10T11:47:14.628826" elapsed="0.000000"/>
</kw>
<kw name="Validar Unicidade Do Email" owner="keywords">
<kw name="Create Dictionary" owner="BuiltIn">
<msg time="2026-04-10T11:47:14.628826" level="INFO">${params} = {'email': 'katrinagarza@example.org'}</msg>
<var>${params}</var>
<arg>email=${email}</arg>
<doc>Creates and returns a dictionary based on the given ``items``.</doc>
<status status="PASS" start="2026-04-10T11:47:14.628826" elapsed="0.000000"/>
</kw>
<kw name="Buscar Usuarios Com Filtro" owner="keywords">
<kw name="GET On Session" owner="RequestsLibrary">
<msg time="2026-04-10T11:47:14.816356" level="INFO">GET Request : url=https://compassuol.serverest.dev/usuarios?email=katrinagarza%40example.org 
 path_url=/usuarios?email=katrinagarza%40example.org 
 headers={'User-Agent': 'python-requests/2.31.0', 'Accept-Encoding': 'gzip, deflate', 'Accept': '*/*', 'Connection': 'keep-alive'} 
 body=None 
 </msg>
<msg time="2026-04-10T11:47:14.816356" level="INFO">GET Response : url=https://compassuol.serverest.dev/usuarios?email=katrinagarza%40example.org 
 status=200, reason=OK 
 headers={'access-control-allow-origin': '*', 'x-dns-prefetch-control': 'off', 'x-frame-options': 'SAMEORIGIN', 'strict-transport-security': 'max-age=15552000; includeSubDomains', 'x-download-options': 'noopen', 'x-content-type-options': 'nosniff', 'x-xss-protection': '1; mode=block', 'content-type': 'application/json; charset=utf-8', 'x-cloud-trace-context': 'b026892dfc5ecf6224e30a8d60b25f35', 'date': 'Fri, 10 Apr 2026 14:47:11 GMT', 'server': 'Google Frontend', 'Content-Length': '265'} 
 body={
    "quantidade": 1,
    "usuarios": [
        {
            "nome": "Rebecca Grant",
            "email": "katrinagarza@example.org",
            "password": "Test@123",
            "administrador": "true",
            "_id": "IJyRxWRd4AIJlfo3"
        }
    ]
} 
 </msg>
<msg time="2026-04-10T11:47:14.816356" level="INFO">${resp} = &lt;Response [200]&gt;</msg>
<var>${resp}</var>
<arg>${SESSION}</arg>
<arg>/usuarios</arg>
<arg>params=${params}</arg>
<arg>expected_status=any</arg>
<doc>Sends a GET request on a previously created HTTP Session.</doc>
<status status="PASS" start="2026-04-10T11:47:14.628826" elapsed="0.187530"/>
</kw>
<return>
<value>${resp}</value>
<status status="PASS" start="2026-04-10T11:47:14.816356" elapsed="0.015819"/>
</return>
<msg time="2026-04-10T11:47:14.832175" level="INFO">${get} = &lt;Response [200]&gt;</msg>
<var>${get}</var>
<arg>${params}</arg>
<doc>GET /usuarios com parâmetros de query — retorna response completo.</doc>
<status status="PASS" start="2026-04-10T11:47:14.628826" elapsed="0.203349"/>
</kw>
<kw name="Should Be Equal As Numbers" owner="BuiltIn">
<msg time="2026-04-10T11:47:14.834192" level="INFO">Argument types are:
&lt;class 'int'&gt;
&lt;class 'str'&gt;</msg>
<arg>${get.status_code}</arg>
<arg>200</arg>
<doc>Fails if objects are unequal after converting them to real numbers.</doc>
<status status="PASS" start="2026-04-10T11:47:14.832175" elapsed="0.002017"/>
</kw>
<kw name="Should Be Equal As Numbers" owner="BuiltIn">
<msg time="2026-04-10T11:47:14.834192" level="INFO">Argument types are:
&lt;class 'int'&gt;
&lt;class 'str'&gt;</msg>
<arg>${get.json()}[quantidade]</arg>
<arg>1</arg>
<doc>Fails if objects are unequal after converting them to real numbers.</doc>
<status status="PASS" start="2026-04-10T11:47:14.834192" elapsed="0.000000"/>
</kw>
<arg>${email}</arg>
<doc>Filtra /usuarios por email e confirma que há exatamente 1 registro.
Útil para garantir que email duplicado não criou segundo registro.</doc>
<status status="PASS" start="2026-04-10T11:47:14.628826" elapsed="0.205366"/>
</kw>
<doc>Verifica que o segundo cadastro com o mesmo email é rejeitado com 400.
Confirma message de duplicidade e que o banco contém apenas 1 registro.</doc>
<tag>CT-U02</tag>
<tag>negativo</tag>
<tag>usuario</tag>
<status status="PASS" start="2026-04-10T11:47:14.180982" elapsed="0.653210"/>
</test>
<test id="s1-s1-t3" name="CT-U03 - Rejeitar criacao de usuario sem campo email obrigatorio" line="81">
<kw name="Create Dictionary" owner="BuiltIn">
<msg time="2026-04-10T11:47:14.834192" level="INFO">${body} = {'nome': 'Usuario Sem Email', 'password': 'Test@123', 'administrador': 'true'}</msg>
<var>${body}</var>
<arg>nome=Usuario Sem Email</arg>
<arg>password=${PASSWORD}</arg>
<arg>administrador=${ADMIN_FLAG}</arg>
<doc>Creates and returns a dictionary based on the given ``items``.</doc>
<status status="PASS" start="2026-04-10T11:47:14.834192" elapsed="0.000000"/>
</kw>
<kw name="Criar Usuario Com Body Customizado" owner="keywords">
<kw name="POST On Session" owner="RequestsLibrary">
<msg time="2026-04-10T11:47:15.038475" level="INFO">POST Request : url=https://compassuol.serverest.dev/usuarios 
 path_url=/usuarios 
 headers={'User-Agent': 'python-requests/2.31.0', 'Accept-Encoding': 'gzip, deflate', 'Accept': '*/*', 'Connection': 'keep-alive', 'Content-Length': '78', 'Content-Type': 'application/json'} 
 body=b'{"nome": "Usuario Sem Email", "password": "Test@123", "administrador": "true"}' 
 </msg>
<msg time="2026-04-10T11:47:15.038475" level="INFO">POST Response : url=https://compassuol.serverest.dev/usuarios 
 status=400, reason=Bad Request 
 headers={'access-control-allow-origin': '*', 'x-dns-prefetch-control': 'off', 'x-frame-options': 'SAMEORIGIN', 'strict-transport-security': 'max-age=15552000; includeSubDomains', 'x-download-options': 'noopen', 'x-content-type-options': 'nosniff', 'x-xss-protection': '1; mode=block', 'content-type': 'application/json; charset=utf-8', 'x-cloud-trace-context': '1c8cb23d4d487cd724e30a8d60b257cc', 'date': 'Fri, 10 Apr 2026 14:47:11 GMT', 'server': 'Google Frontend', 'Content-Length': '40'} 
 body={
    "email": "email é obrigatório"
} 
 </msg>
<msg time="2026-04-10T11:47:15.038475" level="INFO">${resp} = &lt;Response [400]&gt;</msg>
<var>${resp}</var>
<arg>${SESSION}</arg>
<arg>/usuarios</arg>
<arg>json=${body}</arg>
<arg>expected_status=any</arg>
<doc>Sends a POST request on a previously created HTTP Session.</doc>
<status status="PASS" start="2026-04-10T11:47:14.834192" elapsed="0.209238"/>
</kw>
<if>
<branch type="IF" condition="${resp.status_code} == 201">
<kw name="Append To List" owner="Collections">
<arg>${USUARIOS_CRIADOS}</arg>
<arg>${resp.json()}[_id]</arg>
<doc>Adds ``values`` to the end of ``list``.</doc>
<status status="NOT RUN" start="2026-04-10T11:47:15.043430" elapsed="0.000000"/>
</kw>
<status status="NOT RUN" start="2026-04-10T11:47:15.043430" elapsed="0.000000"/>
</branch>
<status status="PASS" start="2026-04-10T11:47:15.043430" elapsed="0.000000"/>
</if>
<return>
<value>${resp}</value>
<status status="PASS" start="2026-04-10T11:47:15.043430" elapsed="0.000000"/>
</return>
<msg time="2026-04-10T11:47:15.045451" level="INFO">${resp} = &lt;Response [400]&gt;</msg>
<var>${resp}</var>
<arg>${body}</arg>
<doc>POST /usuarios com payload arbitrário (para cenários negativos).
Registra _id em USUARIOS_CRIADOS se a resposta for 201.
Retorna: response</doc>
<status status="PASS" start="2026-04-10T11:47:14.834192" elapsed="0.211259"/>
</kw>
<kw name="Validar Status Code" owner="keywords">
<kw name="Should Be Equal As Numbers" owner="BuiltIn">
<msg time="2026-04-10T11:47:15.045451" level="INFO">Argument types are:
&lt;class 'int'&gt;
&lt;class 'str'&gt;</msg>
<arg>${resp.status_code}</arg>
<arg>${status_esperado}</arg>
<doc>Fails if objects are unequal after converting them to real numbers.</doc>
<status status="PASS" start="2026-04-10T11:47:15.045451" elapsed="0.000000"/>
</kw>
<arg>${resp}</arg>
<arg>400</arg>
<doc>Confirma que o status HTTP bate com o esperado.</doc>
<status status="PASS" start="2026-04-10T11:47:15.045451" elapsed="0.000000"/>
</kw>
<kw name="Validar Mensagem Contem" owner="keywords">
<kw name="Set Variable" owner="BuiltIn">
<msg time="2026-04-10T11:47:15.050881" level="INFO">${json} = {'email': 'email é obrigatório'}</msg>
<var>${json}</var>
<arg>${resp.json()}</arg>
<doc>Returns the given values which can then be assigned to a variables.</doc>
<status status="PASS" start="2026-04-10T11:47:15.045451" elapsed="0.005430"/>
</kw>
<kw name="Run Keyword And Return Status" owner="BuiltIn">
<kw name="Dictionary Should Contain Key" owner="Collections">
<msg time="2026-04-10T11:47:15.050881" level="INFO">False</msg>
<msg time="2026-04-10T11:47:15.050881" level="FAIL">Dictionary does not contain key 'message'.</msg>
<arg>${json}</arg>
<arg>message</arg>
<doc>Fails if ``key`` is not found from ``dictionary``.</doc>
<status status="FAIL" start="2026-04-10T11:47:15.050881" elapsed="0.002016">Dictionary does not contain key 'message'.</status>
</kw>
<msg time="2026-04-10T11:47:15.052897" level="INFO">${has_message} = False</msg>
<var>${has_message}</var>
<arg>Dictionary Should Contain Key</arg>
<arg>${json}</arg>
<arg>message</arg>
<doc>Runs the given keyword with given arguments and returns the status as a Boolean value.</doc>
<status status="PASS" start="2026-04-10T11:47:15.050881" elapsed="0.002016"/>
</kw>
<if>
<branch type="IF" condition="${has_message}">
<kw name="Should Contain" owner="BuiltIn">
<arg>${json}[message]</arg>
<arg>${trecho}</arg>
<doc>Fails if ``container`` does not contain ``item`` one or more times.</doc>
<status status="NOT RUN" start="2026-04-10T11:47:15.052897" elapsed="0.000000"/>
</kw>
<status status="NOT RUN" start="2026-04-10T11:47:15.052897" elapsed="0.000000"/>
</branch>
<branch type="ELSE">
<kw name="Convert To String" owner="BuiltIn">
<msg time="2026-04-10T11:47:15.054418" level="INFO">${resp_str} = {'email': 'email é obrigatório'}</msg>
<var>${resp_str}</var>
<arg>${json}</arg>
<doc>Converts the given item to a Unicode string.</doc>
<status status="PASS" start="2026-04-10T11:47:15.052897" elapsed="0.001521"/>
</kw>
<kw name="Should Contain" owner="BuiltIn">
<arg>${resp_str}</arg>
<arg>${trecho}</arg>
<doc>Fails if ``container`` does not contain ``item`` one or more times.</doc>
<status status="PASS" start="2026-04-10T11:47:15.054418" elapsed="0.000000"/>
</kw>
<status status="PASS" start="2026-04-10T11:47:15.052897" elapsed="0.001521"/>
</branch>
<status status="PASS" start="2026-04-10T11:47:15.052897" elapsed="0.001521"/>
</if>
<arg>${resp}</arg>
<arg>email</arg>
<doc>Confirma que o campo "message" do JSON contém o trecho esperado.
Se "message" não existir, tenta validar em outros campos da resposta.</doc>
<status status="PASS" start="2026-04-10T11:47:15.045451" elapsed="0.008967"/>
</kw>
<doc>Verifica que payload sem o campo obrigatório "email" retorna 400.
A message deve mencionar o campo ausente.</doc>
<tag>CT-U03</tag>
<tag>negativo</tag>
<tag>usuario</tag>
<status status="PASS" start="2026-04-10T11:47:14.834192" elapsed="0.222237"/>
</test>
<test id="s1-s1-t4" name="CT-U09 - GET usuarios com filtro de email inexistente retorna lista vazia" line="100">
<kw name="Create Dictionary" owner="BuiltIn">
<msg time="2026-04-10T11:47:15.060161" level="INFO">${params} = {'email': 'naoexiste_faker_unico_xyz@invalid.com.br'}</msg>
<var>${params}</var>
<arg>email=naoexiste_faker_unico_xyz@invalid.com.br</arg>
<doc>Creates and returns a dictionary based on the given ``items``.</doc>
<status status="PASS" start="2026-04-10T11:47:15.060161" elapsed="0.000000"/>
</kw>
<kw name="Buscar Usuarios Com Filtro" owner="keywords">
<kw name="GET On Session" owner="RequestsLibrary">
<msg time="2026-04-10T11:47:15.546797" level="INFO">GET Request : url=https://compassuol.serverest.dev/usuarios?email=naoexiste_faker_unico_xyz%40invalid.com.br 
 path_url=/usuarios?email=naoexiste_faker_unico_xyz%40invalid.com.br 
 headers={'User-Agent': 'python-requests/2.31.0', 'Accept-Encoding': 'gzip, deflate', 'Accept': '*/*', 'Connection': 'keep-alive'} 
 body=None 
 </msg>
<msg time="2026-04-10T11:47:15.546797" level="INFO">GET Response : url=https://compassuol.serverest.dev/usuarios?email=naoexiste_faker_unico_xyz%40invalid.com.br 
 status=200, reason=OK 
 headers={'access-control-allow-origin': '*', 'x-dns-prefetch-control': 'off', 'x-frame-options': 'SAMEORIGIN', 'strict-transport-security': 'max-age=15552000; includeSubDomains', 'x-download-options': 'noopen', 'x-content-type-options': 'nosniff', 'x-xss-protection': '1; mode=block', 'content-type': 'application/json; charset=utf-8', 'x-cloud-trace-context': '43d8fe4194629d6224e30a8d60b2520a', 'date': 'Fri, 10 Apr 2026 14:47:11 GMT', 'server': 'Google Frontend', 'Content-Length': '43'} 
 body={
    "quantidade": 0,
    "usuarios": []
} 
 </msg>
<msg time="2026-04-10T11:47:15.546797" level="INFO">${resp} = &lt;Response [200]&gt;</msg>
<var>${resp}</var>
<arg>${SESSION}</arg>
<arg>/usuarios</arg>
<arg>params=${params}</arg>
<arg>expected_status=any</arg>
<doc>Sends a GET request on a previously created HTTP Session.</doc>
<status status="PASS" start="2026-04-10T11:47:15.060161" elapsed="0.486636"/>
</kw>
<return>
<value>${resp}</value>
<status status="PASS" start="2026-04-10T11:47:15.546797" elapsed="0.000000"/>
</return>
<msg time="2026-04-10T11:47:15.546797" level="INFO">${resp} = &lt;Response [200]&gt;</msg>
<var>${resp}</var>
<arg>${params}</arg>
<doc>GET /usuarios com parâmetros de query — retorna response completo.</doc>
<status status="PASS" start="2026-04-10T11:47:15.060161" elapsed="0.486636"/>
</kw>
<kw name="Validar Status Code" owner="keywords">
<kw name="Should Be Equal As Numbers" owner="BuiltIn">
<msg time="2026-04-10T11:47:15.554586" level="INFO">Argument types are:
&lt;class 'int'&gt;
&lt;class 'str'&gt;</msg>
<arg>${resp.status_code}</arg>
<arg>${status_esperado}</arg>
<doc>Fails if objects are unequal after converting them to real numbers.</doc>
<status status="PASS" start="2026-04-10T11:47:15.552567" elapsed="0.002019"/>
</kw>
<arg>${resp}</arg>
<arg>200</arg>
<doc>Confirma que o status HTTP bate com o esperado.</doc>
<status status="PASS" start="2026-04-10T11:47:15.546797" elapsed="0.007789"/>
</kw>
<kw name="Validar Lista Vazia" owner="keywords">
<kw name="Should Be Equal As Numbers" owner="BuiltIn">
<msg time="2026-04-10T11:47:15.560630" level="INFO">Argument types are:
&lt;class 'int'&gt;
&lt;class 'str'&gt;</msg>
<arg>${resp.json()}[quantidade]</arg>
<arg>0</arg>
<doc>Fails if objects are unequal after converting them to real numbers.</doc>
<status status="PASS" start="2026-04-10T11:47:15.558615" elapsed="0.002015"/>
</kw>
<kw name="Set Variable" owner="BuiltIn">
<msg time="2026-04-10T11:47:15.562641" level="INFO">${lista} = []</msg>
<var>${lista}</var>
<arg>${resp.json()}[usuarios]</arg>
<doc>Returns the given values which can then be assigned to a variables.</doc>
<status status="PASS" start="2026-04-10T11:47:15.560630" elapsed="0.002011"/>
</kw>
<kw name="Length Should Be" owner="BuiltIn">
<msg time="2026-04-10T11:47:15.562641" level="INFO">Length is 0.</msg>
<arg>${lista}</arg>
<arg>0</arg>
<doc>Verifies that the length of the given item is correct.</doc>
<status status="PASS" start="2026-04-10T11:47:15.562641" elapsed="0.000000"/>
</kw>
<arg>${resp}</arg>
<doc>Confirma que o response possui quantidade=0 e array "usuarios" vazio.</doc>
<status status="PASS" start="2026-04-10T11:47:15.558615" elapsed="0.004026"/>
</kw>
<doc>Verifica que filtro por email sem correspondência retorna 200
com quantidade igual a zero e array de usuários vazio.</doc>
<tag>CT-U09</tag>
<tag>negativo</tag>
<tag>usuario</tag>
<status status="PASS" start="2026-04-10T11:47:15.059231" elapsed="0.505423"/>
</test>
<test id="s1-s1-t5" name="CT-U10 - PUT com ID inexistente realiza UPSERT e cria recurso" line="120">
<kw name="Name" owner="FakerLibrary">
<msg time="2026-04-10T11:47:15.568719" level="INFO">${nome} = Paul Garza</msg>
<var>${nome}</var>
<doc>:example: 'John Doe'</doc>
<status status="PASS" start="2026-04-10T11:47:15.567133" elapsed="0.001586"/>
</kw>
<kw name="Email" owner="FakerLibrary">
<msg time="2026-04-10T11:47:15.569663" level="INFO">${email} = elizabeth30@example.com</msg>
<var>${email}</var>
<status status="PASS" start="2026-04-10T11:47:15.569663" elapsed="0.000000"/>
</kw>
<kw name="Montar Body De Usuario" owner="keywords">
<kw name="Create Dictionary" owner="BuiltIn">
<msg time="2026-04-10T11:47:15.570710" level="INFO">${body} = {'nome': 'Paul Garza', 'email': 'elizabeth30@example.com', 'password': 'Test@123', 'administrador': 'true'}</msg>
<var>${body}</var>
<arg>nome=${nome}</arg>
<arg>email=${email}</arg>
<arg>password=${password}</arg>
<arg>administrador=${administrador}</arg>
<doc>Creates and returns a dictionary based on the given ``items``.</doc>
<status status="PASS" start="2026-04-10T11:47:15.570710" elapsed="0.000000"/>
</kw>
<return>
<value>${body}</value>
<status status="PASS" start="2026-04-10T11:47:15.570710" elapsed="0.000000"/>
</return>
<msg time="2026-04-10T11:47:15.570710" level="INFO">${body} = {'nome': 'Paul Garza', 'email': 'elizabeth30@example.com', 'password': 'Test@123', 'administrador': 'true'}</msg>
<var>${body}</var>
<arg>${nome}</arg>
<arg>${email}</arg>
<doc>Constrói payload JSON para POST/PUT /usuarios.
Argumentos: nome, email, password, administrador.</doc>
<status status="PASS" start="2026-04-10T11:47:15.570710" elapsed="0.000000"/>
</kw>
<kw name="Set Variable" owner="BuiltIn">
<msg time="2026-04-10T11:47:15.572003" level="INFO">${id_fake} = upsert_id_nao_existente_99z</msg>
<var>${id_fake}</var>
<arg>upsert_id_nao_existente_99z</arg>
<doc>Returns the given values which can then be assigned to a variables.</doc>
<status status="PASS" start="2026-04-10T11:47:15.570710" elapsed="0.001293"/>
</kw>
<kw name="Atualizar Usuario Via PUT" owner="keywords">
<kw name="PUT On Session" owner="RequestsLibrary">
<msg time="2026-04-10T11:47:15.797916" level="INFO">PUT Request : url=https://compassuol.serverest.dev/usuarios/upsert_id_nao_existente_99z 
 path_url=/usuarios/upsert_id_nao_existente_99z 
 headers={'User-Agent': 'python-requests/2.31.0', 'Accept-Encoding': 'gzip, deflate', 'Accept': '*/*', 'Connection': 'keep-alive', 'Content-Length': '107', 'Content-Type': 'application/json'} 
 body=b'{"nome": "Paul Garza", "email": "elizabeth30@example.com", "password": "Test@123", "administrador": "true"}' 
 </msg>
<msg time="2026-04-10T11:47:15.797916" level="INFO">PUT Response : url=https://compassuol.serverest.dev/usuarios/upsert_id_nao_existente_99z 
 status=201, reason=Created 
 headers={'access-control-allow-origin': '*', 'x-dns-prefetch-control': 'off', 'x-frame-options': 'SAMEORIGIN', 'strict-transport-security': 'max-age=15552000; includeSubDomains', 'x-download-options': 'noopen', 'x-content-type-options': 'nosniff', 'x-xss-protection': '1; mode=block', 'content-type': 'application/json; charset=utf-8', 'x-cloud-trace-context': 'f422e2d77968f1f424e30a8d60b255a4', 'date': 'Fri, 10 Apr 2026 14:47:12 GMT', 'server': 'Google Frontend', 'Content-Length': '82'} 
 body={
    "message": "Cadastro realizado com sucesso",
    "_id": "rPgU76L0qR36Br8l"
} 
 </msg>
<msg time="2026-04-10T11:47:15.797916" level="INFO">${resp} = &lt;Response [201]&gt;</msg>
<var>${resp}</var>
<arg>${SESSION}</arg>
<arg>/usuarios/${id}</arg>
<arg>json=${body}</arg>
<arg>expected_status=any</arg>
<doc>Sends a PUT request on a previously created HTTP Session.</doc>
<status status="PASS" start="2026-04-10T11:47:15.572003" elapsed="0.225913"/>
</kw>
<if>
<branch type="IF" condition="${resp.status_code} == 201">
<kw name="Append To List" owner="Collections">
<arg>${USUARIOS_CRIADOS}</arg>
<arg>${resp.json()}[_id]</arg>
<doc>Adds ``values`` to the end of ``list``.</doc>
<status status="PASS" start="2026-04-10T11:47:15.807599" elapsed="0.002020"/>
</kw>
<status status="PASS" start="2026-04-10T11:47:15.797916" elapsed="0.011703"/>
</branch>
<status status="PASS" start="2026-04-10T11:47:15.797916" elapsed="0.011703"/>
</if>
<return>
<value>${resp}</value>
<status status="PASS" start="2026-04-10T11:47:15.809619" elapsed="0.000000"/>
</return>
<msg time="2026-04-10T11:47:15.811632" level="INFO">${resp} = &lt;Response [201]&gt;</msg>
<var>${resp}</var>
<arg>${id_fake}</arg>
<arg>${body}</arg>
<doc>PUT /usuarios/{id} com body informado — suporta UPSERT.
Registra _id retornado em USUARIOS_CRIADOS se resposta for 201.
Retorna: response</doc>
<status status="PASS" start="2026-04-10T11:47:15.572003" elapsed="0.239629"/>
</kw>
<kw name="Validar Status E Mensagem" owner="keywords">
<kw name="Validar Status Code" owner="keywords">
<kw name="Should Be Equal As Numbers" owner="BuiltIn">
<msg time="2026-04-10T11:47:15.813657" level="INFO">Argument types are:
&lt;class 'int'&gt;
&lt;class 'str'&gt;</msg>
<arg>${resp.status_code}</arg>
<arg>${status_esperado}</arg>
<doc>Fails if objects are unequal after converting them to real numbers.</doc>
<status status="PASS" start="2026-04-10T11:47:15.813657" elapsed="0.000000"/>
</kw>
<arg>${resp}</arg>
<arg>${status_esperado}</arg>
<doc>Confirma que o status HTTP bate com o esperado.</doc>
<status status="PASS" start="2026-04-10T11:47:15.813657" elapsed="0.000000"/>
</kw>
<kw name="Validar Mensagem Exata" owner="keywords">
<kw name="Should Be Equal As Strings" owner="BuiltIn">
<arg>${resp.json()}[message]</arg>
<arg>${message_esperada}</arg>
<doc>Fails if objects are unequal after converting them to strings.</doc>
<status status="PASS" start="2026-04-10T11:47:15.813657" elapsed="0.000000"/>
</kw>
<arg>${resp}</arg>
<arg>${message_esperada}</arg>
<doc>Confirma que o campo "message" do JSON é exatamente o esperado.</doc>
<status status="PASS" start="2026-04-10T11:47:15.813657" elapsed="0.000000"/>
</kw>
<arg>${resp}</arg>
<arg>201</arg>
<arg>${MSG_CADASTRO_OK}</arg>
<doc>Combinação: valida status HTTP + campo message exato.</doc>
<status status="PASS" start="2026-04-10T11:47:15.811632" elapsed="0.002025"/>
</kw>
<kw name="Validar Campo Id Presente" owner="keywords">
<kw name="Dictionary Should Contain Key" owner="Collections">
<msg time="2026-04-10T11:47:15.821134" level="INFO">False</msg>
<arg>${resp.json()}</arg>
<arg>_id</arg>
<doc>Fails if ``key`` is not found from ``dictionary``.</doc>
<status status="PASS" start="2026-04-10T11:47:15.813657" elapsed="0.007477"/>
</kw>
<kw name="Should Not Be Empty" owner="BuiltIn">
<msg time="2026-04-10T11:47:15.823707" level="INFO">Length is 16.</msg>
<arg>${resp.json()}[_id]</arg>
<doc>Verifies that the given item is not empty.</doc>
<status status="PASS" start="2026-04-10T11:47:15.821134" elapsed="0.002573"/>
</kw>
<arg>${resp}</arg>
<doc>Confirma que "_id" existe no JSON e não é vazio.</doc>
<status status="PASS" start="2026-04-10T11:47:15.813657" elapsed="0.010050"/>
</kw>
<kw name="Set Variable" owner="BuiltIn">
<msg time="2026-04-10T11:47:15.825535" level="INFO">${novo_id} = rPgU76L0qR36Br8l</msg>
<var>${novo_id}</var>
<arg>${resp.json()}[_id]</arg>
<doc>Returns the given values which can then be assigned to a variables.</doc>
<status status="PASS" start="2026-04-10T11:47:15.825535" elapsed="0.000000"/>
</kw>
<kw name="Validar Persistencia Do Usuario" owner="keywords">
<kw name="Buscar Usuario Por Id" owner="keywords">
<kw name="GET On Session" owner="RequestsLibrary">
<msg time="2026-04-10T11:47:16.064803" level="INFO">GET Request : url=https://compassuol.serverest.dev/usuarios/rPgU76L0qR36Br8l 
 path_url=/usuarios/rPgU76L0qR36Br8l 
 headers={'User-Agent': 'python-requests/2.31.0', 'Accept-Encoding': 'gzip, deflate', 'Accept': '*/*', 'Connection': 'keep-alive'} 
 body=None 
 </msg>
<msg time="2026-04-10T11:47:16.064803" level="INFO">GET Response : url=https://compassuol.serverest.dev/usuarios/rPgU76L0qR36Br8l 
 status=200, reason=OK 
 headers={'access-control-allow-origin': '*', 'x-dns-prefetch-control': 'off', 'x-frame-options': 'SAMEORIGIN', 'strict-transport-security': 'max-age=15552000; includeSubDomains', 'x-download-options': 'noopen', 'x-content-type-options': 'nosniff', 'x-xss-protection': '1; mode=block', 'content-type': 'application/json; charset=utf-8', 'x-cloud-trace-context': '3a2da70e5d5f4d3524e30a8d60b253cb', 'date': 'Fri, 10 Apr 2026 14:47:12 GMT', 'server': 'Google Frontend', 'Content-Length': '156'} 
 body={
    "nome": "Paul Garza",
    "email": "elizabeth30@example.com",
    "password": "Test@123",
    "administrador": "true",
    "_id": "rPgU76L0qR36Br8l"
} 
 </msg>
<msg time="2026-04-10T11:47:16.064803" level="INFO">${resp} = &lt;Response [200]&gt;</msg>
<var>${resp}</var>
<arg>${SESSION}</arg>
<arg>/usuarios/${id}</arg>
<arg>expected_status=any</arg>
<doc>Sends a GET request on a previously created HTTP Session.</doc>
<status status="PASS" start="2026-04-10T11:47:15.825535" elapsed="0.239268"/>
</kw>
<return>
<value>${resp}</value>
<status status="PASS" start="2026-04-10T11:47:16.080484" elapsed="0.000000"/>
</return>
<msg time="2026-04-10T11:47:16.080484" level="INFO">${get} = &lt;Response [200]&gt;</msg>
<var>${get}</var>
<arg>${id}</arg>
<doc>GET /usuarios/{id} — retorna response completo.</doc>
<status status="PASS" start="2026-04-10T11:47:15.825535" elapsed="0.254949"/>
</kw>
<kw name="Should Be Equal As Numbers" owner="BuiltIn">
<msg time="2026-04-10T11:47:16.082507" level="INFO">Argument types are:
&lt;class 'int'&gt;
&lt;class 'str'&gt;</msg>
<arg>${get.status_code}</arg>
<arg>200</arg>
<doc>Fails if objects are unequal after converting them to real numbers.</doc>
<status status="PASS" start="2026-04-10T11:47:16.080484" elapsed="0.002023"/>
</kw>
<kw name="Should Be Equal As Strings" owner="BuiltIn">
<arg>${get.json()}[email]</arg>
<arg>${email_esperado}</arg>
<doc>Fails if objects are unequal after converting them to strings.</doc>
<status status="PASS" start="2026-04-10T11:47:16.082507" elapsed="0.002049"/>
</kw>
<arg>${novo_id}</arg>
<arg>${email}</arg>
<doc>Faz GET /usuarios/{id} e confirma que o email bate com o criado.
Útil para garantir que o recurso foi de fato persistido.</doc>
<status status="PASS" start="2026-04-10T11:47:15.825535" elapsed="0.259021"/>
</kw>
<doc>Verifica que PUT /usuarios/{id_inexistente} aplica o comportamento de
UPSERT documentado pela ServeRest: cria o recurso e retorna 201.</doc>
<tag>CT-U10</tag>
<tag>regra</tag>
<tag>upsert</tag>
<tag>usuario</tag>
<status status="PASS" start="2026-04-10T11:47:15.565224" elapsed="0.519332"/>
</test>
<test id="s1-s1-t6" name="CT-U05 - Evidenciar XSS armazenado no campo nome - BUG-01" line="148">
<kw name="Email" owner="FakerLibrary">
<msg time="2026-04-10T11:47:16.088228" level="INFO">${email} = qthomas@example.com</msg>
<var>${email}</var>
<status status="PASS" start="2026-04-10T11:47:16.088228" elapsed="0.000000"/>
</kw>
<kw name="Montar Body De Usuario" owner="keywords">
<kw name="Create Dictionary" owner="BuiltIn">
<msg time="2026-04-10T11:47:16.095418" level="INFO">${body} = {'nome': '&lt;script&gt;alert(1)&lt;/script&gt;', 'email': 'qthomas@example.com', 'password': 'Test@123', 'administrador': 'true'}</msg>
<var>${body}</var>
<arg>nome=${nome}</arg>
<arg>email=${email}</arg>
<arg>password=${password}</arg>
<arg>administrador=${administrador}</arg>
<doc>Creates and returns a dictionary based on the given ``items``.</doc>
<status status="PASS" start="2026-04-10T11:47:16.092808" elapsed="0.002610"/>
</kw>
<return>
<value>${body}</value>
<status status="PASS" start="2026-04-10T11:47:16.095418" elapsed="0.000000"/>
</return>
<msg time="2026-04-10T11:47:16.096306" level="INFO">${body} = {'nome': '&lt;script&gt;alert(1)&lt;/script&gt;', 'email': 'qthomas@example.com', 'password': 'Test@123', 'administrador': 'true'}</msg>
<var>${body}</var>
<arg>${NOME_XSS}</arg>
<arg>${email}</arg>
<doc>Constrói payload JSON para POST/PUT /usuarios.
Argumentos: nome, email, password, administrador.</doc>
<status status="PASS" start="2026-04-10T11:47:16.092808" elapsed="0.003498"/>
</kw>
<kw name="Criar Usuario Com Body Customizado" owner="keywords">
<kw name="POST On Session" owner="RequestsLibrary">
<msg time="2026-04-10T11:47:16.395044" level="INFO">POST Request : url=https://compassuol.serverest.dev/usuarios 
 path_url=/usuarios 
 headers={'User-Agent': 'python-requests/2.31.0', 'Accept-Encoding': 'gzip, deflate', 'Accept': '*/*', 'Connection': 'keep-alive', 'Content-Length': '118', 'Content-Type': 'application/json'} 
 body=b'{"nome": "&lt;script&gt;alert(1)&lt;/script&gt;", "email": "qthomas@example.com", "password": "Test@123", "administrador": "true"}' 
 </msg>
<msg time="2026-04-10T11:47:16.395044" level="INFO">POST Response : url=https://compassuol.serverest.dev/usuarios 
 status=201, reason=Created 
 headers={'access-control-allow-origin': '*', 'x-dns-prefetch-control': 'off', 'x-frame-options': 'SAMEORIGIN', 'strict-transport-security': 'max-age=15552000; includeSubDomains', 'x-download-options': 'noopen', 'x-content-type-options': 'nosniff', 'x-xss-protection': '1; mode=block', 'content-type': 'application/json; charset=utf-8', 'x-cloud-trace-context': 'e4e5fa7a9d007ac724e30a8d60b256fc', 'date': 'Fri, 10 Apr 2026 14:47:12 GMT', 'server': 'Google Frontend', 'Content-Length': '82'} 
 body={
    "message": "Cadastro realizado com sucesso",
    "_id": "vHr5Ik4icUxMs2dU"
} 
 </msg>
<msg time="2026-04-10T11:47:16.395044" level="INFO">${resp} = &lt;Response [201]&gt;</msg>
<var>${resp}</var>
<arg>${SESSION}</arg>
<arg>/usuarios</arg>
<arg>json=${body}</arg>
<arg>expected_status=any</arg>
<doc>Sends a POST request on a previously created HTTP Session.</doc>
<status status="PASS" start="2026-04-10T11:47:16.097727" elapsed="0.297317"/>
</kw>
<if>
<branch type="IF" condition="${resp.status_code} == 201">
<kw name="Append To List" owner="Collections">
<arg>${USUARIOS_CRIADOS}</arg>
<arg>${resp.json()}[_id]</arg>
<doc>Adds ``values`` to the end of ``list``.</doc>
<status status="PASS" start="2026-04-10T11:47:16.395044" elapsed="0.000000"/>
</kw>
<status status="PASS" start="2026-04-10T11:47:16.395044" elapsed="0.000000"/>
</branch>
<status status="PASS" start="2026-04-10T11:47:16.395044" elapsed="0.000000"/>
</if>
<return>
<value>${resp}</value>
<status status="PASS" start="2026-04-10T11:47:16.395044" elapsed="0.000000"/>
</return>
<msg time="2026-04-10T11:47:16.395044" level="INFO">${resp} = &lt;Response [201]&gt;</msg>
<var>${resp}</var>
<arg>${body}</arg>
<doc>POST /usuarios com payload arbitrário (para cenários negativos).
Registra _id em USUARIOS_CRIADOS se a resposta for 201.
Retorna: response</doc>
<status status="PASS" start="2026-04-10T11:47:16.096306" elapsed="0.298738"/>
</kw>
<if>
<branch type="IF" condition="${resp.status_code} == 201">
<kw name="Registrar Bug Evidenciado" owner="keywords">
<kw name="Log" owner="BuiltIn">
<msg time="2026-04-10T11:47:16.403095" level="WARN">BUG-01 CONFIRMADO: API retornou 201 — payload XSS no campo nome foi persistido no banco</msg>
<arg>${id_bug} CONFIRMADO: ${detalhe}</arg>
<arg>WARN</arg>
<doc>Logs the given message with the given level.</doc>
<status status="PASS" start="2026-04-10T11:47:16.403095" elapsed="0.000000"/>
</kw>
<arg>BUG-01</arg>
<arg>API retornou 201 — payload XSS no campo nome foi persistido no banco</arg>
<doc>Loga um aviso de BUG confirmado quando a API aceita dados inválidos.
Usado em testes de evidência (não bloqueante per se, mas o assert final falha).</doc>
<status status="PASS" start="2026-04-10T11:47:16.403095" elapsed="0.000000"/>
</kw>
<status status="PASS" start="2026-04-10T11:47:16.395044" elapsed="0.008051"/>
</branch>
<status status="PASS" start="2026-04-10T11:47:16.395044" elapsed="0.008051"/>
</if>
<kw name="Validar Status Code" owner="keywords">
<kw name="Should Be Equal As Numbers" owner="BuiltIn">
<msg time="2026-04-10T11:47:16.408359" level="INFO">Argument types are:
&lt;class 'int'&gt;
&lt;class 'str'&gt;</msg>
<msg time="2026-04-10T11:47:16.408359" level="FAIL">201.0 != 400.0</msg>
<arg>${resp.status_code}</arg>
<arg>${status_esperado}</arg>
<doc>Fails if objects are unequal after converting them to real numbers.</doc>
<status status="FAIL" start="2026-04-10T11:47:16.403095" elapsed="0.005264">201.0 != 400.0</status>
</kw>
<arg>${resp}</arg>
<arg>400</arg>
<doc>Confirma que o status HTTP bate com o esperado.</doc>
<status status="FAIL" start="2026-04-10T11:47:16.403095" elapsed="0.005264">201.0 != 400.0</status>
</kw>
<doc>BUG-01 (Alta severidade): a API aceita script no campo nome
e retorna 201 em vez do esperado 400.
Este teste FALHA intencionalmente para evidenciar a vulnerabilidade.
Referência OWASP: A03:2021 — Injection (Stored XSS).</doc>
<tag>bug</tag>
<tag>BUG-01</tag>
<tag>CT-U05</tag>
<tag>seguranca</tag>
<tag>usuario</tag>
<tag>xss</tag>
<status status="FAIL" start="2026-04-10T11:47:16.088228" elapsed="0.324117">201.0 != 400.0</status>
</test>
<test id="s1-s1-t7" name="CT-U06 - Evidenciar nome com apenas caracteres especiais - BUG-02" line="175">
<kw name="Email" owner="FakerLibrary">
<msg time="2026-04-10T11:47:16.414589" level="INFO">${email} = tiffanyharrell@example.com</msg>
<var>${email}</var>
<status status="PASS" start="2026-04-10T11:47:16.414589" elapsed="0.000000"/>
</kw>
<kw name="Montar Body De Usuario" owner="keywords">
<kw name="Create Dictionary" owner="BuiltIn">
<msg time="2026-04-10T11:47:16.416611" level="INFO">${body} = {'nome': '@@@@@@', 'email': 'tiffanyharrell@example.com', 'password': 'Test@123', 'administrador': 'false'}</msg>
<var>${body}</var>
<arg>nome=${nome}</arg>
<arg>email=${email}</arg>
<arg>password=${password}</arg>
<arg>administrador=${administrador}</arg>
<doc>Creates and returns a dictionary based on the given ``items``.</doc>
<status status="PASS" start="2026-04-10T11:47:16.416611" elapsed="0.000000"/>
</kw>
<return>
<value>${body}</value>
<status status="PASS" start="2026-04-10T11:47:16.416611" elapsed="0.000000"/>
</return>
<msg time="2026-04-10T11:47:16.416611" level="INFO">${body} = {'nome': '@@@@@@', 'email': 'tiffanyharrell@example.com', 'password': 'Test@123', 'administrador': 'false'}</msg>
<var>${body}</var>
<arg>${NOME_ESPECIAIS}</arg>
<arg>${email}</arg>
<arg>administrador=${USER_FLAG}</arg>
<doc>Constrói payload JSON para POST/PUT /usuarios.
Argumentos: nome, email, password, administrador.</doc>
<status status="PASS" start="2026-04-10T11:47:16.414589" elapsed="0.002022"/>
</kw>
<kw name="Criar Usuario Com Body Customizado" owner="keywords">
<kw name="POST On Session" owner="RequestsLibrary">
<msg time="2026-04-10T11:47:16.655322" level="INFO">POST Request : url=https://compassuol.serverest.dev/usuarios 
 path_url=/usuarios 
 headers={'User-Agent': 'python-requests/2.31.0', 'Accept-Encoding': 'gzip, deflate', 'Accept': '*/*', 'Connection': 'keep-alive', 'Content-Length': '107', 'Content-Type': 'application/json'} 
 body=b'{"nome": "@@@@@@", "email": "tiffanyharrell@example.com", "password": "Test@123", "administrador": "false"}' 
 </msg>
<msg time="2026-04-10T11:47:16.655322" level="INFO">POST Response : url=https://compassuol.serverest.dev/usuarios 
 status=201, reason=Created 
 headers={'access-control-allow-origin': '*', 'x-dns-prefetch-control': 'off', 'x-frame-options': 'SAMEORIGIN', 'strict-transport-security': 'max-age=15552000; includeSubDomains', 'x-download-options': 'noopen', 'x-content-type-options': 'nosniff', 'x-xss-protection': '1; mode=block', 'content-type': 'application/json; charset=utf-8', 'x-cloud-trace-context': '3abbc9f553ce024424e30a8d60b25be9', 'date': 'Fri, 10 Apr 2026 14:47:13 GMT', 'server': 'Google Frontend', 'Content-Length': '82'} 
 body={
    "message": "Cadastro realizado com sucesso",
    "_id": "BwQpDvudFKuO3cec"
} 
 </msg>
<msg time="2026-04-10T11:47:16.655322" level="INFO">${resp} = &lt;Response [201]&gt;</msg>
<var>${resp}</var>
<arg>${SESSION}</arg>
<arg>/usuarios</arg>
<arg>json=${body}</arg>
<arg>expected_status=any</arg>
<doc>Sends a POST request on a previously created HTTP Session.</doc>
<status status="PASS" start="2026-04-10T11:47:16.419533" elapsed="0.235789"/>
</kw>
<if>
<branch type="IF" condition="${resp.status_code} == 201">
<kw name="Append To List" owner="Collections">
<arg>${USUARIOS_CRIADOS}</arg>
<arg>${resp.json()}[_id]</arg>
<doc>Adds ``values`` to the end of ``list``.</doc>
<status status="PASS" start="2026-04-10T11:47:16.655322" elapsed="0.000000"/>
</kw>
<status status="PASS" start="2026-04-10T11:47:16.655322" elapsed="0.000000"/>
</branch>
<status status="PASS" start="2026-04-10T11:47:16.655322" elapsed="0.000000"/>
</if>
<return>
<value>${resp}</value>
<status status="PASS" start="2026-04-10T11:47:16.655322" elapsed="0.000000"/>
</return>
<msg time="2026-04-10T11:47:16.655322" level="INFO">${resp} = &lt;Response [201]&gt;</msg>
<var>${resp}</var>
<arg>${body}</arg>
<doc>POST /usuarios com payload arbitrário (para cenários negativos).
Registra _id em USUARIOS_CRIADOS se a resposta for 201.
Retorna: response</doc>
<status status="PASS" start="2026-04-10T11:47:16.419533" elapsed="0.235789"/>
</kw>
<if>
<branch type="IF" condition="${resp.status_code} == 201">
<kw name="Registrar Bug Evidenciado" owner="keywords">
<kw name="Log" owner="BuiltIn">
<msg time="2026-04-10T11:47:16.655322" level="WARN">BUG-02 CONFIRMADO: API retornou 201 — nome semanticamente inválido (@@@@@@) foi aceito</msg>
<arg>${id_bug} CONFIRMADO: ${detalhe}</arg>
<arg>WARN</arg>
<doc>Logs the given message with the given level.</doc>
<status status="PASS" start="2026-04-10T11:47:16.655322" elapsed="0.000000"/>
</kw>
<arg>BUG-02</arg>
<arg>API retornou 201 — nome semanticamente inválido (@@@@@@) foi aceito</arg>
<doc>Loga um aviso de BUG confirmado quando a API aceita dados inválidos.
Usado em testes de evidência (não bloqueante per se, mas o assert final falha).</doc>
<status status="PASS" start="2026-04-10T11:47:16.655322" elapsed="0.000000"/>
</kw>
<status status="PASS" start="2026-04-10T11:47:16.655322" elapsed="0.000000"/>
</branch>
<status status="PASS" start="2026-04-10T11:47:16.655322" elapsed="0.000000"/>
</if>
<kw name="Validar Status Code" owner="keywords">
<kw name="Should Be Equal As Numbers" owner="BuiltIn">
<msg time="2026-04-10T11:47:16.655322" level="INFO">Argument types are:
&lt;class 'int'&gt;
&lt;class 'str'&gt;</msg>
<msg time="2026-04-10T11:47:16.655322" level="FAIL">201.0 != 400.0</msg>
<arg>${resp.status_code}</arg>
<arg>${status_esperado}</arg>
<doc>Fails if objects are unequal after converting them to real numbers.</doc>
<status status="FAIL" start="2026-04-10T11:47:16.655322" elapsed="0.000000">201.0 != 400.0</status>
</kw>
<arg>${resp}</arg>
<arg>400</arg>
<doc>Confirma que o status HTTP bate com o esperado.</doc>
<status status="FAIL" start="2026-04-10T11:47:16.655322" elapsed="0.000000">201.0 != 400.0</status>
</kw>
<doc>BUG-02 (Média severidade): a API aceita nome composto apenas por
caracteres especiais (@@@@@@) e retorna 201 em vez de 400.
Este teste FALHA intencionalmente para evidenciar o bug.</doc>
<tag>bug</tag>
<tag>BUG-02</tag>
<tag>CT-U06</tag>
<tag>negativo</tag>
<tag>usuario</tag>
<status status="FAIL" start="2026-04-10T11:47:16.412345" elapsed="0.242977">201.0 != 400.0</status>
</test>
<test id="s1-s1-t8" name="CT-U07 - Evidenciar campo nome com string vazia aceito pela API - BUG-01 parcial" line="200">
<kw name="Email" owner="FakerLibrary">
<msg time="2026-04-10T11:47:16.655322" level="INFO">${email} = qzimmerman@example.net</msg>
<var>${email}</var>
<status status="PASS" start="2026-04-10T11:47:16.655322" elapsed="0.000000"/>
</kw>
<kw name="Montar Body De Usuario" owner="keywords">
<kw name="Create Dictionary" owner="BuiltIn">
<msg time="2026-04-10T11:47:16.655322" level="INFO">${body} = {'nome': '', 'email': 'qzimmerman@example.net', 'password': 'Test@123', 'administrador': 'true'}</msg>
<var>${body}</var>
<arg>nome=${nome}</arg>
<arg>email=${email}</arg>
<arg>password=${password}</arg>
<arg>administrador=${administrador}</arg>
<doc>Creates and returns a dictionary based on the given ``items``.</doc>
<status status="PASS" start="2026-04-10T11:47:16.655322" elapsed="0.000000"/>
</kw>
<return>
<value>${body}</value>
<status status="PASS" start="2026-04-10T11:47:16.655322" elapsed="0.000000"/>
</return>
<msg time="2026-04-10T11:47:16.664153" level="INFO">${body} = {'nome': '', 'email': 'qzimmerman@example.net', 'password': 'Test@123', 'administrador': 'true'}</msg>
<var>${body}</var>
<arg>${NOME_VAZIO}</arg>
<arg>${email}</arg>
<doc>Constrói payload JSON para POST/PUT /usuarios.
Argumentos: nome, email, password, administrador.</doc>
<status status="PASS" start="2026-04-10T11:47:16.655322" elapsed="0.008831"/>
</kw>
<kw name="Criar Usuario Com Body Customizado" owner="keywords">
<kw name="POST On Session" owner="RequestsLibrary">
<msg time="2026-04-10T11:47:16.894052" level="INFO">POST Request : url=https://compassuol.serverest.dev/usuarios 
 path_url=/usuarios 
 headers={'User-Agent': 'python-requests/2.31.0', 'Accept-Encoding': 'gzip, deflate', 'Accept': '*/*', 'Connection': 'keep-alive', 'Content-Length': '96', 'Content-Type': 'application/json'} 
 body=b'{"nome": "", "email": "qzimmerman@example.net", "password": "Test@123", "administrador": "true"}' 
 </msg>
<msg time="2026-04-10T11:47:16.896065" level="INFO">POST Response : url=https://compassuol.serverest.dev/usuarios 
 status=400, reason=Bad Request 
 headers={'access-control-allow-origin': '*', 'x-dns-prefetch-control': 'off', 'x-frame-options': 'SAMEORIGIN', 'strict-transport-security': 'max-age=15552000; includeSubDomains', 'x-download-options': 'noopen', 'x-content-type-options': 'nosniff', 'x-xss-protection': '1; mode=block', 'content-type': 'application/json; charset=utf-8', 'x-cloud-trace-context': '0cad2c5c6a9d88ef24e30a8d60b2551b', 'date': 'Fri, 10 Apr 2026 14:47:13 GMT', 'server': 'Google Frontend', 'Content-Length': '48'} 
 body={
    "nome": "nome não pode ficar em branco"
} 
 </msg>
<msg time="2026-04-10T11:47:16.896065" level="INFO">${resp} = &lt;Response [400]&gt;</msg>
<var>${resp}</var>
<arg>${SESSION}</arg>
<arg>/usuarios</arg>
<arg>json=${body}</arg>
<arg>expected_status=any</arg>
<doc>Sends a POST request on a previously created HTTP Session.</doc>
<status status="PASS" start="2026-04-10T11:47:16.664153" elapsed="0.231912"/>
</kw>
<if>
<branch type="IF" condition="${resp.status_code} == 201">
<kw name="Append To List" owner="Collections">
<arg>${USUARIOS_CRIADOS}</arg>
<arg>${resp.json()}[_id]</arg>
<doc>Adds ``values`` to the end of ``list``.</doc>
<status status="NOT RUN" start="2026-04-10T11:47:16.896924" elapsed="0.000000"/>
</kw>
<status status="NOT RUN" start="2026-04-10T11:47:16.896065" elapsed="0.000859"/>
</branch>
<status status="PASS" start="2026-04-10T11:47:16.896065" elapsed="0.000859"/>
</if>
<return>
<value>${resp}</value>
<status status="PASS" start="2026-04-10T11:47:16.896924" elapsed="0.000000"/>
</return>
<msg time="2026-04-10T11:47:16.896924" level="INFO">${resp} = &lt;Response [400]&gt;</msg>
<var>${resp}</var>
<arg>${body}</arg>
<doc>POST /usuarios com payload arbitrário (para cenários negativos).
Registra _id em USUARIOS_CRIADOS se a resposta for 201.
Retorna: response</doc>
<status status="PASS" start="2026-04-10T11:47:16.664153" elapsed="0.232771"/>
</kw>
<if>
<branch type="IF" condition="${resp.status_code} == 201">
<kw name="Registrar Bug Evidenciado" owner="keywords">
<arg>BUG-01 parcial</arg>
<arg>API retornou 201 — nome vazio foi persistido no banco</arg>
<doc>Loga um aviso de BUG confirmado quando a API aceita dados inválidos.
Usado em testes de evidência (não bloqueante per se, mas o assert final falha).</doc>
<status status="NOT RUN" start="2026-04-10T11:47:16.898929" elapsed="0.000000"/>
</kw>
<kw name="Set Variable" owner="BuiltIn">
<var>${id}</var>
<arg>${resp.json()}[_id]</arg>
<doc>Returns the given values which can then be assigned to a variables.</doc>
<status status="NOT RUN" start="2026-04-10T11:47:16.898929" elapsed="0.000000"/>
</kw>
<kw name="Buscar Usuario Por Id" owner="keywords">
<var>${get}</var>
<arg>${id}</arg>
<doc>GET /usuarios/{id} — retorna response completo.</doc>
<status status="NOT RUN" start="2026-04-10T11:47:16.898929" elapsed="0.000000"/>
</kw>
<kw name="Should Be Equal As Strings" owner="BuiltIn">
<arg>${get.json()}[nome]</arg>
<arg>${EMPTY}</arg>
<doc>Fails if objects are unequal after converting them to strings.</doc>
<status status="NOT RUN" start="2026-04-10T11:47:16.898929" elapsed="0.000000"/>
</kw>
<status status="NOT RUN" start="2026-04-10T11:47:16.898929" elapsed="0.000000"/>
</branch>
<status status="PASS" start="2026-04-10T11:47:16.898929" elapsed="0.000000"/>
</if>
<kw name="Validar Status Code" owner="keywords">
<kw name="Should Be Equal As Numbers" owner="BuiltIn">
<msg time="2026-04-10T11:47:16.898929" level="INFO">Argument types are:
&lt;class 'int'&gt;
&lt;class 'str'&gt;</msg>
<arg>${resp.status_code}</arg>
<arg>${status_esperado}</arg>
<doc>Fails if objects are unequal after converting them to real numbers.</doc>
<status status="PASS" start="2026-04-10T11:47:16.898929" elapsed="0.000000"/>
</kw>
<arg>${resp}</arg>
<arg>400</arg>
<doc>Confirma que o status HTTP bate com o esperado.</doc>
<status status="PASS" start="2026-04-10T11:47:16.898929" elapsed="0.000000"/>
</kw>
<doc>BUG-01 parcial: o campo nome com string vazia deveria retornar 400
mas a API aceita e persiste o registro com nome vazio.
Este teste FALHA intencionalmente como evidência do bug.</doc>
<tag>bug</tag>
<tag>BUG-01</tag>
<tag>CT-U07</tag>
<tag>negativo</tag>
<tag>usuario</tag>
<status status="PASS" start="2026-04-10T11:47:16.655322" elapsed="0.243607"/>
</test>
<kw name="Limpar Usuarios Criados" owner="api" type="TEARDOWN">
<for flavor="IN">
<iter>
<kw name="Run Keyword And Ignore Error" owner="BuiltIn">
<kw name="DELETE On Session" owner="RequestsLibrary">
<msg time="2026-04-10T11:47:17.112627" level="INFO">DELETE Request : url=https://compassuol.serverest.dev/usuarios/qVpij4CShXKr3k8J 
 path_url=/usuarios/qVpij4CShXKr3k8J 
 headers={'User-Agent': 'python-requests/2.31.0', 'Accept-Encoding': 'gzip, deflate', 'Accept': '*/*', 'Connection': 'keep-alive', 'Content-Length': '0'} 
 body=None 
 </msg>
<msg time="2026-04-10T11:47:17.112627" level="INFO">DELETE Response : url=https://compassuol.serverest.dev/usuarios/qVpij4CShXKr3k8J 
 status=200, reason=OK 
 headers={'access-control-allow-origin': '*', 'x-dns-prefetch-control': 'off', 'x-frame-options': 'SAMEORIGIN', 'strict-transport-security': 'max-age=15552000; includeSubDomains', 'x-download-options': 'noopen', 'x-content-type-options': 'nosniff', 'x-xss-protection': '1; mode=block', 'content-type': 'application/json; charset=utf-8', 'x-cloud-trace-context': 'bb64f3f522aefac524e30a8d60b25f6e', 'date': 'Fri, 10 Apr 2026 14:47:13 GMT', 'server': 'Google Frontend', 'Content-Length': '51'} 
 body={
    "message": "Registro excluído com sucesso"
} 
 </msg>
<arg>${SESSION}</arg>
<arg>/usuarios/${id}</arg>
<arg>expected_status=any</arg>
<doc>Sends a DELETE request on a previously created HTTP Session.</doc>
<status status="PASS" start="2026-04-10T11:47:16.898929" elapsed="0.213698"/>
</kw>
<arg>DELETE On Session</arg>
<arg>${SESSION}</arg>
<arg>/usuarios/${id}</arg>
<arg>expected_status=any</arg>
<doc>Runs the given keyword with the given arguments and ignores possible error.</doc>
<status status="PASS" start="2026-04-10T11:47:16.898929" elapsed="0.213698"/>
</kw>
<var name="${id}">qVpij4CShXKr3k8J</var>
<status status="PASS" start="2026-04-10T11:47:16.898929" elapsed="0.213698"/>
</iter>
<iter>
<kw name="Run Keyword And Ignore Error" owner="BuiltIn">
<kw name="DELETE On Session" owner="RequestsLibrary">
<msg time="2026-04-10T11:47:18.237416" level="INFO">DELETE Request : url=https://compassuol.serverest.dev/usuarios/IJyRxWRd4AIJlfo3 
 path_url=/usuarios/IJyRxWRd4AIJlfo3 
 headers={'User-Agent': 'python-requests/2.31.0', 'Accept-Encoding': 'gzip, deflate', 'Accept': '*/*', 'Connection': 'keep-alive', 'Content-Length': '0'} 
 body=None 
 </msg>
<msg time="2026-04-10T11:47:18.237416" level="INFO">DELETE Response : url=https://compassuol.serverest.dev/usuarios/IJyRxWRd4AIJlfo3 
 status=200, reason=OK 
 headers={'access-control-allow-origin': '*', 'x-dns-prefetch-control': 'off', 'x-frame-options': 'SAMEORIGIN', 'strict-transport-security': 'max-age=15552000; includeSubDomains', 'x-download-options': 'noopen', 'x-content-type-options': 'nosniff', 'x-xss-protection': '1; mode=block', 'content-type': 'application/json; charset=utf-8', 'x-cloud-trace-context': 'fd057a9b5a78eddc24e30a8d60b25d95', 'date': 'Fri, 10 Apr 2026 14:47:13 GMT', 'server': 'Google Frontend', 'Content-Length': '51'} 
 body={
    "message": "Registro excluído com sucesso"
} 
 </msg>
<arg>${SESSION}</arg>
<arg>/usuarios/${id}</arg>
<arg>expected_status=any</arg>
<doc>Sends a DELETE request on a previously created HTTP Session.</doc>
<status status="PASS" start="2026-04-10T11:47:17.113161" elapsed="1.126268"/>
</kw>
<arg>DELETE On Session</arg>
<arg>${SESSION}</arg>
<arg>/usuarios/${id}</arg>
<arg>expected_status=any</arg>
<doc>Runs the given keyword with the given arguments and ignores possible error.</doc>
<status status="PASS" start="2026-04-10T11:47:17.113161" elapsed="1.126268"/>
</kw>
<var name="${id}">IJyRxWRd4AIJlfo3</var>
<status status="PASS" start="2026-04-10T11:47:17.113161" elapsed="1.126268"/>
</iter>
<iter>
<kw name="Run Keyword And Ignore Error" owner="BuiltIn">
<kw name="DELETE On Session" owner="RequestsLibrary">
<msg time="2026-04-10T11:47:19.365555" level="INFO">DELETE Request : url=https://compassuol.serverest.dev/usuarios/rPgU76L0qR36Br8l 
 path_url=/usuarios/rPgU76L0qR36Br8l 
 headers={'User-Agent': 'python-requests/2.31.0', 'Accept-Encoding': 'gzip, deflate', 'Accept': '*/*', 'Connection': 'keep-alive', 'Content-Length': '0'} 
 body=None 
 </msg>
<msg time="2026-04-10T11:47:19.365555" level="INFO">DELETE Response : url=https://compassuol.serverest.dev/usuarios/rPgU76L0qR36Br8l 
 status=200, reason=OK 
 headers={'access-control-allow-origin': '*', 'x-dns-prefetch-control': 'off', 'x-frame-options': 'SAMEORIGIN', 'strict-transport-security': 'max-age=15552000; includeSubDomains', 'x-download-options': 'noopen', 'x-content-type-options': 'nosniff', 'x-xss-protection': '1; mode=block', 'content-type': 'application/json; charset=utf-8', 'x-cloud-trace-context': '73c5bb4aae522f8924e30a8d60b25c00', 'date': 'Fri, 10 Apr 2026 14:47:14 GMT', 'server': 'Google Frontend', 'Content-Length': '51'} 
 body={
    "message": "Registro excluído com sucesso"
} 
 </msg>
<arg>${SESSION}</arg>
<arg>/usuarios/${id}</arg>
<arg>expected_status=any</arg>
<doc>Sends a DELETE request on a previously created HTTP Session.</doc>
<status status="PASS" start="2026-04-10T11:47:18.239429" elapsed="1.126126"/>
</kw>
<arg>DELETE On Session</arg>
<arg>${SESSION}</arg>
<arg>/usuarios/${id}</arg>
<arg>expected_status=any</arg>
<doc>Runs the given keyword with the given arguments and ignores possible error.</doc>
<status status="PASS" start="2026-04-10T11:47:18.239429" elapsed="1.126126"/>
</kw>
<var name="${id}">rPgU76L0qR36Br8l</var>
<status status="PASS" start="2026-04-10T11:47:18.239429" elapsed="1.126126"/>
</iter>
<iter>
<kw name="Run Keyword And Ignore Error" owner="BuiltIn">
<kw name="DELETE On Session" owner="RequestsLibrary">
<msg time="2026-04-10T11:47:19.571288" level="INFO">DELETE Request : url=https://compassuol.serverest.dev/usuarios/vHr5Ik4icUxMs2dU 
 path_url=/usuarios/vHr5Ik4icUxMs2dU 
 headers={'User-Agent': 'python-requests/2.31.0', 'Accept-Encoding': 'gzip, deflate', 'Accept': '*/*', 'Connection': 'keep-alive', 'Content-Length': '0'} 
 body=None 
 </msg>
<msg time="2026-04-10T11:47:19.571288" level="INFO">DELETE Response : url=https://compassuol.serverest.dev/usuarios/vHr5Ik4icUxMs2dU 
 status=200, reason=OK 
 headers={'access-control-allow-origin': '*', 'x-dns-prefetch-control': 'off', 'x-frame-options': 'SAMEORIGIN', 'strict-transport-security': 'max-age=15552000; includeSubDomains', 'x-download-options': 'noopen', 'x-content-type-options': 'nosniff', 'x-xss-protection': '1; mode=block', 'content-type': 'application/json; charset=utf-8', 'x-cloud-trace-context': '5f0b1f35050ba12224e30a8d60b25fe6', 'date': 'Fri, 10 Apr 2026 14:47:16 GMT', 'server': 'Google Frontend', 'Content-Length': '51'} 
 body={
    "message": "Registro excluído com sucesso"
} 
 </msg>
<arg>${SESSION}</arg>
<arg>/usuarios/${id}</arg>
<arg>expected_status=any</arg>
<doc>Sends a DELETE request on a previously created HTTP Session.</doc>
<status status="PASS" start="2026-04-10T11:47:19.365555" elapsed="0.205733"/>
</kw>
<arg>DELETE On Session</arg>
<arg>${SESSION}</arg>
<arg>/usuarios/${id}</arg>
<arg>expected_status=any</arg>
<doc>Runs the given keyword with the given arguments and ignores possible error.</doc>
<status status="PASS" start="2026-04-10T11:47:19.365555" elapsed="0.205733"/>
</kw>
<var name="${id}">vHr5Ik4icUxMs2dU</var>
<status status="PASS" start="2026-04-10T11:47:19.365555" elapsed="0.205733"/>
</iter>
<iter>
<kw name="Run Keyword And Ignore Error" owner="BuiltIn">
<kw name="DELETE On Session" owner="RequestsLibrary">
<msg time="2026-04-10T11:47:19.779504" level="INFO">DELETE Request : url=https://compassuol.serverest.dev/usuarios/BwQpDvudFKuO3cec 
 path_url=/usuarios/BwQpDvudFKuO3cec 
 headers={'User-Agent': 'python-requests/2.31.0', 'Accept-Encoding': 'gzip, deflate', 'Accept': '*/*', 'Connection': 'keep-alive', 'Content-Length': '0'} 
 body=None 
 </msg>
<msg time="2026-04-10T11:47:19.779504" level="INFO">DELETE Response : url=https://compassuol.serverest.dev/usuarios/BwQpDvudFKuO3cec 
 status=200, reason=OK 
 headers={'access-control-allow-origin': '*', 'x-dns-prefetch-control': 'off', 'x-frame-options': 'SAMEORIGIN', 'strict-transport-security': 'max-age=15552000; includeSubDomains', 'x-download-options': 'noopen', 'x-content-type-options': 'nosniff', 'x-xss-protection': '1; mode=block', 'content-type': 'application/json; charset=utf-8', 'x-cloud-trace-context': '1233661c502da04724e30a8d60b25bcb', 'date': 'Fri, 10 Apr 2026 14:47:16 GMT', 'server': 'Google Frontend', 'Content-Length': '51'} 
 body={
    "message": "Registro excluído com sucesso"
} 
 </msg>
<arg>${SESSION}</arg>
<arg>/usuarios/${id}</arg>
<arg>expected_status=any</arg>
<doc>Sends a DELETE request on a previously created HTTP Session.</doc>
<status status="PASS" start="2026-04-10T11:47:19.571288" elapsed="0.208216"/>
</kw>
<arg>DELETE On Session</arg>
<arg>${SESSION}</arg>
<arg>/usuarios/${id}</arg>
<arg>expected_status=any</arg>
<doc>Runs the given keyword with the given arguments and ignores possible error.</doc>
<status status="PASS" start="2026-04-10T11:47:19.571288" elapsed="0.208216"/>
</kw>
<var name="${id}">BwQpDvudFKuO3cec</var>
<status status="PASS" start="2026-04-10T11:47:19.571288" elapsed="0.208216"/>
</iter>
<var>${id}</var>
<value>@{USUARIOS_CRIADOS}</value>
<status status="PASS" start="2026-04-10T11:47:16.898929" elapsed="2.880575"/>
</for>
<doc>Remove todos os usuários registrados durante a suite.
Idempotente: ignora 404 sem falhar.</doc>
<status status="PASS" start="2026-04-10T11:47:16.898929" elapsed="2.880575"/>
</kw>
<doc>Suite de testes — Domínio /usuarios

Cobertura: CT-U01 · CT-U02 · CT-U03 · CT-U05 · CT-U06 · CT-U07 · CT-U09 · CT-U10

Autor  : Eduardo Neves de Souza · Squad 01 · Compass UOL
Versão : 2.0 (reorganizado com 1 CT por teste e rastreabilidade completa)

─── REFERÊNCIA DE CASOS ────────────────────────────────────────
CT-U01  POST /usuarios — admin válido                    [positivo]
CT-U02  POST /usuarios — email duplicado                 [negativo]
CT-U03  POST /usuarios — campo email ausente             [negativo]
CT-U05  POST /usuarios — XSS no campo nome              [bug/segurança]
CT-U06  POST /usuarios — nome com só especiais           [bug/negativo]
CT-U07  POST /usuarios — nome vazio                     [bug/negativo]
CT-U09  GET  /usuarios — filtro sem correspondência      [negativo]
CT-U10  PUT  /usuarios/:id — UPSERT com ID inexistente  [regra de negócio]
────────────────────────────────────────────────────────────────</doc>
<status status="FAIL" start="2026-04-10T11:47:12.240469" elapsed="7.539035"/>
</suite>
<status status="FAIL" start="2026-04-10T11:47:12.220441" elapsed="7.559063"/>
</suite>
<statistics>
<total>
<stat pass="6" fail="2" skip="0">All Tests</stat>
</total>
<tag>
<stat pass="1" fail="2" skip="0">bug</stat>
<stat pass="1" fail="1" skip="0">BUG-01</stat>
<stat pass="0" fail="1" skip="0">BUG-02</stat>
<stat pass="1" fail="0" skip="0">CT-U01</stat>
<stat pass="1" fail="0" skip="0">CT-U02</stat>
<stat pass="1" fail="0" skip="0">CT-U03</stat>
<stat pass="0" fail="1" skip="0">CT-U05</stat>
<stat pass="0" fail="1" skip="0">CT-U06</stat>
<stat pass="1" fail="0" skip="0">CT-U07</stat>
<stat pass="1" fail="0" skip="0">CT-U09</stat>
<stat pass="1" fail="0" skip="0">CT-U10</stat>
<stat pass="4" fail="1" skip="0">negativo</stat>
<stat pass="1" fail="0" skip="0">positivo</stat>
<stat pass="1" fail="0" skip="0">regra</stat>
<stat pass="0" fail="1" skip="0">seguranca</stat>
<stat pass="1" fail="0" skip="0">upsert</stat>
<stat pass="6" fail="2" skip="0">usuario</stat>
<stat pass="0" fail="1" skip="0">xss</stat>
</tag>
<suite>
<stat pass="6" fail="2" skip="0" id="s1" name="Tests">Tests</stat>
<stat pass="6" fail="2" skip="0" id="s1-s1" name="Usuarios">Tests.Usuarios</stat>
</suite>
</statistics>
<errors>
<msg time="2026-04-10T11:47:16.403095" level="WARN">BUG-01 CONFIRMADO: API retornou 201 — payload XSS no campo nome foi persistido no banco</msg>
<msg time="2026-04-10T11:47:16.655322" level="WARN">BUG-02 CONFIRMADO: API retornou 201 — nome semanticamente inválido (@@@@@@) foi aceito</msg>
</errors>
</robot>
